Nmol= 1 Cloc= 5.9358086097330275e-22
tVC= 1.7255e-12
9.465855307640299e-08 1.7255e-12
0.013272093647190362
A0= 2.785228307068387e-10 xB= 1.1707625865422355e-23 kbare= 4e-07 k0= 4e-07 VB= 9.726773639877524e-20 maxk= 1669.980880534421
tIVR= 1e-12
tVC= 1.7255e-12
tw0= 1.6678204759907603e-13 tIVR= 1e-12 tVC= 1.7255e-12 trep= 0.001
1.6678204759907603e-13 1e-12 1.7255e-12 0.001
[5.99584916, 1.7255, 579542161.6922631]
2
1.7255e-11 103458 1000
Ei= 0.0
Tt1 min: 295.0 max: 295.0 mean: 295.0
Tt1 unique values: [295.]
Tt2 min: 295.0 max: 295.0 mean: 295.0
Tt2 unique values: [295.]
D2Xt1 min: 3.093766291403257e-48 max: 3.093766291403257e-48 mean: 3.0937662914032565e-48
D2Xt1 unique values: [3.09376629e-48]
D2Xt2 min: 3.093766291403257e-48 max: 3.093766291403257e-48 mean: 3.0937662914032565e-48
D2Xt2 unique values: [3.09376629e-48]
VB= 9.726773639877524e-20 hw0= 3.972891714297857e-21 kBT= 4.07291455e-21
len(kt): 104457 len(t): 104457
VB= 9.726773639877524e-20 hw0= 3.972891714297857e-21 kBT= 4.07291455e-21
len(kt): 104457 len(t): 104457
k0ToutAvg= 3.999999999999971e-07
k0TlocAvg= 3.999999999999971e-07
kt1
VB= 9.726773639877524e-20 hw0= 3.972891714297857e-21 kBT= 4.07291455e-21
kt2
VB= 9.726773639877524e-20 hw0= 3.972891714297857e-21 kBT= 4.07291455e-21
VB= 9.726773639877524e-20 hw0= 3.972891714297857e-21 kBT= 4.07291455e-21
kt1 min: 3.999999999999972e-07 max: 3.999999999999972e-07 mean: 3.9999999999999707e-07
kt1 unique values: [4.e-07]
kt2 min: 3.9999999999999707e-07 max: 3.9999999999999707e-07 mean: 3.99999999999997e-07
kt2 unique values: [4.e-07]
len(kt): 103458 len(t): 103458
kavg1= 3.9999999999999707e-07
len(kt): 999 len(t): 999
kavg2= 3.99999999999997e-07
len(kt): 104457 len(t): 104457
kavg= 3.99999999999997e-07
ModeSe= 0.0 TempInd= 0.0 Deltakk= 0.0
Ei= 2.7567003731862686e-21
Tt1 min: 295.0 max: 297.2061971224177 mean: 295.4643640726197
Tt1 unique values: [295.         295.00000005 295.00000024 ... 297.20619506 297.20619653
 297.20619712]
Tt2 min: 295.0 max: 295.0005011865572 mean: 295.0000005011866
Tt2 unique values: [295.         295.00050119]
D2Xt1 min: 3.093766291403257e-48 max: 3.113615888087491e-48 mean: 3.097943463104547e-48
D2Xt1 unique values: [3.09376629e-48 3.09376629e-48 3.09376629e-48 ... 3.11361587e-48
 3.11361588e-48 3.11361589e-48]
D2Xt2 min: 3.093766291403257e-48 max: 3.093770798066913e-48 mean: 3.0937662959099205e-48
D2Xt2 unique values: [3.09376629e-48 3.09377080e-48]
VB= 9.726773639877524e-20 hw0= 3.972891714297857e-21 kBT= 4.07291455e-21
len(kt): 104457 len(t): 104457
VB= 9.726773639877524e-20 hw0= 3.972891714297857e-21 kBT= 4.07291455e-21
len(kt): 104457 len(t): 104457
k0ToutAvg= 3.999999999999971e-07
k0TlocAvg= 4.000000066760024e-07
kt1
VB= 9.726773639877524e-20 hw0= 3.972891714297857e-21 kBT= 4.07291455e-21
kt2
VB= 9.726773639877524e-20 hw0= 3.972891714297857e-21 kBT= 4.07291455e-21
VB= 9.726773639877524e-20 hw0= 3.972891714297857e-21 kBT= 4.07291455e-21
kt1 min: 1.667605450223241e-10 max: 0.0004134281599188077 mean: 2.1195625493860984e-06
kt1 unique values: [1.66760545e-10 1.66767868e-10 1.66803766e-10 ... 4.13349608e-04
 4.13392145e-04 4.13428160e-04]
kt2 min: 3.9999999999999707e-07 max: 3.9999999999999707e-07 mean: 3.99999999999997e-07
kt2 unique values: [4.e-07]
len(kt): 103458 len(t): 103458
kavg1= 2.1177910745245657e-06
len(kt): 999 len(t): 999
kavg2= 3.99999999999997e-07
len(kt): 104457 len(t): 104457
kavg= 4.0000003452909447e-07
ModeSe= 6.963273020906695e-08 TempInd= 1.669001316096631e-08 Deltakk= 8.632274337003326e-08
Ei= 5.513400746372537e-21
Tt1 min: 295.0 max: 299.412394167865 mean: 295.92872812876806
Tt1 unique values: [295.         295.00000009 295.00000043 ... 299.41239004 299.41239299
 299.41239417]
Tt2 min: 295.0 max: 295.00100237310585 mean: 295.0000010023731
Tt2 unique values: [295.         295.00100237]
D2Xt1 min: 3.093766291403257e-48 max: 3.1334881670561564e-48 mean: 3.10212383089707e-48
D2Xt1 unique values: [3.09376629e-48 3.09376629e-48 3.09376630e-48 ... 3.13348813e-48
 3.13348816e-48 3.13348817e-48]
D2Xt2 min: 3.093766291403257e-48 max: 3.093775304731687e-48 mean: 3.093766300416585e-48
D2Xt2 unique values: [3.09376629e-48 3.09377530e-48]
VB= 9.726773639877524e-20 hw0= 3.972891714297857e-21 kBT= 4.07291455e-21
len(kt): 104457 len(t): 104457
VB= 9.726773639877524e-20 hw0= 3.972891714297857e-21 kBT= 4.07291455e-21
len(kt): 104457 len(t): 104457
k0ToutAvg= 3.999999999999971e-07
k0TlocAvg= 4.0000001337191166e-07
kt1
VB= 9.726773639877524e-20 hw0= 3.972891714297857e-21 kBT= 4.07291455e-21
kt2
VB= 9.726773639877524e-20 hw0= 3.972891714297857e-21 kBT= 4.07291455e-21
VB= 9.726773639877524e-20 hw0= 3.972891714297857e-21 kBT= 4.07291455e-21
kt1 min: 4.882647332418997e-12 max: 0.005118266742899813 mean: 1.4365318759578856e-05
kt1 unique values: [4.88264733e-12 4.88279150e-12 4.88463876e-12 ... 5.11634514e-03
 5.11825285e-03 5.11826674e-03]
kt2 min: 3.9999999999999707e-07 max: 3.9999999999999707e-07 mean: 3.99999999999997e-07
kt2 unique values: [4.e-07]
len(kt): 103458 len(t): 103458
kavg1= 1.4344469148421895e-05
len(kt): 999 len(t): 999
kavg2= 3.99999999999997e-07
len(kt): 104457 len(t): 104457
kavg= 4.0000025135839636e-07
ModeSe= 5.949662117641658e-07 TempInd= 3.342978633121026e-08 Deltakk= 6.28395998095376e-07
Ei= 8.270101119558806e-21
Tt1 min: 295.0 max: 301.61859121235307 mean: 296.39309218471107
Tt1 unique values: [295.         295.00000011 295.0000006  ... 301.61858503 301.61858944
 301.61859121]
Tt2 min: 295.0 max: 295.00150355965644 mean: 295.00000150355964
Tt2 unique values: [295.         295.00150356]
D2Xt1 min: 3.093766291403257e-48 max: 3.1533826612780547e-48 mean: 3.106307342360825e-48
D2Xt1 unique values: [3.09376629e-48 3.09376629e-48 3.09376630e-48 ... 3.15338261e-48
 3.15338265e-48 3.15338266e-48]
D2Xt2 min: 3.093766291403257e-48 max: 3.0937798113976735e-48 mean: 3.0937663049232513e-48
D2Xt2 unique values: [3.09376629e-48 3.09377981e-48]
VB= 9.726773639877524e-20 hw0= 3.972891714297857e-21 kBT= 4.07291455e-21
len(kt): 104457 len(t): 104457
VB= 9.726773639877524e-20 hw0= 3.972891714297857e-21 kBT= 4.07291455e-21
len(kt): 104457 len(t): 104457
k0ToutAvg= 3.999999999999971e-07
k0TlocAvg= 4.0000002008965145e-07
kt1
VB= 9.726773639877524e-20 hw0= 3.972891714297857e-21 kBT= 4.07291455e-21
kt2
VB= 9.726773639877524e-20 hw0= 3.972891714297857e-21 kBT= 4.07291455e-21
VB= 9.726773639877524e-20 hw0= 3.972891714297857e-21 kBT= 4.07291455e-21
kt1 min: 2.888006061988906e-13 max: 0.03062076140477306 mean: 6.80204968009363e-05
kt1 unique values: [2.88800606e-13 2.88878816e-13 2.88879444e-13 ... 3.06082085e-02
 3.06195539e-02 3.06207614e-02]
kt2 min: 3.9999999999999707e-07 max: 3.9999999999999707e-07 mean: 3.99999999999997e-07
kt2 unique values: [4.e-07]
len(kt): 103458 len(t): 103458
kavg1= 6.79012483807812e-05
len(kt): 999 len(t): 999
kavg2= 3.99999999999997e-07
len(kt): 104457 len(t): 104457
kavg= 4.000011814982604e-07
ModeSe= 2.9035215223370426e-06 TempInd= 5.022413581947928e-08 Deltakk= 2.953745658156522e-06
Ei= 1.1026801492745075e-20
Tt1 min: 295.0 max: 303.82478825713054 mean: 296.85745624071444
Tt1 unique values: [295.         295.00000013 295.00000077 ... 303.82478001 303.82478589
 303.82478826]
Tt2 min: 295.0 max: 295.0020047462058 mean: 295.00000200474625
Tt2 unique values: [295.         295.00200475]
D2Xt1 min: 3.093766291403257e-48 max: 3.173298915602112e-48 mean: 3.110493946135978e-48
D2Xt1 unique values: [3.09376629e-48 3.09376629e-48 3.09376630e-48 ... 3.17329884e-48
 3.17329889e-48 3.17329892e-48]
D2Xt2 min: 3.093766291403257e-48 max: 3.093784318064844e-48 mean: 3.093766309429918e-48
D2Xt2 unique values: [3.09376629e-48 3.09378432e-48]
VB= 9.726773639877524e-20 hw0= 3.972891714297857e-21 kBT= 4.07291455e-21
len(kt): 104457 len(t): 104457
VB= 9.726773639877524e-20 hw0= 3.972891714297857e-21 kBT= 4.07291455e-21
len(kt): 104457 len(t): 104457
k0ToutAvg= 3.999999999999971e-07
k0TlocAvg= 4.000000268313238e-07
kt1
VB= 9.726773639877524e-20 hw0= 3.972891714297857e-21 kBT= 4.07291455e-21
kt2
VB= 9.726773639877524e-20 hw0= 3.972891714297857e-21 kBT= 4.07291455e-21
VB= 9.726773639877524e-20 hw0= 3.972891714297857e-21 kBT= 4.07291455e-21
kt1 min: 2.4625442437496602e-14 max: 0.12576407499672046 mean: 0.0002448002608567262
kt1 unique values: [2.46254424e-14 2.46260550e-14 2.46404708e-14 ... 1.25705863e-01
 1.25758793e-01 1.25764075e-01]
kt2 min: 3.9999999999999707e-07 max: 3.9999999999999707e-07 mean: 3.99999999999997e-07
kt2 unique values: [4.e-07]
len(kt): 103458 len(t): 103458
kavg1= 0.00024433042472076964
len(kt): 999 len(t): 999
kavg2= 3.99999999999997e-07
len(kt): 104457 len(t): 104457
kavg= 4.0000423188401735e-07
ModeSe= 1.05126317338903e-05 TempInd= 6.707831667111767e-08 Deltakk= 1.0579710050561418e-05
Ei= 1.3783501865931344e-20
Tt1 min: 295.0 max: 306.0309853100116 mean: 297.3218202984536
Tt1 unique values: [295.         295.00000016 295.00000094 ... 306.030975   306.03098235
 306.03098531]
Tt2 min: 295.0 max: 295.0025059327559 mean: 295.00000250593274
Tt2 unique values: [295.         295.00250593]
D2Xt1 min: 3.093766291403257e-48 max: 3.193236487078557e-48 mean: 3.114683592044635e-48
D2Xt1 unique values: [3.09376629e-48 3.09376629e-48 3.09376630e-48 ... 3.19323639e-48
 3.19323646e-48 3.19323649e-48]
D2Xt2 min: 3.093766291403257e-48 max: 3.093788824733217e-48 mean: 3.0937663139365864e-48
D2Xt2 unique values: [3.09376629e-48 3.09378882e-48]
VB= 9.726773639877524e-20 hw0= 3.972891714297857e-21 kBT= 4.07291455e-21
len(kt): 104457 len(t): 104457
VB= 9.726773639877524e-20 hw0= 3.972891714297857e-21 kBT= 4.07291455e-21
len(kt): 104457 len(t): 104457
k0ToutAvg= 3.999999999999971e-07
k0TlocAvg= 4.000000335992212e-07
kt1
VB= 9.726773639877524e-20 hw0= 3.972891714297857e-21 kBT= 4.07291455e-21
kt2
VB= 9.726773639877524e-20 hw0= 3.972891714297857e-21 kBT= 4.07291455e-21
VB= 9.726773639877524e-20 hw0= 3.972891714297857e-21 kBT= 4.07291455e-21
kt1 min: 2.6549865298150078e-15 max: 0.4062701642679337 mean: 0.0007254420245689658
kt1 unique values: [2.65498653e-15 2.65565268e-15 2.65622562e-15 ... 4.06051872e-01
 4.06265022e-01 4.06270164e-01]
kt2 min: 3.9999999999999707e-07 max: 3.9999999999999707e-07 mean: 3.99999999999997e-07
kt2 unique values: [4.e-07]
len(kt): 103458 len(t): 103458
kavg1= 0.0007239829878006825
len(kt): 999 len(t): 999
kavg2= 3.99999999999997e-07
len(kt): 104457 len(t): 104457
kavg= 4.0001251444223697e-07
ModeSe= 3.120210753935643e-05 TempInd= 8.399806025515373e-08 Deltakk= 3.1286105599611586e-05
Ei= 1.654020223911761e-20
Tt1 min: 295.0 max: 308.2371823375231 mean: 297.786184350765
Tt1 unique values: [295.         295.00000019 295.00000109 ... 308.23716997 308.23717879
 308.23718234]
Tt2 min: 295.0 max: 295.00300711930396 mean: 295.0000030071193
Tt2 unique values: [295.         295.00300712]
D2Xt1 min: 3.093766291403257e-48 max: 3.2131949441313193e-48 mean: 3.1188762309646895e-48
D2Xt1 unique values: [3.09376629e-48 3.09376629e-48 3.09376630e-48 ... 3.21319483e-48
 3.21319491e-48 3.21319494e-48]
D2Xt2 min: 3.093766291403257e-48 max: 3.0937933314027674e-48 mean: 3.093766318443256e-48
D2Xt2 unique values: [3.09376629e-48 3.09379333e-48]
VB= 9.726773639877524e-20 hw0= 3.972891714297857e-21 kBT= 4.07291455e-21
len(kt): 104457 len(t): 104457
VB= 9.726773639877524e-20 hw0= 3.972891714297857e-21 kBT= 4.07291455e-21
len(kt): 104457 len(t): 104457
k0ToutAvg= 3.999999999999971e-07
k0TlocAvg= 4.000000403958409e-07
kt1
VB= 9.726773639877524e-20 hw0= 3.972891714297857e-21 kBT= 4.07291455e-21
kt2
VB= 9.726773639877524e-20 hw0= 3.972891714297857e-21 kBT= 4.07291455e-21
VB= 9.726773639877524e-20 hw0= 3.972891714297857e-21 kBT= 4.07291455e-21
kt1 min: 3.3847837439515705e-16 max: 1.1068914457540096 mean: 0.001860796199063996
kt1 unique values: [3.38478374e-16 3.38561600e-16 3.38663420e-16 ... 1.10628624e+00
 1.10684596e+00 1.10689145e+00]
kt2 min: 3.9999999999999707e-07 max: 3.9999999999999707e-07 mean: 3.99999999999997e-07
kt2 unique values: [4.e-07]
len(kt): 103458 len(t): 103458
kavg1= 0.001856969925265565
len(kt): 999 len(t): 999
kavg2= 3.99999999999997e-07
len(kt): 104457 len(t): 104457
kavg= 4.000320703227335e-07
ModeSe= 8.007481723143211e-05 TempInd= 1.0098960946910649e-07 Deltakk= 8.017580684090122e-05
Ei= 1.9296902612303882e-20
Tt1 min: 295.0 max: 310.44337938022437 mean: 298.2505484063236
Tt1 unique values: [295.         295.00000021 295.00000125 ... 310.44336495 310.44337524
 310.44337938]
Tt2 min: 295.0 max: 295.0035083058553 mean: 295.0000035083059
Tt2 unique values: [295.         295.00350831]
D2Xt1 min: 3.093766291403257e-48 max: 3.233173867221166e-48 mean: 3.123071815020123e-48
D2Xt1 unique values: [3.09376629e-48 3.09376629e-48 3.09376630e-48 ... 3.23317374e-48
 3.23317383e-48 3.23317387e-48]
D2Xt2 min: 3.093766291403257e-48 max: 3.0937978380735414e-48 mean: 3.093766322949927e-48
D2Xt2 unique values: [3.09376629e-48 3.09379784e-48]
VB= 9.726773639877524e-20 hw0= 3.972891714297857e-21 kBT= 4.07291455e-21
len(kt): 104457 len(t): 104457
VB= 9.726773639877524e-20 hw0= 3.972891714297857e-21 kBT= 4.07291455e-21
len(kt): 104457 len(t): 104457
k0ToutAvg= 3.999999999999971e-07
k0TlocAvg= 4.0000004722390124e-07
kt1
VB= 9.726773639877524e-20 hw0= 3.972891714297857e-21 kBT= 4.07291455e-21
kt2
VB= 9.726773639877524e-20 hw0= 3.972891714297857e-21 kBT= 4.07291455e-21
VB= 9.726773639877524e-20 hw0= 3.972891714297857e-21 kBT= 4.07291455e-21
kt1 min: 4.902781296610381e-17 max: 2.6510770136084356 mean: 0.004266489699610247
kt1 unique values: [4.90278130e-17 4.90280918e-17 4.90698159e-17 ... 2.64973272e+00
 2.65077871e+00 2.65107701e+00]
kt2 min: 3.9999999999999707e-07 max: 3.9999999999999707e-07 mean: 3.99999999999997e-07
kt2 unique values: [4.e-07]
len(kt): 103458 len(t): 103458
kavg1= 0.004257661603211762
len(kt): 999 len(t): 999
kavg2= 3.99999999999997e-07
len(kt): 104457 len(t): 104457
kavg= 4.000735004770991e-07
ModeSe= 0.00018363313299461868 TempInd= 1.1805976029653979e-07 Deltakk= 0.00018375119275491523
Ei= 2.205360298549015e-20
Tt1 min: 295.0 max: 312.64957642384627 mean: 298.7149124620817
Tt1 unique values: [295.         295.00000023 295.00000142 ... 312.64955993 312.64957169
 312.64957642]
Tt2 min: 295.0 max: 295.0040094924059 mean: 295.0000040094924
Tt2 unique values: [295.         295.00400949]
D2Xt1 min: 3.093766291403257e-48 max: 3.2531728473149487e-48 mean: 3.127270297300857e-48
D2Xt1 unique values: [3.09376629e-48 3.09376629e-48 3.09376630e-48 ... 3.25317270e-48
 3.25317280e-48 3.25317285e-48]
D2Xt2 min: 3.093766291403257e-48 max: 3.093802344745505e-48 mean: 3.093766327456599e-48
D2Xt2 unique values: [3.09376629e-48 3.09380234e-48]
VB= 9.726773639877524e-20 hw0= 3.972891714297857e-21 kBT= 4.07291455e-21
len(kt): 104457 len(t): 104457
VB= 9.726773639877524e-20 hw0= 3.972891714297857e-21 kBT= 4.07291455e-21
len(kt): 104457 len(t): 104457
k0ToutAvg= 3.999999999999971e-07
k0TlocAvg= 4.000000540863585e-07
kt1
VB= 9.726773639877524e-20 hw0= 3.972891714297857e-21 kBT= 4.07291455e-21
kt2
VB= 9.726773639877524e-20 hw0= 3.972891714297857e-21 kBT= 4.07291455e-21
VB= 9.726773639877524e-20 hw0= 3.972891714297857e-21 kBT= 4.07291455e-21
kt1 min: 7.858980836964497e-18 max: 5.734436285188551 mean: 0.00893805932405679
kt1 unique values: [7.85898084e-18 7.86093893e-18 7.86432535e-18 ... 5.73185086e+00
 5.73331440e+00 5.73443629e+00]
kt2 min: 3.9999999999999707e-07 max: 3.9999999999999707e-07 mean: 3.99999999999997e-07
kt2 unique values: [4.e-07]
len(kt): 103458 len(t): 103458
kavg1= 0.008919654657893515
len(kt): 999 len(t): 999
kavg2= 3.99999999999997e-07
len(kt): 104457 len(t): 104457
kavg= 4.001539494093794e-07
ModeSe= 0.00038473830755222867 TempInd= 1.3521590349696514e-07 Deltakk= 0.00038487352345572564
Ei= 2.4810303358676417e-20
Tt1 min: 295.0 max: 314.855773467458 mean: 299.17927651783725
Tt1 unique values: [295.         295.00000025 295.00000158 ... 314.85575491 314.85576815
 314.85577347]
Tt2 min: 295.0 max: 295.0045106789549 mean: 295.00000451067893
Tt2 unique values: [295.         295.00451068]
D2Xt1 min: 3.093766291403257e-48 max: 3.27319148615022e-48 mean: 3.131471631963948e-48
D2Xt1 unique values: [3.09376629e-48 3.09376629e-48 3.09376631e-48 ... 3.27319132e-48
 3.27319144e-48 3.27319149e-48]
D2Xt2 min: 3.093766291403257e-48 max: 3.0938068514186494e-48 mean: 3.093766331963272e-48
D2Xt2 unique values: [3.09376629e-48 3.09380685e-48]
VB= 9.726773639877524e-20 hw0= 3.972891714297857e-21 kBT= 4.07291455e-21
len(kt): 104457 len(t): 104457
VB= 9.726773639877524e-20 hw0= 3.972891714297857e-21 kBT= 4.07291455e-21
len(kt): 104457 len(t): 104457
k0ToutAvg= 3.999999999999971e-07
k0TlocAvg= 4.0000006098642465e-07
kt1
VB= 9.726773639877524e-20 hw0= 3.972891714297857e-21 kBT= 4.07291455e-21
kt2
VB= 9.726773639877524e-20 hw0= 3.972891714297857e-21 kBT= 4.07291455e-21
VB= 9.726773639877524e-20 hw0= 3.972891714297857e-21 kBT= 4.07291455e-21
kt1 min: 1.3693958570200514e-18 max: 11.414620524198128 mean: 0.017379404977745615
kt1 unique values: [1.36939586e-18 1.37004753e-18 1.37010169e-18 ... 1.14102349e+01
 1.14113661e+01 1.14146205e+01]
kt2 min: 3.9999999999999707e-07 max: 3.9999999999999707e-07 mean: 3.99999999999997e-07
kt2 unique values: [4.e-07]
len(kt): 103458 len(t): 103458
kavg1= 0.017344086124183724
len(kt): 999 len(t): 999
kavg2= 3.99999999999997e-07
len(kt): 104457 len(t): 104457
kavg= 4.002993192350043e-07
ModeSe= 0.0007481456214490977 TempInd= 1.5246606881037357e-07 Deltakk= 0.0007482980875179081
Ei= 2.756700373186269e-20
Tt1 min: 295.0 max: 317.0619705119272 mean: 299.6436405737749
Tt1 unique values: [295.         295.00000027 295.00000174 ... 317.0619499  317.0619646
 317.06197051]
Tt2 min: 295.0 max: 295.00501186550565 mean: 295.00000501186554
Tt2 unique values: [295.         295.00501187]
D2Xt1 min: 3.093766291403257e-48 max: 3.2932293957923945e-48 mean: 3.135675774182132e-48
D2Xt1 unique values: [3.09376629e-48 3.09376629e-48 3.09376631e-48 ... 3.29322921e-48
 3.29322934e-48 3.29322940e-48]
D2Xt2 min: 3.093766291403257e-48 max: 3.093811358093004e-48 mean: 3.0937663364699467e-48
D2Xt2 unique values: [3.09376629e-48 3.09381136e-48]
VB= 9.726773639877524e-20 hw0= 3.972891714297857e-21 kBT= 4.07291455e-21
len(kt): 104457 len(t): 104457
VB= 9.726773639877524e-20 hw0= 3.972891714297857e-21 kBT= 4.07291455e-21
len(kt): 104457 len(t): 104457
k0ToutAvg= 3.999999999999971e-07
k0TlocAvg= 4.0000006792758675e-07
kt1
VB= 9.726773639877524e-20 hw0= 3.972891714297857e-21 kBT= 4.07291455e-21
kt2
VB= 9.726773639877524e-20 hw0= 3.972891714297857e-21 kBT= 4.07291455e-21
VB= 9.726773639877524e-20 hw0= 3.972891714297857e-21 kBT= 4.07291455e-21
kt1 min: 2.5597335865739808e-19 max: 21.196982883247877 mean: 0.031733797881010765
kt1 unique values: [2.55973359e-19 2.56039856e-19 2.56175785e-19 ... 2.11890106e+01
 2.11903586e+01 2.11969829e+01]
kt2 min: 3.9999999999999707e-07 max: 3.9999999999999707e-07 mean: 3.99999999999997e-07
kt2 unique values: [4.e-07]
len(kt): 103458 len(t): 103458
kavg1= 0.03167056225930126
len(kt): 999 len(t): 999
kavg2= 3.99999999999997e-07
len(kt): 104457 len(t): 104457
kavg= 4.00546528856952e-07
ModeSe= 0.0013661523234131331 TempInd= 1.6981897405867694e-07 Deltakk= 0.0013663221423871918
Ei= 3.0323704105048955e-20
Tt1 min: 295.0 max: 319.2681675560842 mean: 300.1080046296467
Tt1 unique values: [295.         295.00000029 295.00000191 ... 319.26814488 319.26816105
 319.26816756]
Tt2 min: 295.0 max: 295.00551305205454 mean: 295.00000551305203
Tt2 unique values: [295.         295.00551305]
D2Xt1 min: 3.093766291403257e-48 max: 3.31328619827395e-48 mean: 3.1398826801081194e-48
D2Xt1 unique values: [3.09376629e-48 3.09376629e-48 3.09376631e-48 ... 3.31328599e-48
 3.31328614e-48 3.31328620e-48]
D2Xt2 min: 3.093766291403257e-48 max: 3.093815864768538e-48 mean: 3.0937663409766215e-48
D2Xt2 unique values: [3.09376629e-48 3.09381586e-48]
VB= 9.726773639877524e-20 hw0= 3.972891714297857e-21 kBT= 4.07291455e-21
len(kt): 104457 len(t): 104457
VB= 9.726773639877524e-20 hw0= 3.972891714297857e-21 kBT= 4.07291455e-21
len(kt): 104457 len(t): 104457
k0ToutAvg= 3.999999999999971e-07
k0TlocAvg= 4.000000749136267e-07
kt1
VB= 9.726773639877524e-20 hw0= 3.972891714297857e-21 kBT= 4.07291455e-21
kt2
VB= 9.726773639877524e-20 hw0= 3.972891714297857e-21 kBT= 4.07291455e-21
VB= 9.726773639877524e-20 hw0= 3.972891714297857e-21 kBT= 4.07291455e-21
kt1 min: 5.0819010258554695e-20 max: 37.1036940340887 mean: 0.054904141945380215
kt1 unique values: [5.08190103e-20 5.08207339e-20 5.08735662e-20 ... 3.70864684e+01
 3.70947686e+01 3.71036940e+01]
kt2 min: 3.9999999999999707e-07 max: 3.9999999999999707e-07 mean: 3.99999999999997e-07
kt2 unique values: [4.e-07]
len(kt): 103458 len(t): 103458
kavg1= 0.054797429306938435
len(kt): 999 len(t): 999
kavg2= 3.99999999999997e-07
len(kt): 104457 len(t): 104457
kavg= 4.009455892374001e-07
ModeSe= 0.002363785809433431 TempInd= 1.8728407398245117e-07 Deltakk= 0.0023639730935074133
Ei= 3.308040447823522e-20
Tt1 min: 295.0 max: 321.474364600344 mean: 300.57236868554025
Tt1 unique values: [295.         295.00000031 295.00000207 ... 321.47433986 321.47435751
 321.4743646 ]
Tt2 min: 295.0 max: 295.00601423860286 mean: 295.0000060142386
Tt2 unique values: [295.         295.00601424]
D2Xt1 min: 3.093766291403257e-48 max: 3.3333615253133797e-48 mean: 3.1440923068542116e-48
D2Xt1 unique values: [3.09376629e-48 3.09376629e-48 3.09376631e-48 ... 3.33336130e-48
 3.33336146e-48 3.33336153e-48]
D2Xt2 min: 3.093766291403257e-48 max: 3.093820371445262e-48 mean: 3.093766345483298e-48
D2Xt2 unique values: [3.09376629e-48 3.09382037e-48]
VB= 9.726773639877524e-20 hw0= 3.972891714297857e-21 kBT= 4.07291455e-21
len(kt): 104457 len(t): 104457
VB= 9.726773639877524e-20 hw0= 3.972891714297857e-21 kBT= 4.07291455e-21
len(kt): 104457 len(t): 104457
k0ToutAvg= 3.999999999999971e-07
k0TlocAvg= 4.000000819486432e-07
kt1
VB= 9.726773639877524e-20 hw0= 3.972891714297857e-21 kBT= 4.07291455e-21
kt2
VB= 9.726773639877524e-20 hw0= 3.972891714297857e-21 kBT= 4.07291455e-21
VB= 9.726773639877524e-20 hw0= 3.972891714297857e-21 kBT= 4.07291455e-21
kt1 min: 1.0630720852926642e-20 max: 61.71392085852136 mean: 0.0906481942276554
kt1 unique values: [1.06307209e-20 1.06328479e-20 1.06409703e-20 ... 6.16802517e+01
 6.17032641e+01 6.17139209e+01]
kt2 min: 3.9999999999999707e-07 max: 3.9999999999999707e-07 mean: 3.99999999999997e-07
kt2 unique values: [4.e-07]
len(kt): 103458 len(t): 103458
kavg1= 0.090477112316925
len(kt): 999 len(t): 999
kavg2= 3.99999999999997e-07
len(kt): 104457 len(t): 104457
kavg= 4.0156124846883e-07
ModeSe= 0.0039029163004670906 TempInd= 2.0487161516572897e-07 Deltakk= 0.0039031211720822563
Ei= 3.583710485142149e-20
Tt1 min: 295.0 max: 323.6805616445564 mean: 301.0367327414228
Tt1 unique values: [295.         295.00000033 295.00000223 ... 323.68053484 323.68055396
 323.68056164]
Tt2 min: 295.0 max: 295.00651542515345 mean: 295.0000065154252
Tt2 unique values: [295.         295.00651543]
D2Xt1 min: 3.093766291403257e-48 max: 3.3534550179932896e-48 mean: 3.1483046124617354e-48
D2Xt1 unique values: [3.09376629e-48 3.09376629e-48 3.09376631e-48 ... 3.35345477e-48
 3.35345495e-48 3.35345502e-48]
D2Xt2 min: 3.093766291403257e-48 max: 3.0938248781232015e-48 mean: 3.0937663499899767e-48
D2Xt2 unique values: [3.09376629e-48 3.09382488e-48]
VB= 9.726773639877524e-20 hw0= 3.972891714297857e-21 kBT= 4.07291455e-21
len(kt): 104457 len(t): 104457
VB= 9.726773639877524e-20 hw0= 3.972891714297857e-21 kBT= 4.07291455e-21
len(kt): 104457 len(t): 104457
k0ToutAvg= 3.999999999999971e-07
k0TlocAvg= 4.0000008903707356e-07
kt1
VB= 9.726773639877524e-20 hw0= 3.972891714297857e-21 kBT= 4.07291455e-21
kt2
VB= 9.726773639877524e-20 hw0= 3.972891714297857e-21 kBT= 4.07291455e-21
VB= 9.726773639877524e-20 hw0= 3.972891714297857e-21 kBT= 4.07291455e-21
kt1 min: 2.3290953298843496e-21 max: 98.16450724499065 mean: 0.1436352166898917
kt1 unique values: [2.32909533e-21 2.33012242e-21 2.33090231e-21 ... 9.81040015e+01
 9.81534300e+01 9.81645072e+01]
kt2 min: 3.9999999999999707e-07 max: 3.9999999999999707e-07 mean: 3.99999999999997e-07
kt2 unique values: [4.e-07]
len(kt): 103458 len(t): 103458
kavg1= 0.14337300136291764
len(kt): 999 len(t): 999
kavg2= 3.99999999999997e-07
len(kt): 104457 len(t): 104457
kavg= 4.024739733455682e-07
ModeSe= 0.006184710771236651 TempInd= 2.225926910931414e-07 Deltakk= 0.006184933363927745
Ei= 3.8593805224607763e-20
Tt1 min: 295.0 max: 325.88675868922115 mean: 301.50109679740234
Tt1 unique values: [295.         295.00000035 295.00000239 ... 325.88672983 325.88675041
 325.88675869]
Tt2 min: 295.0 max: 295.0070166117043 mean: 295.0000070166117
Tt2 unique values: [295.         295.00701661]
D2Xt1 min: 3.093766291403257e-48 max: 3.373566326480147e-48 mean: 3.1525195558778484e-48
D2Xt1 unique values: [3.09376629e-48 3.09376629e-48 3.09376631e-48 ... 3.37356606e-48
 3.37356625e-48 3.37356633e-48]
D2Xt2 min: 3.093766291403257e-48 max: 3.0938293848023384e-48 mean: 3.093766354496656e-48
D2Xt2 unique values: [3.09376629e-48 3.09382938e-48]
VB= 9.726773639877524e-20 hw0= 3.972891714297857e-21 kBT= 4.07291455e-21
len(kt): 104457 len(t): 104457
VB= 9.726773639877524e-20 hw0= 3.972891714297857e-21 kBT= 4.07291455e-21
len(kt): 104457 len(t): 104457
k0ToutAvg= 3.999999999999971e-07
k0TlocAvg= 4.0000009618371807e-07
kt1
VB= 9.726773639877524e-20 hw0= 3.972891714297857e-21 kBT= 4.07291455e-21
kt2
VB= 9.726773639877524e-20 hw0= 3.972891714297857e-21 kBT= 4.07291455e-21
VB= 9.726773639877524e-20 hw0= 3.972891714297857e-21 kBT= 4.07291455e-21
kt1 min: 5.317828735306321e-22 max: 150.10406338821565 mean: 0.2194529966987168
kt1 unique values: [5.31782874e-22 5.32091313e-22 5.32148594e-22 ... 1.50003000e+02
 1.50094357e+02 1.50104063e+02]
kt2 min: 3.9999999999999707e-07 max: 3.9999999999999707e-07 mean: 3.99999999999997e-07
kt2 unique values: [4.e-07]
len(kt): 103458 len(t): 103458
kavg1= 0.21906681449363075
len(kt): 999 len(t): 999
kavg2= 3.99999999999997e-07
len(kt): 104457 len(t): 104457
kavg= 4.037800764114144e-07
ModeSe= 0.00944995056924083 TempInd= 2.404593023686665e-07 Deltakk= 0.0094501910285432
Ei= 4.135050559779403e-20
Tt1 min: 295.0 max: 328.09295573380837 mean: 301.9654608533666
Tt1 unique values: [295.         295.00000037 295.00000256 ... 328.09292481 328.09294686
 328.09295573]
Tt2 min: 295.0 max: 295.00751779825583 mean: 295.0000075177982
Tt2 unique values: [295.        295.0075178]
D2Xt1 min: 3.093766291403257e-48 max: 3.3936951097282714e-48 mean: 3.1567370969275565e-48
D2Xt1 unique values: [3.09376629e-48 3.09376629e-48 3.09376631e-48 ... 3.39369483e-48
 3.39369503e-48 3.39369511e-48]
D2Xt2 min: 3.093766291403257e-48 max: 3.093833891482677e-48 mean: 3.093766359003336e-48
D2Xt2 unique values: [3.09376629e-48 3.09383389e-48]
VB= 9.726773639877524e-20 hw0= 3.972891714297857e-21 kBT= 4.07291455e-21
len(kt): 104457 len(t): 104457
VB= 9.726773639877524e-20 hw0= 3.972891714297857e-21 kBT= 4.07291455e-21
len(kt): 104457 len(t): 104457
k0ToutAvg= 3.999999999999971e-07
k0TlocAvg= 4.000001033937649e-07
kt1
VB= 9.726773639877524e-20 hw0= 3.972891714297857e-21 kBT= 4.07291455e-21
kt2
VB= 9.726773639877524e-20 hw0= 3.972891714297857e-21 kBT= 4.07291455e-21
VB= 9.726773639877524e-20 hw0= 3.972891714297857e-21 kBT= 4.07291455e-21
kt1 min: 1.2600995465786508e-22 max: 221.59799138866686 mean: 0.3245580328687264
kt1 unique values: [1.26009955e-22 1.26057549e-22 1.26128336e-22 ... 2.21439942e+02
 2.21591019e+02 2.21597991e+02]
kt2 min: 3.9999999999999707e-07 max: 3.9999999999999707e-07 mean: 3.99999999999997e-07
kt2 unique values: [4.e-07]
len(kt): 103458 len(t): 103458
kavg1= 0.32400921101935454
len(kt): 999 len(t): 999
kavg2= 3.99999999999997e-07
len(kt): 104457 len(t): 104457
kavg= 4.055908637918362e-07
ModeSe= 0.013976900995178291 TempInd= 2.584844194490069e-07 Deltakk= 0.01397715947959774
Ei= 4.41072059709803e-20
Tt1 min: 295.0 max: 330.2991527781758 mean: 302.4298249092826
Tt1 unique values: [295.         295.0000004  295.00000272 ... 330.29911979 330.29914332
 330.29915278]
Tt2 min: 295.0 max: 295.00801898480404 mean: 295.00000801898483
Tt2 unique values: [295.         295.00801898]
D2Xt1 min: 3.093766291403257e-48 max: 3.4138410352222116e-48 mean: 3.1609571962925117e-48
D2Xt1 unique values: [3.09376629e-48 3.09376629e-48 3.09376632e-48 ... 3.41384073e-48
 3.41384095e-48 3.41384104e-48]
D2Xt2 min: 3.093766291403257e-48 max: 3.093838398164181e-48 mean: 3.0937663635100176e-48
D2Xt2 unique values: [3.09376629e-48 3.09383840e-48]
VB= 9.726773639877524e-20 hw0= 3.972891714297857e-21 kBT= 4.07291455e-21
len(kt): 104457 len(t): 104457
VB= 9.726773639877524e-20 hw0= 3.972891714297857e-21 kBT= 4.07291455e-21
len(kt): 104457 len(t): 104457
k0ToutAvg= 3.999999999999971e-07
k0TlocAvg= 4.000001106728165e-07
kt1
VB= 9.726773639877524e-20 hw0= 3.972891714297857e-21 kBT= 4.07291455e-21
kt2
VB= 9.726773639877524e-20 hw0= 3.972891714297857e-21 kBT= 4.07291455e-21
VB= 9.726773639877524e-20 hw0= 3.972891714297857e-21 kBT= 4.07291455e-21
kt1 min: 3.088113788807999e-23 max: 316.98709865985677 mean: 0.46616645172825116
kt1 unique values: [3.08811379e-23 3.08863806e-23 3.09180559e-23 ... 3.16754649e+02
 3.16981935e+02 3.16987099e+02]
kt2 min: 3.9999999999999707e-07 max: 3.9999999999999707e-07 mean: 3.99999999999997e-07
kt2 unique values: [4.e-07]
len(kt): 103458 len(t): 103458
kavg1= 0.46541118528905717
len(kt): 999 len(t): 999
kavg2= 3.99999999999997e-07
len(kt): 104457 len(t): 104457
kavg= 4.080307611935462e-07
ModeSe= 0.020076626301824475 TempInd= 2.7668204842099213e-07 Deltakk= 0.020076902983872897
Ei= 4.6863906344166566e-20
Tt1 min: 295.0 max: 332.50534982304373 mean: 302.8941889653048
Tt1 unique values: [295.         295.00000042 295.00000288 ... 332.50531478 332.50533977
 332.50534982]
Tt2 min: 295.0 max: 295.00852017135287 mean: 295.0000085201713
Tt2 unique values: [295.         295.00852017]
D2Xt1 min: 3.093766291403257e-48 max: 3.434003778720321e-48 mean: 3.1651798154888696e-48
D2Xt1 unique values: [3.09376629e-48 3.09376630e-48 3.09376632e-48 ... 3.43400346e-48
 3.43400369e-48 3.43400378e-48]
D2Xt2 min: 3.093766291403257e-48 max: 3.0938429048468864e-48 mean: 3.0937663680167004e-48
D2Xt2 unique values: [3.09376629e-48 3.09384290e-48]
VB= 9.726773639877524e-20 hw0= 3.972891714297857e-21 kBT= 4.07291455e-21
len(kt): 104457 len(t): 104457
VB= 9.726773639877524e-20 hw0= 3.972891714297857e-21 kBT= 4.07291455e-21
len(kt): 104457 len(t): 104457
k0ToutAvg= 3.999999999999971e-07
k0TlocAvg= 4.000001180269174e-07
kt1
VB= 9.726773639877524e-20 hw0= 3.972891714297857e-21 kBT= 4.07291455e-21
kt2
VB= 9.726773639877524e-20 hw0= 3.972891714297857e-21 kBT= 4.07291455e-21
VB= 9.726773639877524e-20 hw0= 3.972891714297857e-21 kBT= 4.07291455e-21
kt1 min: 7.80379459600253e-24 max: 440.70738019130926 mean: 0.6520883210706502
kt1 unique values: [7.80379460e-24 7.80413071e-24 7.81450712e-24 ... 4.40385260e+02
 4.40697707e+02 4.40707380e+02]
kt2 min: 3.9999999999999707e-07 max: 3.9999999999999707e-07 mean: 3.99999999999997e-07
kt2 unique values: [4.e-07]
len(kt): 103458 len(t): 103458
kavg1= 0.6510788635143628
len(kt): 999 len(t): 999
kavg2= 3.99999999999997e-07
len(kt): 104457 len(t): 104457
kavg= 4.112344633236674e-07
ModeSe= 0.028085863241875102 TempInd= 2.950673007494479e-07 Deltakk= 0.02808615830917585
Ei= 4.9620606717352833e-20
Tt1 min: 295.0 max: 334.71154686775577 mean: 303.358553021296
Tt1 unique values: [295.         295.00000044 295.00000304 ... 334.71150976 334.71153623
 334.71154687]
Tt2 min: 295.0 max: 295.0090213579042 mean: 295.00000902135787
Tt2 unique values: [295.         295.00902136]
D2Xt1 min: 3.093766291403257e-48 max: 3.454183023982877e-48 mean: 3.1694049168405597e-48
D2Xt1 unique values: [3.09376629e-48 3.09376630e-48 3.09376632e-48 ... 3.45418268e-48
 3.45418293e-48 3.45418302e-48]
D2Xt2 min: 3.093766291403257e-48 max: 3.093847411530809e-48 mean: 3.0937663725233844e-48
D2Xt2 unique values: [3.09376629e-48 3.09384741e-48]
VB= 9.726773639877524e-20 hw0= 3.972891714297857e-21 kBT= 4.07291455e-21
len(kt): 104457 len(t): 104457
VB= 9.726773639877524e-20 hw0= 3.972891714297857e-21 kBT= 4.07291455e-21
len(kt): 104457 len(t): 104457
k0ToutAvg= 3.999999999999971e-07
k0TlocAvg= 4.0000012546258403e-07
kt1
VB= 9.726773639877524e-20 hw0= 3.972891714297857e-21 kBT= 4.07291455e-21
kt2
VB= 9.726773639877524e-20 hw0= 3.972891714297857e-21 kBT= 4.07291455e-21
VB= 9.726773639877524e-20 hw0= 3.972891714297857e-21 kBT= 4.07291455e-21
kt1 min: 2.0281219795793487e-24 max: 597.0826584732871 mean: 0.8905128748721892
kt1 unique values: [2.02812198e-24 2.02864985e-24 2.03055766e-24 ... 5.96662529e+02
 5.97052206e+02 5.97082658e+02]
kt2 min: 3.9999999999999707e-07 max: 3.9999999999999707e-07 mean: 3.99999999999997e-07
kt2 unique values: [4.e-07]
len(kt): 103458 len(t): 103458
kavg1= 0.8891991725557977
len(kt): 999 len(t): 999
kavg2= 3.99999999999997e-07
len(kt): 104457 len(t): 104457
kavg= 4.1534323560461524e-07
ModeSe= 0.0383577753550783 TempInd= 3.136564672602301e-07 Deltakk= 0.038358089011545554
Ei= 5.2377307090539107e-20
Tt1 min: 295.0 max: 336.9177439125024 mean: 303.8229170772941
Tt1 unique values: [295.         295.00000046 295.00000321 ... 336.91770474 336.91773268
 336.91774391]
Tt2 min: 295.0 max: 295.00952254445224 mean: 295.0000095225445
Tt2 unique values: [295.         295.00952254]
D2Xt1 min: 3.093766291403257e-48 max: 3.474378462549932e-48 mean: 3.173632463461864e-48
D2Xt1 unique values: [3.09376629e-48 3.09376630e-48 3.09376632e-48 ... 3.47437810e-48
 3.47437836e-48 3.47437846e-48]
D2Xt2 min: 3.093766291403257e-48 max: 3.093851918215898e-48 mean: 3.093766377030069e-48
D2Xt2 unique values: [3.09376629e-48 3.09385192e-48]
VB= 9.726773639877524e-20 hw0= 3.972891714297857e-21 kBT= 4.07291455e-21
len(kt): 104457 len(t): 104457
VB= 9.726773639877524e-20 hw0= 3.972891714297857e-21 kBT= 4.07291455e-21
len(kt): 104457 len(t): 104457
k0ToutAvg= 3.999999999999971e-07
k0TlocAvg= 4.000001329868347e-07
kt1
VB= 9.726773639877524e-20 hw0= 3.972891714297857e-21 kBT= 4.07291455e-21
kt2
VB= 9.726773639877524e-20 hw0= 3.972891714297857e-21 kBT= 4.07291455e-21
VB= 9.726773639877524e-20 hw0= 3.972891714297857e-21 kBT= 4.07291455e-21
kt1 min: 5.409896374498149e-25 max: 790.1045847635183 mean: 1.189756252416521
kt1 unique values: [5.40989637e-25 5.41250048e-25 5.41543743e-25 ... 7.89591586e+02
 7.90021001e+02 7.90104585e+02]
kt2 min: 3.9999999999999707e-07 max: 3.9999999999999707e-07 mean: 3.99999999999997e-07
kt2 unique values: [4.e-07]
len(kt): 103458 len(t): 103458
kavg1= 1.1880879401628022
len(kt): 999 len(t): 999
kavg2= 3.99999999999997e-07
len(kt): 104457 len(t): 104457
kavg= 4.205005676437205e-07
ModeSe= 0.05125108664221485 TempInd= 3.324670939761432e-07 Deltakk= 0.051251419109308825
Ei= 5.513400746372537e-20
Tt1 min: 295.0 max: 339.12394095704593 mean: 304.2872811332477
Tt1 unique values: [295.         295.00000048 295.00000337 ... 339.12389972 339.12392913
 339.12394096]
Tt2 min: 295.0 max: 295.0100237310029 mean: 295.000010023731
Tt2 unique values: [295.         295.01002373]
D2Xt1 min: 3.093766291403257e-48 max: 3.494589793495808e-48 mean: 3.177862419234046e-48
D2Xt1 unique values: [3.09376629e-48 3.09376630e-48 3.09376632e-48 ... 3.49458942e-48
 3.49458969e-48 3.49458979e-48]
D2Xt2 min: 3.093766291403257e-48 max: 3.0938564249022044e-48 mean: 3.0937663815367553e-48
D2Xt2 unique values: [3.09376629e-48 3.09385642e-48]
VB= 9.726773639877524e-20 hw0= 3.972891714297857e-21 kBT= 4.07291455e-21
len(kt): 104457 len(t): 104457
VB= 9.726773639877524e-20 hw0= 3.972891714297857e-21 kBT= 4.07291455e-21
len(kt): 104457 len(t): 104457
k0ToutAvg= 3.999999999999971e-07
k0TlocAvg= 4.000001406072225e-07
kt1
VB= 9.726773639877524e-20 hw0= 3.972891714297857e-21 kBT= 4.07291455e-21
kt2
VB= 9.726773639877524e-20 hw0= 3.972891714297857e-21 kBT= 4.07291455e-21
VB= 9.726773639877524e-20 hw0= 3.972891714297857e-21 kBT= 4.07291455e-21
kt1 min: 1.478322288185759e-25 max: 1023.2157636460712 mean: 1.557986300039625
kt1 unique values: [1.47832229e-25 1.47936580e-25 1.47956872e-25 ... 1.02263677e+03
 1.02302296e+03 1.02321576e+03]
kt2 min: 3.9999999999999707e-07 max: 3.9999999999999707e-07 mean: 3.99999999999997e-07
kt2 unique values: [4.e-07]
len(kt): 103458 len(t): 103458
kavg1= 1.5559149396080516
len(kt): 999 len(t): 999
kavg2= 3.99999999999997e-07
len(kt): 104457 len(t): 104457
kavg= 4.2684742887838066e-07
ModeSe= 0.06711822067789594 TempInd= 3.5151806337916406e-07 Deltakk= 0.06711857219595932
Ei= 5.789070783691164e-20
Tt1 min: 295.0 max: 341.33013800207397 mean: 304.75164518930603
Tt1 unique values: [295.         295.0000005  295.00000353 ... 341.33009471 341.33012559
 341.330138  ]
Tt2 min: 295.0 max: 295.01052491755195 mean: 295.00001052491757
Tt2 unique values: [295.         295.01052492]
D2Xt1 min: 3.093766291403257e-48 max: 3.5148167232159015e-48 mean: 3.182094748787707e-48
D2Xt1 unique values: [3.09376629e-48 3.09376630e-48 3.09376632e-48 ... 3.51481633e-48
 3.51481661e-48 3.51481672e-48]
D2Xt2 min: 3.093766291403257e-48 max: 3.0938609315896924e-48 mean: 3.0937663860434435e-48
D2Xt2 unique values: [3.09376629e-48 3.09386093e-48]
VB= 9.726773639877524e-20 hw0= 3.972891714297857e-21 kBT= 4.07291455e-21
len(kt): 104457 len(t): 104457
VB= 9.726773639877524e-20 hw0= 3.972891714297857e-21 kBT= 4.07291455e-21
len(kt): 104457 len(t): 104457
k0ToutAvg= 3.999999999999971e-07
k0TlocAvg= 4.000001483318687e-07
kt1
VB= 9.726773639877524e-20 hw0= 3.972891714297857e-21 kBT= 4.07291455e-21
kt2
VB= 9.726773639877524e-20 hw0= 3.972891714297857e-21 kBT= 4.07291455e-21
VB= 9.726773639877524e-20 hw0= 3.972891714297857e-21 kBT= 4.07291455e-21
kt1 min: 4.1315573691146046e-26 max: 1299.1114213755043 mean: 2.002940568810015
kt1 unique values: [4.13155737e-26 4.13427632e-26 4.13541389e-26 ... 1.29852475e+03
 1.29872062e+03 1.29911142e+03]
kt2 min: 3.9999999999999707e-07 max: 3.9999999999999707e-07 mean: 3.99999999999997e-07
kt2 unique values: [4.e-07]
len(kt): 103458 len(t): 103458
kavg1= 2.0004219878823886
len(kt): 999 len(t): 999
kavg2= 3.99999999999997e-07
len(kt): 104457 len(t): 104457
kavg= 4.345174043604023e-07
ModeSe= 0.08629314007133461 TempInd= 3.708296789813871e-07 Deltakk= 0.08629351090101359
Ei= 6.064740821009791e-20
Tt1 min: 295.0 max: 343.5363350466972 mean: 305.2160092452776
Tt1 unique values: [295.         295.00000052 295.0000037  ... 343.53628969 343.53632204
 343.53633505]
Tt2 min: 294.99999999999994 max: 295.0110261041017 mean: 295.0000110261041
Tt2 unique values: [295.        295.        295.        295.0110261]
D2Xt1 min: 3.093766291403257e-48 max: 3.53505896518609e-48 mean: 3.1863294174781855e-48
D2Xt1 unique values: [3.09376629e-48 3.09376630e-48 3.09376632e-48 ... 3.53505855e-48
 3.53505885e-48 3.53505897e-48]
D2Xt2 min: 3.093766291403257e-48 max: 3.0938654382783813e-48 mean: 3.093766390550132e-48
D2Xt2 unique values: [3.09376629e-48 3.09376629e-48 3.09386544e-48]
VB= 9.726773639877524e-20 hw0= 3.972891714297857e-21 kBT= 4.07291455e-21
len(kt): 104457 len(t): 104457
VB= 9.726773639877524e-20 hw0= 3.972891714297857e-21 kBT= 4.07291455e-21
len(kt): 104457 len(t): 104457
k0ToutAvg= 3.999999999999971e-07
k0TlocAvg= 4.0000015616949856e-07
kt1
VB= 9.726773639877524e-20 hw0= 3.972891714297857e-21 kBT= 4.07291455e-21
kt2
VB= 9.726773639877524e-20 hw0= 3.972891714297857e-21 kBT= 4.07291455e-21
VB= 9.726773639877524e-20 hw0= 3.972891714297857e-21 kBT= 4.07291455e-21
kt1 min: 1.179196290899235e-26 max: 1619.573252066826 mean: 2.531653812328029
kt1 unique values: [1.17919629e-26 1.17974994e-26 1.18056851e-26 ... 1.61885309e+03
 1.61907945e+03 1.61957325e+03]
kt2 min: 3.9999999999999707e-07 max: 4.000000000000029e-07 mean: 3.99999999999997e-07
kt2 unique values: [4.e-07 4.e-07]
len(kt): 103458 len(t): 103458
kavg1= 2.5286503909004776
len(kt): 999 len(t): 999
kavg2= 3.99999999999997e-07
len(kt): 104457 len(t): 104457
kavg= 4.4363199182301637e-07
ModeSe= 0.10907958913379528 TempInd= 3.9042375360173986e-07 Deltakk= 0.10907997955754889
Ei= 6.340410858328418e-20
Tt1 min: 295.0 max: 345.7425320915463 mean: 305.68037330129573
Tt1 unique values: [295.         295.00000054 295.00000386 ... 345.74248467 345.74251849
 345.74253209]
Tt2 min: 295.0 max: 295.01152729065245 mean: 295.00001152729067
Tt2 unique values: [295.         295.01152729]
D2Xt1 min: 3.093766291403257e-48 max: 3.555316239781057e-48 mean: 3.190566391372606e-48
D2Xt1 unique values: [3.09376629e-48 3.09376630e-48 3.09376633e-48 ... 3.55531580e-48
 3.55531611e-48 3.55531624e-48]
D2Xt2 min: 3.093766291403257e-48 max: 3.0938699449682753e-48 mean: 3.093766395056822e-48
D2Xt2 unique values: [3.09376629e-48 3.09386994e-48]
VB= 9.726773639877524e-20 hw0= 3.972891714297857e-21 kBT= 4.07291455e-21
len(kt): 104457 len(t): 104457
VB= 9.726773639877524e-20 hw0= 3.972891714297857e-21 kBT= 4.07291455e-21
len(kt): 104457 len(t): 104457
k0ToutAvg= 3.999999999999971e-07
k0TlocAvg= 4.0000016412947856e-07
kt1
VB= 9.726773639877524e-20 hw0= 3.972891714297857e-21 kBT= 4.07291455e-21
kt2
VB= 9.726773639877524e-20 hw0= 3.972891714297857e-21 kBT= 4.07291455e-21
VB= 9.726773639877524e-20 hw0= 3.972891714297857e-21 kBT= 4.07291455e-21
kt1 min: 3.432575142060697e-27 max: 1985.346151922507 mean: 3.150210144990922
kt1 unique values: [3.43257514e-27 3.43352856e-27 3.43736828e-27 ... 1.98411239e+03
 1.98509919e+03 1.98534615e+03]
kt2 min: 3.9999999999999707e-07 max: 3.9999999999999707e-07 mean: 3.99999999999997e-07
kt2 unique values: [4.e-07]
len(kt): 103458 len(t): 103458
kavg1= 3.1466928991773306
len(kt): 999 len(t): 999
kavg2= 3.99999999999997e-07
len(kt): 104457 len(t): 104457
kavg= 4.5429632167606933e-07
ModeSe= 0.1357403938664779 TempInd= 4.103237035983981e-07 Deltakk= 0.1357408041901815
Ei= 6.616080895647044e-20
Tt1 min: 295.0 max: 347.94872913641603 mean: 306.1447373573214
Tt1 unique values: [295.         295.00000056 295.00000402 ... 347.94867966 347.94871495
 347.94872914]
Tt2 min: 295.0 max: 295.0120284772013 mean: 295.0000120284772
Tt2 unique values: [295.         295.01202848]
D2Xt1 min: 3.093766291403257e-48 max: 3.5755882740499475e-48 mean: 3.194805637226904e-48
D2Xt1 unique values: [3.09376629e-48 3.09376630e-48 3.09376633e-48 ... 3.57558782e-48
 3.57558814e-48 3.57558827e-48]
D2Xt2 min: 3.093766291403257e-48 max: 3.0938744516593465e-48 mean: 3.0937663995635124e-48
D2Xt2 unique values: [3.09376629e-48 3.09387445e-48]
VB= 9.726773639877524e-20 hw0= 3.972891714297857e-21 kBT= 4.07291455e-21
len(kt): 104457 len(t): 104457
VB= 9.726773639877524e-20 hw0= 3.972891714297857e-21 kBT= 4.07291455e-21
len(kt): 104457 len(t): 104457
k0ToutAvg= 3.999999999999971e-07
k0TlocAvg= 4.000001722218547e-07
kt1
VB= 9.726773639877524e-20 hw0= 3.972891714297857e-21 kBT= 4.07291455e-21
kt2
VB= 9.726773639877524e-20 hw0= 3.972891714297857e-21 kBT= 4.07291455e-21
VB= 9.726773639877524e-20 hw0= 3.972891714297857e-21 kBT= 4.07291455e-21
kt1 min: 1.0179109547269482e-27 max: 2396.28321211861 mean: 3.8635327795127576
kt1 unique values: [1.01791095e-27 1.01799558e-27 1.01957136e-27 ... 2.39472509e+03
 2.39606489e+03 2.39628321e+03]
kt2 min: 3.9999999999999707e-07 max: 3.9999999999999707e-07 mean: 3.99999999999997e-07
kt2 unique values: [4.e-07]
len(kt): 103458 len(t): 103458
kavg1= 3.8594831086282064
len(kt): 999 len(t): 999
kavg2= 3.99999999999997e-07
len(kt): 104457 len(t): 104457
kavg= 4.6659552311682037e-07
ModeSe= 0.1664883772374154 TempInd= 4.305546438952945e-07 Deltakk= 0.1664888077920593
Ei= 6.891750932965672e-20
Tt1 min: 295.0 max: 350.1549261816042 mean: 306.60910141341213
Tt1 unique values: [295.         295.00000058 295.00000418 ... 350.15487464 350.1549114
 350.15492618]
Tt2 min: 295.0 max: 295.0125296637513 mean: 295.00001252966376
Tt2 unique values: [295.         295.01252966]
D2Xt1 min: 3.093766291403257e-48 max: 3.5958748015329144e-48 mean: 3.1990471224704276e-48
D2Xt1 unique values: [3.09376629e-48 3.09376630e-48 3.09376633e-48 ... 3.59587433e-48
 3.59587467e-48 3.59587480e-48]
D2Xt2 min: 3.093766291403257e-48 max: 3.0938789583516245e-48 mean: 3.093766404070205e-48
D2Xt2 unique values: [3.09376629e-48 3.09387896e-48]
VB= 9.726773639877524e-20 hw0= 3.972891714297857e-21 kBT= 4.07291455e-21
len(kt): 104457 len(t): 104457
VB= 9.726773639877524e-20 hw0= 3.972891714297857e-21 kBT= 4.07291455e-21
len(kt): 104457 len(t): 104457
k0ToutAvg= 3.999999999999971e-07
k0TlocAvg= 4.000001804573934e-07
kt1
VB= 9.726773639877524e-20 hw0= 3.972891714297857e-21 kBT= 4.07291455e-21
kt2
VB= 9.726773639877524e-20 hw0= 3.972891714297857e-21 kBT= 4.07291455e-21
VB= 9.726773639877524e-20 hw0= 3.972891714297857e-21 kBT= 4.07291455e-21
kt1 min: 3.07150652640531e-28 max: 2851.2103628444465 mean: 4.675221222525725
kt1 unique values: [3.07150653e-28 3.07185691e-28 3.07656070e-28 ... 2.85008636e+03
 2.85023379e+03 2.85121036e+03]
kt2 min: 3.9999999999999707e-07 max: 3.9999999999999707e-07 mean: 3.99999999999997e-07
kt2 unique values: [4.e-07]
len(kt): 103458 len(t): 103458
kavg1= 4.6706322116069465
len(kt): 999 len(t): 999
kavg2= 3.99999999999997e-07
len(kt): 104457 len(t): 104457
kavg= 4.805919072691029e-07
ModeSe= 0.20147931702927513 TempInd= 4.511434906848639e-07 Deltakk= 0.2014797681727658
Ei= 7.167420970284298e-20
Tt1 min: 295.0 max: 352.3611232265376 mean: 307.0734654694491
Tt1 unique values: [295.         295.0000006  295.00000435 ... 352.36106962 352.36110785
 352.36112323]
Tt2 min: 295.0 max: 295.01303085030327 mean: 295.0000130308503
Tt2 unique values: [295.         295.01303085]
D2Xt1 min: 3.093766291403257e-48 max: 3.616175562059493e-48 mean: 3.2032908151861415e-48
D2Xt1 unique values: [3.09376629e-48 3.09376630e-48 3.09376633e-48 ... 3.61617507e-48
 3.61617542e-48 3.61617556e-48]
D2Xt2 min: 3.093766291403257e-48 max: 3.0938834650451144e-48 mean: 3.093766408576898e-48
D2Xt2 unique values: [3.09376629e-48 3.09388347e-48]
VB= 9.726773639877524e-20 hw0= 3.972891714297857e-21 kBT= 4.07291455e-21
len(kt): 104457 len(t): 104457
VB= 9.726773639877524e-20 hw0= 3.972891714297857e-21 kBT= 4.07291455e-21
len(kt): 104457 len(t): 104457
k0ToutAvg= 3.999999999999971e-07
k0TlocAvg= 4.0000018884762394e-07
kt1
VB= 9.726773639877524e-20 hw0= 3.972891714297857e-21 kBT= 4.07291455e-21
kt2
VB= 9.726773639877524e-20 hw0= 3.972891714297857e-21 kBT= 4.07291455e-21
VB= 9.726773639877524e-20 hw0= 3.972891714297857e-21 kBT= 4.07291455e-21
kt1 min: 9.422095322488538e-29 max: 3347.3693479174876 mean: 5.587442301844427
kt1 unique values: [9.42209532e-29 9.42505099e-29 9.43608123e-29 ... 3.34525863e+03
 3.34703126e+03 3.34736935e+03]
kt2 min: 3.9999999999999707e-07 max: 3.9999999999999707e-07 mean: 3.99999999999997e-07
kt2 unique values: [4.e-07]
len(kt): 103458 len(t): 103458
kavg1= 5.5823195053296955
len(kt): 999 len(t): 999
kavg2= 3.99999999999997e-07
len(kt): 104457 len(t): 104457
kavg= 4.963230779061721e-07
ModeSe= 0.24080722264637222 TempInd= 4.721190670424634e-07 Deltakk= 0.24080769476543926
Ei= 7.443091007602925e-20
Tt1 min: 295.0 max: 354.5673202714195 mean: 307.537829525481
Tt1 unique values: [295.         295.00000062 295.00000451 ... 354.56726461 354.56730431
 354.56732027]
Tt2 min: 295.0 max: 295.0135320368508 mean: 295.00001353203686
Tt2 unique values: [295.         295.01353204]
D2Xt1 min: 3.093766291403257e-48 max: 3.6364903015812325e-48 mean: 3.207536684096996e-48
D2Xt1 unique values: [3.09376629e-48 3.09376630e-48 3.09376633e-48 ... 3.63648979e-48
 3.63649015e-48 3.63649030e-48]
D2Xt2 min: 3.093766291403257e-48 max: 3.093887971739761e-48 mean: 3.093766413083593e-48
D2Xt2 unique values: [3.09376629e-48 3.09388797e-48]
VB= 9.726773639877524e-20 hw0= 3.972891714297857e-21 kBT= 4.07291455e-21
len(kt): 104457 len(t): 104457
VB= 9.726773639877524e-20 hw0= 3.972891714297857e-21 kBT= 4.07291455e-21
len(kt): 104457 len(t): 104457
k0ToutAvg= 3.999999999999971e-07
k0TlocAvg= 4.000001974048824e-07
kt1
VB= 9.726773639877524e-20 hw0= 3.972891714297857e-21 kBT= 4.07291455e-21
kt2
VB= 9.726773639877524e-20 hw0= 3.972891714297857e-21 kBT= 4.07291455e-21
VB= 9.726773639877524e-20 hw0= 3.972891714297857e-21 kBT= 4.07291455e-21
kt1 min: 2.936045066254514e-29 max: 3882.1287514234687 mean: 6.600877762770687
kt1 unique values: [2.93604507e-29 2.93755860e-29 2.93992192e-29 ... 3.88019778e+03
 3.88123630e+03 3.88212875e+03]
kt2 min: 3.9999999999999707e-07 max: 3.9999999999999707e-07 mean: 3.99999999999997e-07
kt2 unique values: [4.e-07]
len(kt): 103458 len(t): 103458
kavg1= 6.595239432375007
len(kt): 999 len(t): 999
kavg2= 3.99999999999997e-07
len(kt): 104457 len(t): 104457
kavg= 5.138010176345325e-07
ModeSe= 0.2845020505741274 TempInd= 4.935122131730047e-07 Deltakk= 0.28450254408634057
Ei= 7.718761044921553e-20
Tt1 min: 295.0 max: 356.77351731652107 mean: 308.00219358155
Tt1 unique values: [295.         295.00000064 295.00000467 ... 356.77345959 356.77350076
 356.77351732]
Tt2 min: 295.0 max: 295.0140332233995 mean: 295.0000140332234
Tt2 unique values: [295.         295.01403322]
D2Xt1 min: 3.093766291403257e-48 max: 3.656818771988887e-48 mean: 3.211784698548099e-48
D2Xt1 unique values: [3.09376629e-48 3.09376630e-48 3.09376633e-48 ... 3.65681824e-48
 3.65681862e-48 3.65681877e-48]
D2Xt2 min: 3.093766291403257e-48 max: 3.0938924784356116e-48 mean: 3.0937664175902884e-48
D2Xt2 unique values: [3.09376629e-48 3.09389248e-48]
VB= 9.726773639877524e-20 hw0= 3.972891714297857e-21 kBT= 4.07291455e-21
len(kt): 104457 len(t): 104457
VB= 9.726773639877524e-20 hw0= 3.972891714297857e-21 kBT= 4.07291455e-21
len(kt): 104457 len(t): 104457
k0ToutAvg= 3.999999999999971e-07
k0TlocAvg= 4.0000020614235764e-07
kt1
VB= 9.726773639877524e-20 hw0= 3.972891714297857e-21 kBT= 4.07291455e-21
kt2
VB= 9.726773639877524e-20 hw0= 3.972891714297857e-21 kBT= 4.07291455e-21
VB= 9.726773639877524e-20 hw0= 3.972891714297857e-21 kBT= 4.07291455e-21
kt1 min: 9.286655815414135e-30 max: 4451.05717533235 mean: 7.714727700998789
kt1 unique values: [9.28665582e-30 9.29333566e-30 9.29737187e-30 ... 4.44839281e+03
 4.45050765e+03 4.45105718e+03]
kt2 min: 3.9999999999999707e-07 max: 3.9999999999999707e-07 mean: 3.99999999999997e-07
kt2 unique values: [4.e-07]
len(kt): 103458 len(t): 103458
kavg1= 7.708604458388668
len(kt): 999 len(t): 999
kavg2= 3.99999999999997e-07
len(kt): 104457 len(t): 104457
kavg= 5.330121375487299e-07
ModeSe= 0.33252982851593293 TempInd= 5.153559012897976e-07 Deltakk= 0.3325303438718342
Ei= 7.994431082240179e-20
Tt1 min: 295.0 max: 358.97971436144144 mean: 308.46655763758326
Tt1 unique values: [295.         295.00000066 295.00000483 ... 358.97965457 358.97969722
 358.97971436]
Tt2 min: 295.0 max: 295.01453440995067 mean: 295.00001453440996
Tt2 unique values: [295.         295.01453441]
D2Xt1 min: 3.093766291403257e-48 max: 3.6771607309352695e-48 mean: 3.2160348284899585e-48
D2Xt1 unique values: [3.09376629e-48 3.09376630e-48 3.09376633e-48 ... 3.67716018e-48
 3.67716057e-48 3.67716073e-48]
D2Xt2 min: 3.093766291403257e-48 max: 3.09389698513268e-48 mean: 3.093766422096986e-48
D2Xt2 unique values: [3.09376629e-48 3.09389699e-48]
VB= 9.726773639877524e-20 hw0= 3.972891714297857e-21 kBT= 4.07291455e-21
len(kt): 104457 len(t): 104457
VB= 9.726773639877524e-20 hw0= 3.972891714297857e-21 kBT= 4.07291455e-21
len(kt): 104457 len(t): 104457
k0ToutAvg= 3.999999999999971e-07
k0TlocAvg= 4.0000021507413944e-07
kt1
VB= 9.726773639877524e-20 hw0= 3.972891714297857e-21 kBT= 4.07291455e-21
kt2
VB= 9.726773639877524e-20 hw0= 3.972891714297857e-21 kBT= 4.07291455e-21
VB= 9.726773639877524e-20 hw0= 3.972891714297857e-21 kBT= 4.07291455e-21
kt1 min: 2.9794016313915503e-30 max: 5050.208474063369 mean: 8.926766039619014
kt1 unique values: [2.97940163e-30 2.98215727e-30 2.98233648e-30 ... 5.04803500e+03
 5.04875067e+03 5.05020847e+03]
kt2 min: 3.9999999999999707e-07 max: 3.9999999999999707e-07 mean: 3.99999999999997e-07
kt2 unique values: [4.e-07]
len(kt): 103458 len(t): 103458
kavg1= 8.920200029204768
len(kt): 999 len(t): 999
kavg2= 3.99999999999997e-07
len(kt): 104457 len(t): 104457
kavg= 5.539182255164752e-07
ModeSe= 0.3847950261058422 TempInd= 5.376853557873493e-07 Deltakk= 0.384795563791198
Ei= 8.270101119558806e-20
Tt1 min: 295.0 max: 361.18591140613336 mean: 308.9309216935756
Tt1 unique values: [295.         295.00000068 295.000005   ... 361.18584956 361.18589367
 361.18591141]
Tt2 min: 295.0 max: 295.0150355964994 mean: 295.0000150355965
Tt2 unique values: [295.        295.0150356]
D2Xt1 min: 3.093766291403257e-48 max: 3.697515941680134e-48 mean: 3.2202870444648835e-48
D2Xt1 unique values: [3.09376629e-48 3.09376630e-48 3.09376634e-48 ... 3.69751537e-48
 3.69751578e-48 3.69751594e-48]
D2Xt2 min: 3.093766291403257e-48 max: 3.0939014918309224e-48 mean: 3.093766426603684e-48
D2Xt2 unique values: [3.09376629e-48 3.09390149e-48]
VB= 9.726773639877524e-20 hw0= 3.972891714297857e-21 kBT= 4.07291455e-21
len(kt): 104457 len(t): 104457
VB= 9.726773639877524e-20 hw0= 3.972891714297857e-21 kBT= 4.07291455e-21
len(kt): 104457 len(t): 104457
k0ToutAvg= 3.999999999999971e-07
k0TlocAvg= 4.0000022421526824e-07
kt1
VB= 9.726773639877524e-20 hw0= 3.972891714297857e-21 kBT= 4.07291455e-21
kt2
VB= 9.726773639877524e-20 hw0= 3.972891714297857e-21 kBT= 4.07291455e-21
VB= 9.726773639877524e-20 hw0= 3.972891714297857e-21 kBT= 4.07291455e-21
kt1 min: 9.689233014159725e-31 max: 5673.896363678622 mean: 10.233441778688865
kt1 unique values: [9.68923301e-31 9.69712011e-31 9.70020256e-31 ... 5.66996578e+03
 5.67375792e+03 5.67389636e+03]
kt2 min: 3.9999999999999707e-07 max: 3.9999999999999707e-07 mean: 3.99999999999997e-07
kt2 unique values: [4.e-07]
len(kt): 103458 len(t): 103458
kavg1= 10.226485365235156
len(kt): 999 len(t): 999
kavg2= 3.99999999999997e-07
len(kt): 104457 len(t): 104457
kavg= 5.764581853858316e-07
ModeSe= 0.44114490292641156 TempInd= 5.605381777816772e-07 Deltakk= 0.4411454634645893
Ei= 8.545771156877432e-20
Tt1 min: 295.0 max: 363.39210845228996 mean: 309.3952857498695
Tt1 unique values: [295.         295.0000007  295.00000516 ... 363.39204454 363.39209012
 363.39210845]
Tt2 min: 295.0 max: 295.0155367830534 mean: 295.00001553678305
Tt2 unique values: [295.         295.01553678]
D2Xt1 min: 3.093766291403257e-48 max: 3.717884172943941e-48 mean: 3.2245413175947466e-48
D2Xt1 unique values: [3.09376629e-48 3.09376630e-48 3.09376634e-48 ... 3.71788358e-48
 3.71788400e-48 3.71788417e-48]
D2Xt2 min: 3.093766291403257e-48 max: 3.093905998530407e-48 mean: 3.0937664311103834e-48
D2Xt2 unique values: [3.09376629e-48 3.09390600e-48]
VB= 9.726773639877524e-20 hw0= 3.972891714297857e-21 kBT= 4.07291455e-21
len(kt): 104457 len(t): 104457
VB= 9.726773639877524e-20 hw0= 3.972891714297857e-21 kBT= 4.07291455e-21
len(kt): 104457 len(t): 104457
k0ToutAvg= 3.999999999999971e-07
k0TlocAvg= 4.0000023358178684e-07
kt1
VB= 9.726773639877524e-20 hw0= 3.972891714297857e-21 kBT= 4.07291455e-21
kt2
VB= 9.726773639877524e-20 hw0= 3.972891714297857e-21 kBT= 4.07291455e-21
VB= 9.726773639877524e-20 hw0= 3.972891714297857e-21 kBT= 4.07291455e-21
kt1 min: 3.192132502180546e-31 max: 6318.476142857218 mean: 11.630017947701164
kt1 unique values: [3.19213250e-31 3.19417859e-31 3.19641274e-31 ... 6.31521179e+03
 6.31723405e+03 6.31847614e+03]
kt2 min: 3.9999999999999707e-07 max: 3.9999999999999707e-07 mean: 3.99999999999997e-07
kt2 unique values: [4.e-07]
len(kt): 103458 len(t): 103458
kavg1= 11.62273204580928
len(kt): 999 len(t): 999
kavg2= 3.99999999999997e-07
len(kt): 104457 len(t): 104457
kavg= 6.005504282579975e-07
ModeSe= 0.5013754866905303 TempInd= 5.839544742828341e-07 Deltakk= 0.5013760706450047
Ei= 8.82144119419606e-20
Tt1 min: 295.0 max: 365.59830549802825 mean: 309.85964980607866
Tt1 unique values: [295.         295.00000073 295.00000533 ... 365.59823953 365.59828658
 365.5983055 ]
Tt2 min: 295.0 max: 295.01603796960035 mean: 295.0000160379696
Tt2 unique values: [295.         295.01603797]
D2Xt1 min: 3.093766291403257e-48 max: 3.7382651987050484e-48 mean: 3.2287976195567514e-48
D2Xt1 unique values: [3.09376629e-48 3.09376630e-48 3.09376634e-48 ... 3.73826459e-48
 3.73826502e-48 3.73826520e-48]
D2Xt2 min: 3.093766291403257e-48 max: 3.0939105052310233e-48 mean: 3.0937664356170844e-48
D2Xt2 unique values: [3.09376629e-48 3.09391051e-48]
VB= 9.726773639877524e-20 hw0= 3.972891714297857e-21 kBT= 4.07291455e-21
len(kt): 104457 len(t): 104457
VB= 9.726773639877524e-20 hw0= 3.972891714297857e-21 kBT= 4.07291455e-21
len(kt): 104457 len(t): 104457
k0ToutAvg= 3.999999999999971e-07
k0TlocAvg= 4.000002431907938e-07
kt1
VB= 9.726773639877524e-20 hw0= 3.972891714297857e-21 kBT= 4.07291455e-21
kt2
VB= 9.726773639877524e-20 hw0= 3.972891714297857e-21 kBT= 4.07291455e-21
VB= 9.726773639877524e-20 hw0= 3.972891714297857e-21 kBT= 4.07291455e-21
kt1 min: 1.064791244819629e-31 max: 6978.044492698636 mean: 13.110739103611504
kt1 unique values: [1.06479124e-31 1.06528757e-31 1.06644270e-31 ... 6.97541097e+03
 6.97569701e+03 6.97804449e+03]
kt2 min: 3.9999999999999707e-07 max: 3.9999999999999707e-07 mean: 3.99999999999997e-07
kt2 unique values: [4.e-07]
len(kt): 103458 len(t): 103458
kavg1= 13.103191240566854
len(kt): 999 len(t): 999
kavg2= 3.99999999999997e-07
len(kt): 104457 len(t): 104457
kavg= 6.260957580649853e-07
ModeSe= 0.5652387871854828 TempInd= 6.079769917349452e-07 Deltakk= 0.5652393951624746
Ei= 9.097111231514687e-20
Tt1 min: 295.0 max: 367.80450254345163 mean: 310.3240138622227
Tt1 unique values: [295.         295.00000075 295.00000549 ... 367.80443451 367.80448303
 367.80450254]
Tt2 min: 295.0 max: 295.01653915614855 mean: 295.00001653915615
Tt2 unique values: [295.         295.01653916]
D2Xt1 min: 3.093766291403257e-48 max: 3.758658798102424e-48 mean: 3.2330559225798995e-48
D2Xt1 unique values: [3.09376629e-48 3.09376630e-48 3.09376634e-48 ... 3.75865817e-48
 3.75865862e-48 3.75865880e-48]
D2Xt2 min: 3.093766291403257e-48 max: 3.093915011932845e-48 mean: 3.093766440123786e-48
D2Xt2 unique values: [3.09376629e-48 3.09391501e-48]
VB= 9.726773639877524e-20 hw0= 3.972891714297857e-21 kBT= 4.07291455e-21
len(kt): 104457 len(t): 104457
VB= 9.726773639877524e-20 hw0= 3.972891714297857e-21 kBT= 4.07291455e-21
len(kt): 104457 len(t): 104457
k0ToutAvg= 3.999999999999971e-07
k0TlocAvg= 4.0000025306050033e-07
kt1
VB= 9.726773639877524e-20 hw0= 3.972891714297857e-21 kBT= 4.07291455e-21
kt2
VB= 9.726773639877524e-20 hw0= 3.972891714297857e-21 kBT= 4.07291455e-21
VB= 9.726773639877524e-20 hw0= 3.972891714297857e-21 kBT= 4.07291455e-21
kt1 min: 3.5943399778390313e-32 max: 7647.827228620169 mean: 14.669017812386047
kt1 unique values: [3.59433998e-32 3.59538087e-32 3.60067423e-32 ... 7.64383585e+03
 7.64634142e+03 7.64782723e+03]
kt2 min: 3.9999999999999707e-07 max: 3.9999999999999707e-07 mean: 3.99999999999997e-07
kt2 unique values: [4.e-07]
len(kt): 103458 len(t): 103458
kavg1= 14.661280032279093
len(kt): 999 len(t): 999
kavg2= 3.99999999999997e-07
len(kt): 104457 len(t): 104457
kavg= 6.52980586569901e-07
ModeSe= 0.6324508337735063 TempInd= 6.326512580265767e-07 Deltakk= 0.6324514664247644
Ei= 9.372781268833313e-20
Tt1 min: 295.0 max: 370.01069958949205 mean: 310.78837791850196
Tt1 unique values: [295.         295.00000077 295.00000565 ... 370.01062949 370.01067949
 370.01069959]
Tt2 min: 295.0 max: 295.0170403427013 mean: 295.0000170403427
Tt2 unique values: [295.         295.01704034]
D2Xt1 min: 3.093766291403257e-48 max: 3.779064755281285e-48 mean: 3.237316199429411e-48
D2Xt1 unique values: [3.09376629e-48 3.09376630e-48 3.09376634e-48 ... 3.77906411e-48
 3.77906457e-48 3.77906476e-48]
D2Xt2 min: 3.093766291403257e-48 max: 3.093919518635904e-48 mean: 3.0937664446304894e-48
D2Xt2 unique values: [3.09376629e-48 3.09391952e-48]
VB= 9.726773639877524e-20 hw0= 3.972891714297857e-21 kBT= 4.07291455e-21
len(kt): 104457 len(t): 104457
VB= 9.726773639877524e-20 hw0= 3.972891714297857e-21 kBT= 4.07291455e-21
len(kt): 104457 len(t): 104457
k0ToutAvg= 3.999999999999971e-07
k0TlocAvg= 4.000002632102875e-07
kt1
VB= 9.726773639877524e-20 hw0= 3.972891714297857e-21 kBT= 4.07291455e-21
kt2
VB= 9.726773639877524e-20 hw0= 3.972891714297857e-21 kBT= 4.07291455e-21
VB= 9.726773639877524e-20 hw0= 3.972891714297857e-21 kBT= 4.07291455e-21
kt1 min: 1.2272705134584068e-32 max: 8323.53037605502 mean: 16.29763075130299
kt1 unique values: [1.22727051e-32 1.22740738e-32 1.22969403e-32 ... 8.31824939e+03
 8.32281437e+03 8.32353038e+03]
kt2 min: 3.9999999999999707e-07 max: 3.9999999999999707e-07 mean: 3.99999999999997e-07
kt2 unique values: [4.e-07]
len(kt): 103458 len(t): 103458
kavg1= 16.289777467264955
len(kt): 999 len(t): 999
kavg2= 3.99999999999997e-07
len(kt): 104457 len(t): 104457
kavg= 6.810803162168753e-07
ModeSe= 0.7027001325164745 TempInd= 6.580257259569406e-07 Deltakk= 0.7027007905422004
Ei= 9.64845130615194e-20
Tt1 min: 295.0 max: 372.2168966348923 mean: 311.2527419746421
Tt1 unique values: [295.         295.00000079 295.00000582 ... 372.21682448 372.21687594
 372.21689663]
Tt2 min: 295.0 max: 295.0175415292508 mean: 295.00001754152925
Tt2 unique values: [295.         295.01754153]
D2Xt1 min: 3.093766291403257e-48 max: 3.7994828592262125e-48 mean: 3.2415784233875965e-48
D2Xt1 unique values: [3.09376629e-48 3.09376630e-48 3.09376634e-48 ... 3.79948219e-48
 3.79948267e-48 3.79948286e-48]
D2Xt2 min: 3.093766291403257e-48 max: 3.09392402534013e-48 mean: 3.0937664491371934e-48
D2Xt2 unique values: [3.09376629e-48 3.09392403e-48]
VB= 9.726773639877524e-20 hw0= 3.972891714297857e-21 kBT= 4.07291455e-21
len(kt): 104457 len(t): 104457
VB= 9.726773639877524e-20 hw0= 3.972891714297857e-21 kBT= 4.07291455e-21
len(kt): 104457 len(t): 104457
k0ToutAvg= 3.999999999999971e-07
k0TlocAvg= 4.0000027366076566e-07
kt1
VB= 9.726773639877524e-20 hw0= 3.972891714297857e-21 kBT= 4.07291455e-21
kt2
VB= 9.726773639877524e-20 hw0= 3.972891714297857e-21 kBT= 4.07291455e-21
VB= 9.726773639877524e-20 hw0= 3.972891714297857e-21 kBT= 4.07291455e-21
kt1 min: 4.2365111849286865e-33 max: 9001.28590388946 mean: 17.98891577012458
kt1 unique values: [4.23651118e-33 4.23679915e-33 4.24524379e-33 ... 8.99480520e+03
 9.00122373e+03 9.00128590e+03]
kt2 min: 3.9999999999999707e-07 max: 3.9999999999999707e-07 mean: 3.99999999999997e-07
kt2 unique values: [4.e-07]
len(kt): 103458 len(t): 103458
kavg1= 17.981021664017263
len(kt): 999 len(t): 999
kavg2= 3.99999999999997e-07
len(kt): 104457 len(t): 104457
kavg= 7.102627412404059e-07
ModeSe= 0.7756561689491062 TempInd= 6.841519213343115e-07 Deltakk= 0.7756568531010275
Ei= 9.924121343470567e-20
Tt1 min: 295.0 max: 374.42309368114854 mean: 311.7171060309615
Tt1 unique values: [295.         295.00000081 295.00000598 ... 374.42301946 374.4230724
 374.42309368]
Tt2 min: 295.0 max: 295.0180427158016 mean: 295.0000180427158
Tt2 unique values: [295.         295.01804272]
D2Xt1 min: 3.093766291403257e-48 max: 3.819912903672454e-48 mean: 3.245842568250933e-48
D2Xt1 unique values: [3.09376629e-48 3.09376630e-48 3.09376635e-48 ... 3.81991222e-48
 3.81991271e-48 3.81991290e-48]
D2Xt2 min: 3.093766291403257e-48 max: 3.0939285320455606e-48 mean: 3.0937664536438987e-48
D2Xt2 unique values: [3.09376629e-48 3.09392853e-48]
VB= 9.726773639877524e-20 hw0= 3.972891714297857e-21 kBT= 4.07291455e-21
len(kt): 104457 len(t): 104457
VB= 9.726773639877524e-20 hw0= 3.972891714297857e-21 kBT= 4.07291455e-21
len(kt): 104457 len(t): 104457
k0ToutAvg= 3.999999999999971e-07
k0TlocAvg= 4.000002844338378e-07
kt1
VB= 9.726773639877524e-20 hw0= 3.972891714297857e-21 kBT= 4.07291455e-21
kt2
VB= 9.726773639877524e-20 hw0= 3.972891714297857e-21 kBT= 4.07291455e-21
VB= 9.726773639877524e-20 hw0= 3.972891714297857e-21 kBT= 4.07291455e-21
kt1 min: 1.4778385164804526e-33 max: 9678.170922276937 mean: 19.73496232534108
kt1 unique values: [1.47783852e-33 1.47820623e-33 1.48066644e-33 ... 9.67159491e+03
 9.67770411e+03 9.67817092e+03]
kt2 min: 3.9999999999999707e-07 max: 3.9999999999999707e-07 mean: 3.99999999999997e-07
kt2 unique values: [4.e-07]
len(kt): 103458 len(t): 103458
kavg1= 19.727100381680575
len(kt): 999 len(t): 999
kavg2= 3.99999999999997e-07
len(kt): 104457 len(t): 104457
kavg= 6.979036222188958e-07
ModeSe= 0.7447583444626503 TempInd= 7.110846016623563e-07 Deltakk= 0.744759055547252
Ei= 1.0199791380789194e-19
Tt1 min: 295.0 max: 376.6292907269026 mean: 312.1814700871752
Tt1 unique values: [295.         295.00000084 295.00000615 ... 376.62921445 376.62926885
 376.62929073]
Tt2 min: 295.0 max: 295.01854390234945 mean: 295.00001854390234
Tt2 unique values: [295.        295.0185439]
D2Xt1 min: 3.093766291403257e-48 max: 3.8403546869239845e-48 mean: 3.2501086083067216e-48
D2Xt1 unique values: [3.09376629e-48 3.09376630e-48 3.09376635e-48 ... 3.84035398e-48
 3.84035448e-48 3.84035469e-48]
D2Xt2 min: 3.093766291403257e-48 max: 3.0939330387521607e-48 mean: 3.093766458150605e-48
D2Xt2 unique values: [3.09376629e-48 3.09393304e-48]
VB= 9.726773639877524e-20 hw0= 3.972891714297857e-21 kBT= 4.07291455e-21
len(kt): 104457 len(t): 104457
VB= 9.726773639877524e-20 hw0= 3.972891714297857e-21 kBT= 4.07291455e-21
len(kt): 104457 len(t): 104457
k0ToutAvg= 3.999999999999971e-07
k0TlocAvg= 4.0000029555276263e-07
kt1
VB= 9.726773639877524e-20 hw0= 3.972891714297857e-21 kBT= 4.07291455e-21
kt2
VB= 9.726773639877524e-20 hw0= 3.972891714297857e-21 kBT= 4.07291455e-21
VB= 9.726773639877524e-20 hw0= 3.972891714297857e-21 kBT= 4.07291455e-21
kt1 min: 5.208104692980159e-34 max: 10350.775806258895 mean: 21.52778902374128
kt1 unique values: [5.20810469e-34 5.21034899e-34 5.21729270e-34 ... 1.03440191e+04
 1.03498967e+04 1.03507758e+04]
kt2 min: 3.9999999999999707e-07 max: 3.9999999999999707e-07 mean: 3.99999999999997e-07
kt2 unique values: [4.e-07]
len(kt): 103458 len(t): 103458
kavg1= 21.520028768555807
len(kt): 999 len(t): 999
kavg2= 3.99999999999997e-07
len(kt): 104457 len(t): 104457
kavg= 7.230341852388757e-07
ModeSe= 0.8075847242152885 TempInd= 7.388819137676702e-07 Deltakk= 0.8075854630972022
Ei= 1.0475461418107821e-19
Tt1 min: 295.0 max: 378.83548777246074 mean: 312.6458341433449
Tt1 unique values: [295.         295.00000086 295.00000631 ... 378.83540943 378.8354653
 378.83548777]
Tt2 min: 295.0 max: 295.01904508889817 mean: 295.0000190450889
Tt2 unique values: [295.         295.01904509]
D2Xt1 min: 3.093766291403257e-48 max: 3.860808011769522e-48 mean: 3.254376518329827e-48
D2Xt1 unique values: [3.09376629e-48 3.09376630e-48 3.09376635e-48 ... 3.86080729e-48
 3.86080780e-48 3.86080801e-48]
D2Xt2 min: 3.093766291403257e-48 max: 3.093937545459964e-48 mean: 3.093766462657313e-48
D2Xt2 unique values: [3.09376629e-48 3.09393755e-48]
VB= 9.726773639877524e-20 hw0= 3.972891714297857e-21 kBT= 4.07291455e-21
len(kt): 104457 len(t): 104457
VB= 9.726773639877524e-20 hw0= 3.972891714297857e-21 kBT= 4.07291455e-21
len(kt): 104457 len(t): 104457
k0ToutAvg= 3.999999999999971e-07
k0TlocAvg= 4.000003070422219e-07
kt1
VB= 9.726773639877524e-20 hw0= 3.972891714297857e-21 kBT= 4.07291455e-21
kt2
VB= 9.726773639877524e-20 hw0= 3.972891714297857e-21 kBT= 4.07291455e-21
VB= 9.726773639877524e-20 hw0= 3.972891714297857e-21 kBT= 4.07291455e-21
kt1 min: 1.8535846933200456e-34 max: 11016.675116780174 mean: 23.359503462582964
kt1 unique values: [1.85358469e-34 1.85472315e-34 1.85657501e-34 ... 1.10096133e+04
 1.10154741e+04 1.10166751e+04]
kt2 min: 3.9999999999999707e-07 max: 3.9999999999999707e-07 mean: 3.99999999999997e-07
kt2 unique values: [4.e-07]
len(kt): 103458 len(t): 103458
kavg1= 23.35190945985588
len(kt): 999 len(t): 999
kavg2= 3.99999999999997e-07
len(kt): 104457 len(t): 104457
kavg= 7.752969274678944e-07
ModeSe= 0.938241551064188 TempInd= 7.676055618828783e-07 Deltakk= 0.9382423186697499
Ei= 1.0751131455426447e-19
Tt1 min: 295.0 max: 381.0416848181746 mean: 313.1101981995537
Tt1 unique values: [295.         295.00000088 295.00000647 ... 381.04160442 381.04166176
 381.04168482]
Tt2 min: 295.0 max: 295.01954627544984 mean: 295.00001954627544
Tt2 unique values: [295.         295.01954628]
D2Xt1 min: 3.093766291403257e-48 max: 3.8812726853457865e-48 mean: 3.2586462735680465e-48
D2Xt1 unique values: [3.09376629e-48 3.09376630e-48 3.09376635e-48 ... 3.88127194e-48
 3.88127247e-48 3.88127269e-48]
D2Xt2 min: 3.093766291403257e-48 max: 3.0939420521689884e-48 mean: 3.093766467164022e-48
D2Xt2 unique values: [3.09376629e-48 3.09394205e-48]
VB= 9.726773639877524e-20 hw0= 3.972891714297857e-21 kBT= 4.07291455e-21
len(kt): 104457 len(t): 104457
VB= 9.726773639877524e-20 hw0= 3.972891714297857e-21 kBT= 4.07291455e-21
len(kt): 104457 len(t): 104457
k0ToutAvg= 3.999999999999971e-07
k0TlocAvg= 4.000003189283882e-07
kt1
VB= 9.726773639877524e-20 hw0= 3.972891714297857e-21 kBT= 4.07291455e-21
kt2
VB= 9.726773639877524e-20 hw0= 3.972891714297857e-21 kBT= 4.07291455e-21
VB= 9.726773639877524e-20 hw0= 3.972891714297857e-21 kBT= 4.07291455e-21
kt1 min: 6.660102116744617e-35 max: 11673.998873603952 mean: 25.222441019829983
kt1 unique values: [6.66010212e-35 6.66542040e-35 6.66983193e-35 ... 1.16665489e+04
 1.16725216e+04 1.16739989e+04]
kt2 min: 3.9999999999999707e-07 max: 3.9999999999999707e-07 mean: 3.99999999999997e-07
kt2 unique values: [4.e-07]
len(kt): 103458 len(t): 103458
kavg1= 25.215071659593644
len(kt): 999 len(t): 999
kavg2= 3.99999999999997e-07
len(kt): 104457 len(t): 104457
kavg= 8.20619446907066e-07
ModeSe= 1.051547819946702 TempInd= 7.973209777149694e-07 Deltakk= 1.0515486172676798
Ei= 1.1026801492745075e-19
Tt1 min: 295.0 max: 383.24788186400525 mean: 313.5745622557751
Tt1 unique values: [295.         295.0000009  295.00000664 ... 383.2477994  383.24785821
 383.24788186]
Tt2 min: 295.0 max: 295.0200474619999 mean: 295.000020047462
Tt2 unique values: [295.         295.02004746]
D2Xt1 min: 3.093766291403257e-48 max: 3.9017485190156084e-48 mean: 3.262917849729607e-48
D2Xt1 unique values: [3.09376629e-48 3.09376630e-48 3.09376635e-48 ... 3.90174775e-48
 3.90174830e-48 3.90174852e-48]
D2Xt2 min: 3.093766291403257e-48 max: 3.093946558879194e-48 mean: 3.0937664716707324e-48
D2Xt2 unique values: [3.09376629e-48 3.09394656e-48]
VB= 9.726773639877524e-20 hw0= 3.972891714297857e-21 kBT= 4.07291455e-21
len(kt): 104457 len(t): 104457
VB= 9.726773639877524e-20 hw0= 3.972891714297857e-21 kBT= 4.07291455e-21
len(kt): 104457 len(t): 104457
k0ToutAvg= 3.999999999999971e-07
k0TlocAvg= 4.000003312389963e-07
kt1
VB= 9.726773639877524e-20 hw0= 3.972891714297857e-21 kBT= 4.07291455e-21
kt2
VB= 9.726773639877524e-20 hw0= 3.972891714297857e-21 kBT= 4.07291455e-21
VB= 9.726773639877524e-20 hw0= 3.972891714297857e-21 kBT= 4.07291455e-21
kt1 min: 2.4151812908632775e-35 max: 12321.329249244092 mean: 27.10928064663598
kt1 unique values: [2.41518129e-35 2.41755747e-35 2.41833848e-35 ... 1.23134678e+04
 1.23195583e+04 1.23213292e+04]
kt2 min: 3.9999999999999707e-07 max: 3.9999999999999707e-07 mean: 3.99999999999997e-07
kt2 unique values: [4.e-07]
len(kt): 103458 len(t): 103458
kavg1= 27.102187240896114
len(kt): 999 len(t): 999
kavg2= 3.99999999999997e-07
len(kt): 104457 len(t): 104457
kavg= 9.140749225757182e-07
ModeSe= 1.2851864783418139 TempInd= 8.280974979251678e-07 Deltakk= 1.2851873064393118
Ei= 1.1302471530063702e-19
Tt1 min: 295.0 max: 385.4540789094511 mean: 314.0389263119227
Tt1 unique values: [295.         295.00000092 295.0000068  ... 385.45399438 385.45405467
 385.45407891]
Tt2 min: 295.0 max: 295.0205486485503 mean: 295.00002054864854
Tt2 unique values: [295.         295.02054865]
D2Xt1 min: 3.093766291403257e-48 max: 3.922235328253172e-48 mean: 3.2671912229726316e-48
D2Xt1 unique values: [3.09376629e-48 3.09376630e-48 3.09376635e-48 ... 3.92223454e-48
 3.92223510e-48 3.92223533e-48]
D2Xt2 min: 3.093766291403257e-48 max: 3.0939510655905976e-48 mean: 3.093766476177444e-48
D2Xt2 unique values: [3.09376629e-48 3.09395107e-48]
VB= 9.726773639877524e-20 hw0= 3.972891714297857e-21 kBT= 4.07291455e-21
len(kt): 104457 len(t): 104457
VB= 9.726773639877524e-20 hw0= 3.972891714297857e-21 kBT= 4.07291455e-21
len(kt): 104457 len(t): 104457
k0ToutAvg= 3.999999999999971e-07
k0TlocAvg= 4.0000034400341583e-07
kt1
VB= 9.726773639877524e-20 hw0= 3.972891714297857e-21 kBT= 4.07291455e-21
kt2
VB= 9.726773639877524e-20 hw0= 3.972891714297857e-21 kBT= 4.07291455e-21
VB= 9.726773639877524e-20 hw0= 3.972891714297857e-21 kBT= 4.07291455e-21
kt1 min: 8.836734818413094e-36 max: 12957.646281593697 mean: 29.013136974776195
kt1 unique values: [8.83673482e-36 8.84691742e-36 8.84707455e-36 ... 1.29494273e+04
 1.29554830e+04 1.29576463e+04]
kt2 min: 3.9999999999999707e-07 max: 3.9999999999999707e-07 mean: 3.99999999999997e-07
kt2 unique values: [4.e-07]
len(kt): 103458 len(t): 103458
kavg1= 29.0063631612344
len(kt): 999 len(t): 999
kavg2= 3.99999999999997e-07
len(kt): 104457 len(t): 104457
kavg= 9.79225502774002e-07
ModeSe= 1.448062896926476 TempInd= 8.600085467704128e-07 Deltakk= 1.4480637569350228
Ei= 1.1578141567382327e-19
Tt1 min: 295.0 max: 387.66027595543994 mean: 314.5032903681921
Tt1 unique values: [295.         295.00000094 295.00000697 ... 387.66018937 387.66025112
 387.66027596]
Tt2 min: 295.0 max: 295.0210498351006 mean: 295.00002104983514
Tt2 unique values: [295.         295.02104984]
D2Xt1 min: 3.093766291403257e-48 max: 3.942732932551145e-48 mean: 3.2714663698976424e-48
D2Xt1 unique values: [3.09376629e-48 3.09376630e-48 3.09376635e-48 ... 3.94273213e-48
 3.94273270e-48 3.94273293e-48]
D2Xt2 min: 3.093766291403257e-48 max: 3.093955572303196e-48 mean: 3.093766480684157e-48
D2Xt2 unique values: [3.09376629e-48 3.09395557e-48]
VB= 9.726773639877524e-20 hw0= 3.972891714297857e-21 kBT= 4.07291455e-21
len(kt): 104457 len(t): 104457
VB= 9.726773639877524e-20 hw0= 3.972891714297857e-21 kBT= 4.07291455e-21
len(kt): 104457 len(t): 104457
k0ToutAvg= 3.999999999999971e-07
k0TlocAvg= 4.0000035725272706e-07
kt1
VB= 9.726773639877524e-20 hw0= 3.972891714297857e-21 kBT= 4.07291455e-21
kt2
VB= 9.726773639877524e-20 hw0= 3.972891714297857e-21 kBT= 4.07291455e-21
VB= 9.726773639877524e-20 hw0= 3.972891714297857e-21 kBT= 4.07291455e-21
kt1 min: 3.261275447533259e-36 max: 13582.264369384076 mean: 30.92762913041954
kt1 unique values: [3.26127545e-36 3.26452441e-36 3.26570150e-36 ... 1.35738368e+04
 1.35795120e+04 1.35822644e+04]
kt2 min: 3.9999999999999707e-07 max: 3.9999999999999707e-07 mean: 3.99999999999997e-07
kt2 unique values: [4.e-07]
len(kt): 103458 len(t): 103458
kavg1= 30.92121057011822
len(kt): 999 len(t): 999
kavg2= 3.99999999999997e-07
len(kt): 104457 len(t): 104457
kavg= 1.010117341487795e-06
ModeSe= 1.525292460587681 TempInd= 8.931318248328874e-07 Deltakk= 1.525293353719506
Ei= 1.1853811604700954e-19
Tt1 min: 295.0 max: 389.8664730013298 mean: 314.96765442442853
Tt1 unique values: [295.         295.00000097 295.00000713 ... 389.86638435 389.86644758
 389.866473  ]
Tt2 min: 295.0 max: 295.0215510216509 mean: 295.0000215510217
Tt2 unique values: [295.         295.02155102]
D2Xt1 min: 3.093766291403257e-48 max: 3.963241155285868e-48 mean: 3.2757432675313664e-48
D2Xt1 unique values: [3.09376629e-48 3.09376630e-48 3.09376636e-48 ... 3.96324033e-48
 3.96324092e-48 3.96324116e-48]
D2Xt2 min: 3.093766291403257e-48 max: 3.093960079016988e-48 mean: 3.0937664851908706e-48
D2Xt2 unique values: [3.09376629e-48 3.09396008e-48]
VB= 9.726773639877524e-20 hw0= 3.972891714297857e-21 kBT= 4.07291455e-21
len(kt): 104457 len(t): 104457
VB= 9.726773639877524e-20 hw0= 3.972891714297857e-21 kBT= 4.07291455e-21
len(kt): 104457 len(t): 104457
k0ToutAvg= 3.999999999999971e-07
k0TlocAvg= 4.0000037101979765e-07
kt1
VB= 9.726773639877524e-20 hw0= 3.972891714297857e-21 kBT= 4.07291455e-21
kt2
VB= 9.726773639877524e-20 hw0= 3.972891714297857e-21 kBT= 4.07291455e-21
VB= 9.726773639877524e-20 hw0= 3.972891714297857e-21 kBT= 4.07291455e-21
kt1 min: 1.2137351119860807e-36 max: 14194.762932584325 mean: 32.846927516996075
kt1 unique values: [1.21373511e-36 1.21475352e-36 1.21561032e-36 ... 1.41863867e+04
 1.41911102e+04 1.41947629e+04]
kt2 min: 3.9999999999999707e-07 max: 3.9999999999999707e-07 mean: 3.99999999999997e-07
kt2 unique values: [4.e-07]
len(kt): 103458 len(t): 103458
kavg1= 32.840891860954486
len(kt): 999 len(t): 999
kavg2= 3.99999999999997e-07
len(kt): 104457 len(t): 104457
kavg= 9.466120803310481e-07
ModeSe= 1.3665292732781358 TempInd= 9.275495013229667e-07 Deltakk= 1.3665302008276372
Ei= 1.2129481642019582e-19
Tt1 min: 295.0 max: 392.07267004698025 mean: 315.4320184806216
Tt1 unique values: [295.         295.00000099 295.0000073  ... 392.07257934 392.07264403
 392.07267005]
Tt2 min: 295.0 max: 295.02205220820196 mean: 295.0000220522082
Tt2 unique values: [295.         295.02205221]
D2Xt1 min: 3.093766291403257e-48 max: 3.983759823633013e-48 mean: 3.280021893321228e-48
D2Xt1 unique values: [3.09376629e-48 3.09376630e-48 3.09376636e-48 ... 3.98375898e-48
 3.98375958e-48 3.98375982e-48]
D2Xt2 min: 3.093766291403257e-48 max: 3.0939645857319834e-48 mean: 3.093766489697585e-48
D2Xt2 unique values: [3.09376629e-48 3.09396459e-48]
VB= 9.726773639877524e-20 hw0= 3.972891714297857e-21 kBT= 4.07291455e-21
len(kt): 104457 len(t): 104457
VB= 9.726773639877524e-20 hw0= 3.972891714297857e-21 kBT= 4.07291455e-21
len(kt): 104457 len(t): 104457
k0ToutAvg= 3.999999999999971e-07
k0TlocAvg= 4.000003853393633e-07
kt1
VB= 9.726773639877524e-20 hw0= 3.972891714297857e-21 kBT= 4.07291455e-21
kt2
VB= 9.726773639877524e-20 hw0= 3.972891714297857e-21 kBT= 4.07291455e-21
VB= 9.726773639877524e-20 hw0= 3.972891714297857e-21 kBT= 4.07291455e-21
kt1 min: 4.554017054785628e-37 max: 14794.91400955695 mean: 34.7657804874165
kt1 unique values: [4.55401705e-37 4.55711799e-37 4.56191156e-37 ... 1.47869757e+04
 1.47899201e+04 1.47949140e+04]
kt2 min: 3.9999999999999707e-07 max: 3.9999999999999707e-07 mean: 3.99999999999997e-07
kt2 unique values: [4.e-07]
len(kt): 103458 len(t): 103458
kavg1= 34.760147579222
len(kt): 999 len(t): 999
kavg2= 3.99999999999997e-07
len(kt): 104457 len(t): 104457
kavg= 1.0259939527749291e-06
ModeSe= 1.5649839185889258 TempInd= 9.633484153818923e-07 Deltakk= 1.5649848819373413
Ei= 1.240515167933821e-19
Tt1 min: 295.0 max: 394.27886709266306 mean: 315.8963825368231
Tt1 unique values: [295.         295.00000101 295.00000746 ... 394.27877432 394.27884049
 394.27886709]
Tt2 min: 295.0 max: 295.02255339474743 mean: 295.0000225533948
Tt2 unique values: [295.         295.02255339]
D2Xt1 min: 3.093766291403257e-48 max: 4.0042887684664305e-48 mean: 3.284302225124826e-48
D2Xt1 unique values: [3.09376629e-48 3.09376630e-48 3.09376636e-48 ... 4.00428790e-48
 4.00428852e-48 4.00428877e-48]
D2Xt2 min: 3.093766291403257e-48 max: 3.0939690924481235e-48 mean: 3.0937664942043017e-48
D2Xt2 unique values: [3.09376629e-48 3.09396909e-48]
VB= 9.726773639877524e-20 hw0= 3.972891714297857e-21 kBT= 4.07291455e-21
len(kt): 104457 len(t): 104457
VB= 9.726773639877524e-20 hw0= 3.972891714297857e-21 kBT= 4.07291455e-21
len(kt): 104457 len(t): 104457
k0ToutAvg= 3.999999999999971e-07
k0TlocAvg= 4.000004002481088e-07
kt1
VB= 9.726773639877524e-20 hw0= 3.972891714297857e-21 kBT= 4.07291455e-21
kt2
VB= 9.726773639877524e-20 hw0= 3.972891714297857e-21 kBT= 4.07291455e-21
VB= 9.726773639877524e-20 hw0= 3.972891714297857e-21 kBT= 4.07291455e-21
kt1 min: 1.7222612982348985e-37 max: 15382.608969166788 mean: 36.67952327468038
kt1 unique values: [1.72226130e-37 1.72316005e-37 1.72557270e-37 ... 1.53756361e+04
 1.53756891e+04 1.53826090e+04]
kt2 min: 3.9999999999999707e-07 max: 3.9999999999999707e-07 mean: 3.99999999999997e-07
kt2 unique values: [4.e-07]
len(kt): 103458 len(t): 103458
kavg1= 36.674305550795275
len(kt): 999 len(t): 999
kavg2= 3.99999999999997e-07
len(kt): 104457 len(t): 104457
kavg= 1.0673419838546656e-06
ModeSe= 1.668353959016404 TempInd= 1.0006202792373303e-06 Deltakk= 1.6683549596366833
Ei= 1.2680821716656837e-19
Tt1 min: 295.0 max: 396.4850641384623 mean: 316.36074659304387
Tt1 unique values: [295.         295.00000103 295.00000762 ... 396.4849693  396.48503694
 396.48506414]
Tt2 min: 295.0 max: 295.02305458129933 mean: 295.00002305458133
Tt2 unique values: [295.         295.02305458]
D2Xt1 min: 3.093766291403257e-48 max: 4.024827824255371e-48 mean: 3.2885842411994675e-48
D2Xt1 unique values: [3.09376629e-48 3.09376630e-48 3.09376636e-48 ... 4.02482694e-48
 4.02482757e-48 4.02482782e-48]
D2Xt2 min: 3.093766291403257e-48 max: 3.093973599165516e-48 mean: 3.093766498711019e-48
D2Xt2 unique values: [3.09376629e-48 3.09397360e-48]
VB= 9.726773639877524e-20 hw0= 3.972891714297857e-21 kBT= 4.07291455e-21
len(kt): 104457 len(t): 104457
VB= 9.726773639877524e-20 hw0= 3.972891714297857e-21 kBT= 4.07291455e-21
len(kt): 104457 len(t): 104457
k0ToutAvg= 3.999999999999971e-07
k0TlocAvg= 4.000004157847539e-07
kt1
VB= 9.726773639877524e-20 hw0= 3.972891714297857e-21 kBT= 4.07291455e-21
kt2
VB= 9.726773639877524e-20 hw0= 3.972891714297857e-21 kBT= 4.07291455e-21
VB= 9.726773639877524e-20 hw0= 3.972891714297857e-21 kBT= 4.07291455e-21
kt1 min: 6.563595585084971e-38 max: 15957.78598150989 mean: 38.58407180960456
kt1 unique values: [6.56359559e-38 6.56597097e-38 6.57746101e-38 ... 1.59481985e+04
 1.59524608e+04 1.59577860e+04]
kt2 min: 3.9999999999999707e-07 max: 3.9999999999999707e-07 mean: 3.99999999999997e-07
kt2 unique values: [4.e-07]
len(kt): 103458 len(t): 103458
kavg1= 38.57927485662817
len(kt): 999 len(t): 999
kavg2= 3.99999999999997e-07
len(kt): 104457 len(t): 104457
kavg= 1.1056388376048535e-06
ModeSe= 1.7640960545502617 TempInd= 1.039461891946842e-06 Deltakk= 1.7640970940121536
Ei= 1.2956491753975461e-19
Tt1 min: 295.0 max: 398.6912611842024 mean: 316.8251106492536
Tt1 unique values: [295.         295.00000105 295.00000779 ... 398.69116429 398.6912334
 398.69126118]
Tt2 min: 295.0 max: 295.02355576785067 mean: 295.0000235557678
Tt2 unique values: [295.         295.02355577]
D2Xt1 min: 3.093766291403257e-48 max: 4.0453768289696365e-48 mean: 3.2928679201929387e-48
D2Xt1 unique values: [3.09376629e-48 3.09376630e-48 3.09376636e-48 ... 4.04537593e-48
 4.04537657e-48 4.04537683e-48]
D2Xt2 min: 3.093766291403257e-48 max: 3.0939781058840985e-48 mean: 3.093766503217737e-48
D2Xt2 unique values: [3.09376629e-48 3.09397811e-48]
VB= 9.726773639877524e-20 hw0= 3.972891714297857e-21 kBT= 4.07291455e-21
len(kt): 104457 len(t): 104457
VB= 9.726773639877524e-20 hw0= 3.972891714297857e-21 kBT= 4.07291455e-21
len(kt): 104457 len(t): 104457
k0ToutAvg= 3.999999999999971e-07
k0TlocAvg= 4.000004319901383e-07
kt1
VB= 9.726773639877524e-20 hw0= 3.972891714297857e-21 kBT= 4.07291455e-21
kt2
VB= 9.726773639877524e-20 hw0= 3.972891714297857e-21 kBT= 4.07291455e-21
VB= 9.726773639877524e-20 hw0= 3.972891714297857e-21 kBT= 4.07291455e-21
kt1 min: 2.5201864515675656e-38 max: 16520.359444658927 mean: 40.47590414840638
kt1 unique values: [2.52018645e-38 2.52069342e-38 2.52598988e-38 ... 1.65071937e+04
 1.65175312e+04 1.65203594e+04]
kt2 min: 3.9999999999999707e-07 max: 3.9999999999999707e-07 mean: 3.99999999999997e-07
kt2 unique values: [4.e-07]
len(kt): 103458 len(t): 103458
kavg1= 40.47152737635278
len(kt): 999 len(t): 999
kavg2= 3.99999999999997e-07
len(kt): 104457 len(t): 104457
kavg= 1.1525377874135591e-06
ModeSe= 1.8813433885585655 TempInd= 1.0799753528766558e-06 Deltakk= 1.8813444685339185
Ei= 1.323216179129409e-19
Tt1 min: 295.0 max: 400.89745822994377 mean: 317.28947470546274
Tt1 unique values: [295.         295.00000107 295.00000795 ... 400.89735927 400.89742985
 400.89745823]
Tt2 min: 295.0 max: 295.0240569543988 mean: 295.00002405695443
Tt2 unique values: [295.         295.02405695]
D2Xt1 min: 3.093766291403257e-48 max: 4.0659356239929234e-48 mean: 3.297153241135274e-48
D2Xt1 unique values: [3.09376629e-48 3.09376630e-48 3.09376636e-48 ... 4.06593470e-48
 4.06593536e-48 4.06593562e-48]
D2Xt2 min: 3.093766291403257e-48 max: 3.093982612603848e-48 mean: 3.0937665077244575e-48
D2Xt2 unique values: [3.09376629e-48 3.09398261e-48]
VB= 9.726773639877524e-20 hw0= 3.972891714297857e-21 kBT= 4.07291455e-21
len(kt): 104457 len(t): 104457
VB= 9.726773639877524e-20 hw0= 3.972891714297857e-21 kBT= 4.07291455e-21
len(kt): 104457 len(t): 104457
k0ToutAvg= 3.999999999999971e-07
k0TlocAvg= 4.0000044890731175e-07
kt1
VB= 9.726773639877524e-20 hw0= 3.972891714297857e-21 kBT= 4.07291455e-21
kt2
VB= 9.726773639877524e-20 hw0= 3.972891714297857e-21 kBT= 4.07291455e-21
VB= 9.726773639877524e-20 hw0= 3.972891714297857e-21 kBT= 4.07291455e-21
kt1 min: 9.74733588931981e-39 max: 17070.848950426258 mean: 42.35203219052313
kt1 unique values: [9.74733589e-39 9.74772271e-39 9.77164152e-39 ... 1.70547081e+04
 1.70701522e+04 1.70708490e+04]
kt2 min: 3.9999999999999707e-07 max: 3.9999999999999707e-07 mean: 3.99999999999997e-07
kt2 unique values: [4.e-07]
len(kt): 103458 len(t): 103458
kavg1= 42.34806958292778
len(kt): 999 len(t): 999
kavg2= 3.99999999999997e-07
len(kt): 104457 len(t): 104457
kavg= 1.2492144167888691e-06
ModeSe= 2.1230349197039087 TempInd= 1.1222682865624453e-06 Deltakk= 2.1230360419721954
Ei= 1.3507831828612716e-19
Tt1 min: 295.0 max: 403.10365527574095 mean: 317.75383876168644
Tt1 unique values: [295.         295.0000011  295.00000812 ... 403.10355426 403.1036263
 403.10365528]
Tt2 min: 295.0 max: 295.02455814094844 mean: 295.000024558141
Tt2 unique values: [295.         295.02455814]
D2Xt1 min: 3.093766291403257e-48 max: 4.0865040540321185e-48 mean: 3.3014401834296983e-48
D2Xt1 unique values: [3.09376629e-48 3.09376630e-48 3.09376636e-48 ... 4.08650311e-48
 4.08650378e-48 4.08650405e-48]
D2Xt2 min: 3.093766291403257e-48 max: 3.093987119324805e-48 mean: 3.093766512231178e-48
D2Xt2 unique values: [3.09376629e-48 3.09398712e-48]
VB= 9.726773639877524e-20 hw0= 3.972891714297857e-21 kBT= 4.07291455e-21
len(kt): 104457 len(t): 104457
VB= 9.726773639877524e-20 hw0= 3.972891714297857e-21 kBT= 4.07291455e-21
len(kt): 104457 len(t): 104457
k0ToutAvg= 3.999999999999971e-07
k0TlocAvg= 4.0000046658162473e-07
kt1
VB= 9.726773639877524e-20 hw0= 3.972891714297857e-21 kBT= 4.07291455e-21
kt2
VB= 9.726773639877524e-20 hw0= 3.972891714297857e-21 kBT= 4.07291455e-21
VB= 9.726773639877524e-20 hw0= 3.972891714297857e-21 kBT= 4.07291455e-21
kt1 min: 3.796356524056476e-39 max: 17612.270196610527 mean: 44.20996621857184
kt1 unique values: [3.79635652e-39 3.79682155e-39 3.80567048e-39 ... 1.75996730e+04
 1.76068313e+04 1.76122702e+04]
kt2 min: 3.9999999999999707e-07 max: 3.9999999999999707e-07 mean: 3.99999999999997e-07
kt2 unique values: [4.e-07]
len(kt): 103458 len(t): 103458
kavg1= 44.20640712347757
len(kt): 999 len(t): 999
kavg2= 3.99999999999997e-07
len(kt): 104457 len(t): 104457
kavg= 1.287940144281889e-06
ModeSe= 2.219849194250677 TempInd= 1.1664540690259454e-06 Deltakk= 2.2198503607047457
Xt0= 1.1948348605525911e-23
