Nmol= 1 Cloc= 5.9358086097330275e-22
tVC= 1.7255e-12
9.465855307640299e-08 1.7255e-12
0.0015614227820223957
A0= 2.4852171795768857e-18 xB= 1.3773677488732181e-24 kbare= 4e-07 k0= 4e-07 VB= 9.726773639877525e-20 maxk= 0.00012665839237796094
tIVR= 1e-12
tVC= 1.7255e-12
tw0= 1.9621417364597178e-14 tIVR= 1e-12 tVC= 1.7255e-12 trep= 0.001
1.9621417364597178e-14 1e-12 1.7255e-12 0.001
[50.96471786, 1.7255, 579542161.6922631]
2
1.7255e-11 879396 1000
Ei= 0.0
Tt1 min: 295.0 max: 295.0 mean: 295.0
Tt1 unique values: [295.]
Tt2 min: 295.0 max: 295.0 mean: 295.0
Tt2 unique values: [295.]
D2Xt1 min: 1.6474582874004055e-49 max: 1.6474582874004055e-49 mean: 1.647458287400407e-49
D2Xt1 unique values: [1.64745829e-49]
D2Xt2 min: 1.6474582874004055e-49 max: 1.6474582874004055e-49 mean: 1.6474582874004054e-49
D2Xt2 unique values: [1.64745829e-49]
VB= 9.726773639877525e-20 hw0= 3.376957957153179e-20 kBT= 4.07291455e-21
len(kt): 880395 len(t): 880395
VB= 9.726773639877525e-20 hw0= 3.376957957153179e-20 kBT= 4.07291455e-21
len(kt): 880395 len(t): 880395
k0ToutAvg= 4.0000000000000003e-07
k0TlocAvg= 4.0000000000000003e-07
kt1
VB= 9.726773639877525e-20 hw0= 3.376957957153179e-20 kBT= 4.07291455e-21
kt2
VB= 9.726773639877525e-20 hw0= 3.376957957153179e-20 kBT= 4.07291455e-21
VB= 9.726773639877525e-20 hw0= 3.376957957153179e-20 kBT= 4.07291455e-21
kt1 min: 4.0000000000000003e-07 max: 4.0000000000000003e-07 mean: 4.0000000000000067e-07
kt1 unique values: [4.e-07]
kt2 min: 4.0000000000000025e-07 max: 4.0000000000000025e-07 mean: 4.0000000000000035e-07
kt2 unique values: [4.e-07]
len(kt): 879396 len(t): 879396
kavg1= 4.0000000000000056e-07
len(kt): 999 len(t): 999
kavg2= 4.0000000000000025e-07
len(kt): 880395 len(t): 880395
kavg= 4.000000000000002e-07
ModeSe= 0.0 TempInd= 0.0 Deltakk= 0.0
Ei= 2.7567003731862686e-21
Tt1 min: 295.0 max: 297.1915328532786 mean: 295.46436802455133
Tt1 unique values: [295.         295.00000001 295.00000003 ... 297.1915326  297.19153279
 297.19153285]
Tt2 min: 295.0 max: 295.00050111643725 mean: 295.00000050111646
Tt2 unique values: [295.         295.00050112]
D2Xt1 min: 1.6474582874004055e-49 max: 1.6475103685386072e-49 mean: 1.6474692388485242e-49
D2Xt1 unique values: [1.64745829e-49 1.64745829e-49 1.64745829e-49 ... 1.64751037e-49
 1.64751037e-49 1.64751037e-49]
D2Xt2 min: 1.6474582874004055e-49 max: 1.6474582990346122e-49 mean: 1.6474582874120395e-49
D2Xt2 unique values: [1.64745829e-49 1.64745830e-49]
VB= 9.726773639877525e-20 hw0= 3.376957957153179e-20 kBT= 4.07291455e-21
len(kt): 880395 len(t): 880395
VB= 9.726773639877525e-20 hw0= 3.376957957153179e-20 kBT= 4.07291455e-21
len(kt): 880395 len(t): 880395
k0ToutAvg= 4.0000000000000003e-07
k0TlocAvg= 4.0000000000840456e-07
kt1
VB= 9.726773639877525e-20 hw0= 3.376957957153179e-20 kBT= 4.07291455e-21
kt2
VB= 9.726773639877525e-20 hw0= 3.376957957153179e-20 kBT= 4.07291455e-21
VB= 9.726773639877525e-20 hw0= 3.376957957153179e-20 kBT= 4.07291455e-21
kt1 min: 4.396523391779377e-08 max: 2.7030868705840707e-06 mean: 4.2358019456195104e-07
kt1 unique values: [4.39652339e-08 4.39656103e-08 4.39685955e-08 ... 2.70293016e-06
 2.70303521e-06 2.70308687e-06]
kt2 min: 4.0000000000000025e-07 max: 4.0000000000000025e-07 mean: 4.0000000000000035e-07
kt2 unique values: [4.e-07]
len(kt): 879396 len(t): 879396
kavg1= 4.235791063498775e-07
len(kt): 999 len(t): 999
kavg2= 4.0000000000000025e-07
len(kt): 880395 len(t): 880395
kavg= 4.000000003233646e-07
ModeSe= 7.874001072319234e-10 TempInd= 2.101131400113296e-11 Deltakk= 8.084114212330563e-10
Ei= 5.513400746372537e-21
Tt1 min: 295.0 max: 299.38306570656005 mean: 295.92873604907544
Tt1 unique values: [295.         295.00000001 295.00000006 ... 299.3830652  299.38306558
 299.38306571]
Tt2 min: 295.0 max: 295.00100223265054 mean: 295.00000100223264
Tt2 unique values: [295.         295.00100223]
D2Xt1 min: 1.6474582874004055e-49 max: 1.6475648998733822e-49 mean: 1.6474805366064501e-49
D2Xt1 unique values: [1.64745829e-49 1.64745829e-49 1.64745829e-49 ... 1.64756490e-49
 1.64756490e-49 1.64756490e-49]
D2Xt2 min: 1.6474582874004055e-49 max: 1.6474583106689382e-49 mean: 1.6474582874236737e-49
D2Xt2 unique values: [1.64745829e-49 1.64745831e-49]
VB= 9.726773639877525e-20 hw0= 3.376957957153179e-20 kBT= 4.07291455e-21
len(kt): 880395 len(t): 880395
VB= 9.726773639877525e-20 hw0= 3.376957957153179e-20 kBT= 4.07291455e-21
len(kt): 880395 len(t): 880395
k0ToutAvg= 4.0000000000000003e-07
k0TlocAvg= 4.0000000001681756e-07
kt1
VB= 9.726773639877525e-20 hw0= 3.376957957153179e-20 kBT= 4.07291455e-21
kt2
VB= 9.726773639877525e-20 hw0= 3.376957957153179e-20 kBT= 4.07291455e-21
VB= 9.726773639877525e-20 hw0= 3.376957957153179e-20 kBT= 4.07291455e-21
kt1 min: 1.6090918240008594e-08 max: 5.454986375106372e-06 mean: 4.506510135943688e-07
kt1 unique values: [1.60909182e-08 1.60910979e-08 1.60927085e-08 ... 5.45447059e-06
 5.45492262e-06 5.45498638e-06]
kt2 min: 4.0000000000000025e-07 max: 4.0000000000000025e-07 mean: 4.0000000000000035e-07
kt2 unique values: [4.e-07]
len(kt): 879396 len(t): 879396
kavg1= 4.5064875310443414e-07
len(kt): 999 len(t): 999
kavg2= 4.0000000000000025e-07
len(kt): 880395 len(t): 880395
kavg= 4.0000000076413784e-07
ModeSe= 1.8683007041077083e-09 TempInd= 4.2043803825947276e-11 Deltakk= 1.9103445079336555e-09
Ei= 8.270101119558806e-21
Tt1 min: 295.0 max: 301.5745985598355 mean: 296.3931040735837
Tt1 unique values: [295.         295.00000002 295.00000009 ... 301.5745978  301.57459838
 301.57459856]
Tt2 min: 295.0 max: 295.00150334874746 mean: 295.00000150334876
Tt2 unique values: [295.         295.00150335]
D2Xt1 min: 1.6474582874004055e-49 max: 1.6476219524016655e-49 mean: 1.647492188752975e-49
D2Xt1 unique values: [1.64745829e-49 1.64745829e-49 1.64745829e-49 ... 1.64762195e-49
 1.64762195e-49 1.64762195e-49]
D2Xt2 min: 1.6474582874004055e-49 max: 1.6474583223033858e-49 mean: 1.6474582874353082e-49
D2Xt2 unique values: [1.64745829e-49 1.64745832e-49]
VB= 9.726773639877525e-20 hw0= 3.376957957153179e-20 kBT= 4.07291455e-21
len(kt): 880395 len(t): 880395
VB= 9.726773639877525e-20 hw0= 3.376957957153179e-20 kBT= 4.07291455e-21
len(kt): 880395 len(t): 880395
k0ToutAvg= 4.0000000000000003e-07
k0TlocAvg= 4.000000000252392e-07
kt1
VB= 9.726773639877525e-20 hw0= 3.376957957153179e-20 kBT= 4.07291455e-21
kt2
VB= 9.726773639877525e-20 hw0= 3.376957957153179e-20 kBT= 4.07291455e-21
VB= 9.726773639877525e-20 hw0= 3.376957957153179e-20 kBT= 4.07291455e-21
kt1 min: 7.176566645137253e-09 max: 9.02769713915982e-06 mean: 4.813491098256419e-07
kt1 unique values: [7.17656665e-09 7.17661582e-09 7.17760669e-09 ... 9.02694406e-06
 9.02730041e-06 9.02769714e-06]
kt2 min: 4.0000000000000025e-07 max: 4.0000000000000025e-07 mean: 4.0000000000000035e-07
kt2 unique values: [4.e-07]
len(kt): 879396 len(t): 879396
kavg1= 4.813454256332128e-07
len(kt): 999 len(t): 999
kavg2= 4.0000000000000025e-07
len(kt): 880395 len(t): 880395
kavg= 4.000000012769028e-07
ModeSe= 3.129159009281385e-09 TempInd= 6.309786652113698e-11 Deltakk= 3.192256875802522e-09
Ei= 1.1026801492745075e-20
Tt1 min: 295.0 max: 303.76613141312305 mean: 296.85747209808517
Tt1 unique values: [295.         295.00000002 295.00000013 ... 303.7661304  303.76613117
 303.76613141]
Tt2 min: 295.0 max: 295.0020044647781 mean: 295.0000020044648
Tt2 unique values: [295.         295.00200446]
D2Xt1 min: 1.6474582874004055e-49 max: 1.647681597458157e-49 mean: 1.647504203400846e-49
D2Xt1 unique values: [1.64745829e-49 1.64745829e-49 1.64745829e-49 ... 1.64768160e-49
 1.64768160e-49 1.64768160e-49]
D2Xt2 min: 1.6474582874004055e-49 max: 1.6474583339379567e-49 mean: 1.6474582874469428e-49
D2Xt2 unique values: [1.64745829e-49 1.64745833e-49]
VB= 9.726773639877525e-20 hw0= 3.376957957153179e-20 kBT= 4.07291455e-21
len(kt): 880395 len(t): 880395
VB= 9.726773639877525e-20 hw0= 3.376957957153179e-20 kBT= 4.07291455e-21
len(kt): 880395 len(t): 880395
k0ToutAvg= 4.0000000000000003e-07
k0TlocAvg= 4.0000000003366965e-07
kt1
VB= 9.726773639877525e-20 hw0= 3.376957957153179e-20 kBT= 4.07291455e-21
kt2
VB= 9.726773639877525e-20 hw0= 3.376957957153179e-20 kBT= 4.07291455e-21
VB= 9.726773639877525e-20 hw0= 3.376957957153179e-20 kBT= 4.07291455e-21
kt1 min: 3.5453707974053337e-09 max: 1.3484952635699082e-05 mean: 5.157690100638937e-07
kt1 unique values: [3.54537080e-09 3.54558976e-09 3.54577975e-09 ... 1.34830930e-05
 1.34848647e-05 1.34849526e-05]
kt2 min: 4.0000000000000025e-07 max: 4.0000000000000025e-07 mean: 4.0000000000000035e-07
kt2 unique values: [4.e-07]
len(kt): 879396 len(t): 879396
kavg1= 5.157636512413277e-07
len(kt): 999 len(t): 999
kavg2= 4.0000000000000025e-07
len(kt): 880395 len(t): 880395
kavg= 4.0000000185875306e-07
ModeSe= 4.562708538856697e-09 TempInd= 8.417403148229409e-11 Deltakk= 4.6468825703389915e-09
Ei= 1.3783501865931344e-20
Tt1 min: 295.0 max: 305.9576642777794 mean: 297.32184012498055
Tt1 unique values: [295.         295.00000003 295.00000015 ... 305.95766301 305.95766397
 305.95766428]
Tt2 min: 295.0 max: 295.0025055807431 mean: 295.00000250558077
Tt2 unique values: [295.         295.00250558]
D2Xt1 min: 1.6474582874004055e-49 max: 1.6477439066717524e-49 mean: 1.647516588693007e-49
D2Xt1 unique values: [1.64745829e-49 1.64745829e-49 1.64745829e-49 ... 1.64774391e-49
 1.64774391e-49 1.64774391e-49]
D2Xt2 min: 1.6474582874004055e-49 max: 1.64745834557265e-49 mean: 1.6474582874585775e-49
D2Xt2 unique values: [1.64745829e-49 1.64745835e-49]
VB= 9.726773639877525e-20 hw0= 3.376957957153179e-20 kBT= 4.07291455e-21
len(kt): 880395 len(t): 880395
VB= 9.726773639877525e-20 hw0= 3.376957957153179e-20 kBT= 4.07291455e-21
len(kt): 880395 len(t): 880395
k0ToutAvg= 4.0000000000000003e-07
k0TlocAvg= 4.0000000004210917e-07
kt1
VB= 9.726773639877525e-20 hw0= 3.376957957153179e-20 kBT= 4.07291455e-21
kt2
VB= 9.726773639877525e-20 hw0= 3.376957957153179e-20 kBT= 4.07291455e-21
VB= 9.726773639877525e-20 hw0= 3.376957957153179e-20 kBT= 4.07291455e-21
kt1 min: 1.8697493312884854e-09 max: 1.886958085730107e-05 mean: 5.539816711440816e-07
kt1 unique values: [1.86974933e-09 1.86983997e-09 1.87003235e-09 ... 1.88676122e-05
 1.88685547e-05 1.88695809e-05]
kt2 min: 4.0000000000000025e-07 max: 4.0000000000000025e-07 mean: 4.0000000000000035e-07
kt2 unique values: [4.e-07]
len(kt): 879396 len(t): 879396
kavg1= 5.539743978942055e-07
len(kt): 999 len(t): 999
kavg2= 4.0000000000000025e-07
len(kt): 880395 len(t): 880395
kavg= 4.0000000250919993e-07
ModeSe= 6.167726918411637e-09 TempInd= 1.0527282810501066e-10 Deltakk= 6.272999746516647e-09
Ei= 1.654020223911761e-20
Tt1 min: 295.0 max: 308.14919711670325 mean: 297.7862081464284
Tt1 unique values: [295.         295.00000004 295.00000017 ... 308.1491956  308.14919675
 308.14919712]
Tt2 min: 295.0 max: 295.00300669665944 mean: 295.00000300669666
Tt2 unique values: [295.        295.0030067]
D2Xt1 min: 1.6474582874004055e-49 max: 1.6478089519202603e-49 mean: 1.6475293527984686e-49
D2Xt1 unique values: [1.64745829e-49 1.64745829e-49 1.64745829e-49 ... 1.64780895e-49
 1.64780895e-49 1.64780895e-49]
D2Xt2 min: 1.6474582874004055e-49 max: 1.6474583572074667e-49 mean: 1.6474582874702124e-49
D2Xt2 unique values: [1.64745829e-49 1.64745836e-49]
VB= 9.726773639877525e-20 hw0= 3.376957957153179e-20 kBT= 4.07291455e-21
len(kt): 880395 len(t): 880395
VB= 9.726773639877525e-20 hw0= 3.376957957153179e-20 kBT= 4.07291455e-21
len(kt): 880395 len(t): 880395
k0ToutAvg= 4.0000000000000003e-07
k0TlocAvg= 4.0000000005055806e-07
kt1
VB= 9.726773639877525e-20 hw0= 3.376957957153179e-20 kBT= 4.07291455e-21
kt2
VB= 9.726773639877525e-20 hw0= 3.376957957153179e-20 kBT= 4.07291455e-21
VB= 9.726773639877525e-20 hw0= 3.376957957153179e-20 kBT= 4.07291455e-21
kt1 min: 1.0328664914015424e-09 max: 2.5209921625436685e-05 mean: 5.960357026229327e-07
kt1 unique values: [1.03286649e-09 1.03292112e-09 1.03303960e-09 ... 2.52074221e-05
 2.52081083e-05 2.52099216e-05]
kt2 min: 4.0000000000000025e-07 max: 4.0000000000000025e-07 mean: 4.0000000000000035e-07
kt2 unique values: [4.e-07]
len(kt): 879396 len(t): 879396
kavg1= 5.960262915073856e-07
len(kt): 999 len(t): 999
kavg2= 4.0000000000000025e-07
len(kt): 880395 len(t): 880395
kavg= 4.00000003228096e-07
ModeSe= 7.943844894520762e-09 TempInd= 1.2639505048267475e-10 Deltakk= 8.070239945003437e-09
Ei= 1.9296902612303882e-20
Tt1 min: 295.0 max: 310.34072996100036 mean: 298.2505761690163
Tt1 unique values: [295.         295.00000004 295.0000002  ... 310.34072819 310.34072953
 310.34072996]
Tt2 min: 295.0 max: 295.0035078125627 mean: 295.00000350781255
Tt2 unique values: [295.         295.00350781]
D2Xt1 min: 1.6474582874004055e-49 max: 1.647876805290656e-49 mean: 1.6475425039092155e-49
D2Xt1 unique values: [1.64745829e-49 1.64745829e-49 1.64745829e-49 ... 1.64787681e-49
 1.64787681e-49 1.64787681e-49]
D2Xt2 min: 1.6474582874004055e-49 max: 1.6474583688424077e-49 mean: 1.6474582874818473e-49
D2Xt2 unique values: [1.64745829e-49 1.64745837e-49]
VB= 9.726773639877525e-20 hw0= 3.376957957153179e-20 kBT= 4.07291455e-21
len(kt): 880395 len(t): 880395
VB= 9.726773639877525e-20 hw0= 3.376957957153179e-20 kBT= 4.07291455e-21
len(kt): 880395 len(t): 880395
k0ToutAvg= 4.0000000000000003e-07
k0TlocAvg= 4.0000000005901637e-07
kt1
VB= 9.726773639877525e-20 hw0= 3.376957957153179e-20 kBT= 4.07291455e-21
kt2
VB= 9.726773639877525e-20 hw0= 3.376957957153179e-20 kBT= 4.07291455e-21
VB= 9.726773639877525e-20 hw0= 3.376957957153179e-20 kBT= 4.07291455e-21
kt1 min: 5.909620295074595e-10 max: 3.252320796556969e-05 mean: 6.419583439421301e-07
kt1 unique values: [5.90962030e-10 5.90993582e-10 5.91072274e-10 ... 3.25186229e-05
 3.25218745e-05 3.25232080e-05]
kt2 min: 4.0000000000000025e-07 max: 4.0000000000000025e-07 mean: 4.0000000000000035e-07
kt2 unique values: [4.e-07]
len(kt): 879396 len(t): 879396
kavg1= 6.419465915365532e-07
len(kt): 999 len(t): 999
kavg2= 4.0000000000000025e-07
len(kt): 880395 len(t): 880395
kavg= 4.0000000401541615e-07
ModeSe= 9.890999469108618e-09 TempInd= 1.4754083096418433e-10 Deltakk= 1.0038540300072802e-08
Ei= 2.205360298549015e-20
Tt1 min: 295.0 max: 312.5322628026439 mean: 298.71494419103647
Tt1 unique values: [295.         295.00000005 295.00000022 ... 312.53226077 312.53226231
 312.5322628 ]
Tt2 min: 295.0 max: 295.0040089284072 mean: 295.00000400892844
Tt2 unique values: [295.         295.00400893]
D2Xt1 min: 1.6474582874004055e-49 max: 1.6479475390333338e-49 mean: 1.6475560502358676e-49
D2Xt1 unique values: [1.64745829e-49 1.64745829e-49 1.64745829e-49 ... 1.64794754e-49
 1.64794754e-49 1.64794754e-49]
D2Xt2 min: 1.6474582874004055e-49 max: 1.6474583804774715e-49 mean: 1.6474582874934824e-49
D2Xt2 unique values: [1.64745829e-49 1.64745838e-49]
VB= 9.726773639877525e-20 hw0= 3.376957957153179e-20 kBT= 4.07291455e-21
len(kt): 880395 len(t): 880395
VB= 9.726773639877525e-20 hw0= 3.376957957153179e-20 kBT= 4.07291455e-21
len(kt): 880395 len(t): 880395
k0ToutAvg= 4.0000000000000003e-07
k0TlocAvg= 4.0000000006748426e-07
kt1
VB= 9.726773639877525e-20 hw0= 3.376957957153179e-20 kBT= 4.07291455e-21
kt2
VB= 9.726773639877525e-20 hw0= 3.376957957153179e-20 kBT= 4.07291455e-21
VB= 9.726773639877525e-20 hw0= 3.376957957153179e-20 kBT= 4.07291455e-21
kt1 min: 3.476502743623257e-10 max: 4.081611895132225e-05 mean: 6.917565090121587e-07
kt1 unique values: [3.47650274e-10 3.47682403e-10 3.47707832e-10 ... 4.08087605e-05
 4.08156520e-05 4.08161190e-05]
kt2 min: 4.0000000000000025e-07 max: 4.0000000000000025e-07 mean: 4.0000000000000035e-07
kt2 unique values: [4.e-07]
len(kt): 879396 len(t): 879396
kavg1= 6.917422346645385e-07
len(kt): 999 len(t): 999
kavg2= 4.0000000000000025e-07
len(kt): 880395 len(t): 880395
kavg= 4.000000048709313e-07
ModeSe= 1.2008617571446831e-08 TempInd= 1.6871056659623342e-10 Deltakk= 1.2177328138043065e-08
Ei= 2.4810303358676417e-20
Tt1 min: 295.0 max: 314.7237956455203 mean: 299.17931221330633
Tt1 unique values: [295.         295.00000005 295.00000025 ... 314.72379336 314.72379509
 314.72379565]
Tt2 min: 295.0 max: 295.00451004422047 mean: 295.0000045100442
Tt2 unique values: [295.         295.00451004]
D2Xt1 min: 1.6474582874004055e-49 max: 1.6480212255214735e-49 mean: 1.6475700000042946e-49
D2Xt1 unique values: [1.64745829e-49 1.64745829e-49 1.64745829e-49 ... 1.64802123e-49
 1.64802123e-49 1.64802123e-49]
D2Xt2 min: 1.6474582874004055e-49 max: 1.6474583921126592e-49 mean: 1.6474582875051175e-49
D2Xt2 unique values: [1.64745829e-49 1.64745839e-49]
VB= 9.726773639877525e-20 hw0= 3.376957957153179e-20 kBT= 4.07291455e-21
len(kt): 880395 len(t): 880395
VB= 9.726773639877525e-20 hw0= 3.376957957153179e-20 kBT= 4.07291455e-21
len(kt): 880395 len(t): 880395
k0ToutAvg= 4.0000000000000003e-07
k0TlocAvg= 4.0000000007596206e-07
kt1
VB= 9.726773639877525e-20 hw0= 3.376957957153179e-20 kBT= 4.07291455e-21
kt2
VB= 9.726773639877525e-20 hw0= 3.376957957153179e-20 kBT= 4.07291455e-21
VB= 9.726773639877525e-20 hw0= 3.376957957153179e-20 kBT= 4.07291455e-21
kt1 min: 2.0921926934478153e-10 max: 5.008641916306601e-05 mean: 7.454179226898527e-07
kt1 unique values: [2.09219269e-10 2.09220785e-10 2.09275382e-10 ... 5.00772134e-05
 5.00855663e-05 5.00864192e-05]
kt2 min: 4.0000000000000025e-07 max: 4.0000000000000025e-07 mean: 4.0000000000000035e-07
kt2 unique values: [4.e-07]
len(kt): 879396 len(t): 879396
kavg1= 7.454009705768317e-07
len(kt): 999 len(t): 999
kavg2= 4.0000000000000025e-07
len(kt): 880395 len(t): 880395
kavg= 4.0000000579418783e-07
ModeSe= 1.4295564442083875e-08 TempInd= 1.8990505147221013e-10 Deltakk= 1.4485469493556085e-08
Ei= 2.756700373186269e-20
Tt1 min: 295.0 max: 316.915328486502 mean: 299.64368023518244
Tt1 unique values: [295.         295.00000006 295.00000027 ... 316.91532595 316.91532787
 316.91532849]
Tt2 min: 295.0 max: 295.0050111600337 mean: 295.00000501116006
Tt2 unique values: [295.         295.00501116]
D2Xt1 min: 1.6474582874004055e-49 max: 1.648097937208891e-49 mean: 1.64758436145186e-49
D2Xt1 unique values: [1.64745829e-49 1.64745829e-49 1.64745829e-49 ... 1.64809794e-49
 1.64809794e-49 1.64809794e-49]
D2Xt2 min: 1.6474582874004055e-49 max: 1.6474584037479713e-49 mean: 1.647458287516753e-49
D2Xt2 unique values: [1.64745829e-49 1.64745840e-49]
VB= 9.726773639877525e-20 hw0= 3.376957957153179e-20 kBT= 4.07291455e-21
len(kt): 880395 len(t): 880395
VB= 9.726773639877525e-20 hw0= 3.376957957153179e-20 kBT= 4.07291455e-21
len(kt): 880395 len(t): 880395
k0ToutAvg= 4.0000000000000003e-07
k0TlocAvg= 4.000000000844499e-07
kt1
VB= 9.726773639877525e-20 hw0= 3.376957957153179e-20 kBT= 4.07291455e-21
kt2
VB= 9.726773639877525e-20 hw0= 3.376957957153179e-20 kBT= 4.07291455e-21
VB= 9.726773639877525e-20 hw0= 3.376957957153179e-20 kBT= 4.07291455e-21
kt1 min: 1.2831813351380373e-10 max: 6.03221830245287e-05 mean: 8.029123361152327e-07
kt1 unique values: [1.28318134e-10 1.28332422e-10 1.28341279e-10 ... 6.03122822e-05
 6.03194834e-05 6.03221830e-05]
kt2 min: 4.0000000000000025e-07 max: 4.0000000000000025e-07 mean: 4.0000000000000035e-07
kt2 unique values: [4.e-07]
len(kt): 879396 len(t): 879396
kavg1= 8.0289257668366e-07
len(kt): 999 len(t): 999
kavg2= 4.0000000000000025e-07
len(kt): 880395 len(t): 880395
kavg= 4.000000067844877e-07
ModeSe= 1.675009453140392e-08 TempInd= 2.1112468263880844e-10 Deltakk= 1.6961219214042727e-08
Ei= 3.0323704105048955e-20
Tt1 min: 295.0 max: 319.10686132854573 mean: 300.10804825728434
Tt1 unique values: [295.         295.00000007 295.0000003  ... 319.10685854 319.10686065
 319.10686133]
Tt2 min: 295.0 max: 295.0055122758378 mean: 295.00000551227583
Tt2 unique values: [295.         295.00551228]
D2Xt1 min: 1.6474582874004055e-49 max: 1.6481777465895397e-49 mean: 1.647599142823906e-49
D2Xt1 unique values: [1.64745829e-49 1.64745829e-49 1.64745829e-49 ... 1.64817775e-49
 1.64817775e-49 1.64817775e-49]
D2Xt2 min: 1.6474582874004055e-49 max: 1.6474584153834074e-49 mean: 1.6474582875283883e-49
D2Xt2 unique values: [1.64745829e-49 1.64745842e-49]
VB= 9.726773639877525e-20 hw0= 3.376957957153179e-20 kBT= 4.07291455e-21
len(kt): 880395 len(t): 880395
VB= 9.726773639877525e-20 hw0= 3.376957957153179e-20 kBT= 4.07291455e-21
len(kt): 880395 len(t): 880395
k0ToutAvg= 4.0000000000000003e-07
k0TlocAvg= 4.0000000009294803e-07
kt1
VB= 9.726773639877525e-20 hw0= 3.376957957153179e-20 kBT= 4.07291455e-21
kt2
VB= 9.726773639877525e-20 hw0= 3.376957957153179e-20 kBT= 4.07291455e-21
VB= 9.726773639877525e-20 hw0= 3.376957957153179e-20 kBT= 4.07291455e-21
kt1 min: 7.998836750915386e-11 max: 7.150280498204564e-05 mean: 8.641928016511621e-07
kt1 unique values: [7.99883675e-11 7.99954243e-11 8.00058932e-11 ... 7.14924964e-05
 7.14976491e-05 7.15028050e-05]
kt2 min: 4.0000000000000025e-07 max: 4.0000000000000025e-07 mean: 4.0000000000000035e-07
kt2 unique values: [4.e-07]
len(kt): 879396 len(t): 879396
kavg1= 8.641701325042789e-07
len(kt): 999 len(t): 999
kavg2= 4.0000000000000025e-07
len(kt): 880395 len(t): 880395
kavg= 4.000000078408881e-07
ModeSe= 1.936985017613783e-08 TempInd= 2.323699894916204e-10 Deltakk= 1.960222016562945e-08
Ei= 3.308040447823522e-20
Tt1 min: 295.0 max: 321.29839417072264 mean: 300.57241627941266
Tt1 unique values: [295.         295.00000007 295.00000032 ... 321.29839113 321.29839343
 321.29839417]
Tt2 min: 295.0 max: 295.00601339161045 mean: 295.0000060133916
Tt2 unique values: [295.         295.00601339]
D2Xt1 min: 1.6474582874004055e-49 max: 1.6482607261568962e-49 mean: 1.647614352370147e-49
D2Xt1 unique values: [1.64745829e-49 1.64745829e-49 1.64745829e-49 ... 1.64826073e-49
 1.64826073e-49 1.64826073e-49]
D2Xt2 min: 1.6474582874004055e-49 max: 1.6474584270189675e-49 mean: 1.6474582875400238e-49
D2Xt2 unique values: [1.64745829e-49 1.64745843e-49]
VB= 9.726773639877525e-20 hw0= 3.376957957153179e-20 kBT= 4.07291455e-21
len(kt): 880395 len(t): 880395
VB= 9.726773639877525e-20 hw0= 3.376957957153179e-20 kBT= 4.07291455e-21
len(kt): 880395 len(t): 880395
k0ToutAvg= 4.0000000000000003e-07
k0TlocAvg= 4.0000000010145664e-07
kt1
VB= 9.726773639877525e-20 hw0= 3.376957957153179e-20 kBT= 4.07291455e-21
kt2
VB= 9.726773639877525e-20 hw0= 3.376957957153179e-20 kBT= 4.07291455e-21
VB= 9.726773639877525e-20 hw0= 3.376957957153179e-20 kBT= 4.07291455e-21
kt1 min: 5.0567441628355114e-11 max: 8.360085793240547e-05 mean: 9.29196988045533e-07
kt1 unique values: [5.05674416e-11 5.05678230e-11 5.05833860e-11 ... 8.35905217e-05
 8.35925428e-05 8.36008579e-05]
kt2 min: 4.0000000000000025e-07 max: 4.0000000000000025e-07 mean: 4.0000000000000035e-07
kt2 unique values: [4.e-07]
len(kt): 879396 len(t): 879396
kavg1= 9.291713343260762e-07
len(kt): 999 len(t): 999
kavg2= 4.0000000000000025e-07
len(kt): 880395 len(t): 880395
kavg= 4.000000089622107e-07
ModeSe= 2.2151885157467053e-08 TempInd= 2.536415014262381e-10 Deltakk= 2.240552665889329e-08
Ei= 3.583710485142149e-20
Tt1 min: 295.0 max: 323.4899270144652 mean: 301.03678430186824
Tt1 unique values: [295.         295.00000008 295.00000035 ... 323.48992372 323.48992622
 323.48992701]
Tt2 min: 295.0 max: 295.006514507374 mean: 295.00000651450733
Tt2 unique values: [295.         295.00651451]
D2Xt1 min: 1.6474582874004055e-49 max: 1.648346948364609e-49 mean: 1.6476299983412206e-49
D2Xt1 unique values: [1.64745829e-49 1.64745829e-49 1.64745829e-49 ... 1.64834695e-49
 1.64834695e-49 1.64834695e-49]
D2Xt2 min: 1.6474582874004055e-49 max: 1.6474584386546518e-49 mean: 1.6474582875516595e-49
D2Xt2 unique values: [1.64745829e-49 1.64745844e-49]
VB= 9.726773639877525e-20 hw0= 3.376957957153179e-20 kBT= 4.07291455e-21
len(kt): 880395 len(t): 880395
VB= 9.726773639877525e-20 hw0= 3.376957957153179e-20 kBT= 4.07291455e-21
len(kt): 880395 len(t): 880395
k0ToutAvg= 4.0000000000000003e-07
k0TlocAvg= 4.0000000010997593e-07
kt1
VB= 9.726773639877525e-20 hw0= 3.376957957153179e-20 kBT= 4.07291455e-21
kt2
VB= 9.726773639877525e-20 hw0= 3.376957957153179e-20 kBT= 4.07291455e-21
VB= 9.726773639877525e-20 hw0= 3.376957957153179e-20 kBT= 4.07291455e-21
kt1 min: 3.236186848464079e-11 max: 9.6582502504571e-05 mean: 9.978485178301104e-07
kt1 unique values: [3.23618685e-11 3.23653110e-11 3.23693425e-11 ... 9.65702199e-05
 9.65726263e-05 9.65825025e-05]
kt2 min: 4.0000000000000025e-07 max: 4.0000000000000025e-07 mean: 4.0000000000000035e-07
kt2 unique values: [4.e-07]
len(kt): 879396 len(t): 879396
kavg1= 9.978198321512711e-07
len(kt): 999 len(t): 999
kavg2= 4.0000000000000025e-07
len(kt): 880395 len(t): 880395
kavg= 4.0000001014705563e-07
ModeSe= 2.5092699244085952e-08 TempInd= 2.7493974783825343e-10 Deltakk= 2.5367638991924206e-08
Ei= 3.8593805224607763e-20
Tt1 min: 295.0 max: 325.68145985682565 mean: 301.50115232403294
Tt1 unique values: [295.         295.00000009 295.00000037 ... 325.68145631 325.681459
 325.68145986]
Tt2 min: 295.0 max: 295.007015623143 mean: 295.00000701562317
Tt2 unique values: [295.         295.00701562]
D2Xt1 min: 1.6474582874004055e-49 max: 1.6484364855873993e-49 mean: 1.6476460889852003e-49
D2Xt1 unique values: [1.64745829e-49 1.64745829e-49 1.64745829e-49 ... 1.64843649e-49
 1.64843649e-49 1.64843649e-49]
D2Xt2 min: 1.6474582874004055e-49 max: 1.6474584502904605e-49 mean: 1.6474582875632952e-49
D2Xt2 unique values: [1.64745829e-49 1.64745845e-49]
VB= 9.726773639877525e-20 hw0= 3.376957957153179e-20 kBT= 4.07291455e-21
len(kt): 880395 len(t): 880395
VB= 9.726773639877525e-20 hw0= 3.376957957153179e-20 kBT= 4.07291455e-21
len(kt): 880395 len(t): 880395
k0ToutAvg= 4.0000000000000003e-07
k0TlocAvg= 4.0000000011850603e-07
kt1
VB= 9.726773639877525e-20 hw0= 3.376957957153179e-20 kBT= 4.07291455e-21
kt2
VB= 9.726773639877525e-20 hw0= 3.376957957153179e-20 kBT= 4.07291455e-21
VB= 9.726773639877525e-20 hw0= 3.376957957153179e-20 kBT= 4.07291455e-21
kt1 min: 2.0938457296042796e-11 max: 0.00011040836807179418 mean: 1.070058310766202e-06
kt1 unique values: [2.09384573e-11 2.09414620e-11 2.09428090e-11 ... 1.10391192e-04
 1.10399562e-04 1.10408368e-04]
kt2 min: 4.0000000000000025e-07 max: 4.0000000000000025e-07 mean: 4.0000000000000035e-07
kt2 unique values: [4.e-07]
len(kt): 879396 len(t): 879396
kavg1= 1.0700265727413518e-06
len(kt): 999 len(t): 999
kavg2= 4.0000000000000025e-07
len(kt): 880395 len(t): 880395
kavg= 4.000000113938195e-07
ModeSe= 2.818828372022275e-08 TempInd= 2.962649934254625e-10 Deltakk= 2.8484548713648212e-08
Ei= 4.135050559779403e-20
Tt1 min: 295.0 max: 327.87299269749394 mean: 301.9655203458418
Tt1 unique values: [295.         295.00000009 295.0000004  ... 327.8729889  327.87299178
 327.8729927 ]
Tt2 min: 295.0 max: 295.00751673892853 mean: 295.00000751673895
Tt2 unique values: [295.         295.00751674]
D2Xt1 min: 1.6474582874004055e-49 max: 1.6485294100832652e-49 mean: 1.647662632544271e-49
D2Xt1 unique values: [1.64745829e-49 1.64745829e-49 1.64745829e-49 ... 1.64852941e-49
 1.64852941e-49 1.64852941e-49]
D2Xt2 min: 1.6474582874004055e-49 max: 1.6474584619263942e-49 mean: 1.6474582875749312e-49
D2Xt2 unique values: [1.64745829e-49 1.64745846e-49]
VB= 9.726773639877525e-20 hw0= 3.376957957153179e-20 kBT= 4.07291455e-21
len(kt): 880395 len(t): 880395
VB= 9.726773639877525e-20 hw0= 3.376957957153179e-20 kBT= 4.07291455e-21
len(kt): 880395 len(t): 880395
k0ToutAvg= 4.0000000000000003e-07
k0TlocAvg= 4.0000000012704735e-07
kt1
VB= 9.726773639877525e-20 hw0= 3.376957957153179e-20 kBT= 4.07291455e-21
kt2
VB= 9.726773639877525e-20 hw0= 3.376957957153179e-20 kBT= 4.07291455e-21
VB= 9.726773639877525e-20 hw0= 3.376957957153179e-20 kBT= 4.07291455e-21
kt1 min: 1.368053159696764e-11 max: 0.00012503442475488794 mean: 1.145725919027857e-06
kt1 unique values: [1.36805316e-11 1.36812617e-11 1.36847938e-11 ... 1.25011298e-04
 1.25027436e-04 1.25034425e-04]
kt2 min: 4.0000000000000025e-07 max: 4.0000000000000025e-07 mean: 4.0000000000000035e-07
kt2 unique values: [4.e-07]
len(kt): 879396 len(t): 879396
kavg1= 1.1456911344497206e-06
len(kt): 999 len(t): 999
kavg2= 4.0000000000000025e-07
len(kt): 880395 len(t): 880395
kavg= 4.000000127007149e-07
ModeSe= 3.1434168898893905e-08 TempInd= 3.1761829697904935e-10 Deltakk= 3.1751787195872955e-08
Ei= 4.41072059709803e-20
Tt1 min: 295.0 max: 330.064525530429 mean: 302.4298883660022
Tt1 unique values: [295.         295.00000008 295.0000004  ... 330.06452148 330.06452455
 330.06452553]
Tt2 min: 295.0 max: 295.0080178546539 mean: 295.00000801785467
Tt2 unique values: [295.         295.00801785]
D2Xt1 min: 1.6474582874004055e-49 max: 1.6486257939558593e-49 mean: 1.6476796372513445e-49
D2Xt1 unique values: [1.64745829e-49 1.64745829e-49 1.64745829e-49 ... 1.64862579e-49
 1.64862579e-49 1.64862579e-49]
D2Xt2 min: 1.6474582874004055e-49 max: 1.6474584735624505e-49 mean: 1.6474582875865675e-49
D2Xt2 unique values: [1.64745829e-49 1.64745847e-49]
VB= 9.726773639877525e-20 hw0= 3.376957957153179e-20 kBT= 4.07291455e-21
len(kt): 880395 len(t): 880395
VB= 9.726773639877525e-20 hw0= 3.376957957153179e-20 kBT= 4.07291455e-21
len(kt): 880395 len(t): 880395
k0ToutAvg= 4.0000000000000003e-07
k0TlocAvg= 4.000000001355999e-07
kt1
VB= 9.726773639877525e-20 hw0= 3.376957957153179e-20 kBT= 4.07291455e-21
kt2
VB= 9.726773639877525e-20 hw0= 3.376957957153179e-20 kBT= 4.07291455e-21
VB= 9.726773639877525e-20 hw0= 3.376957957153179e-20 kBT= 4.07291455e-21
kt1 min: 9.017218134516706e-12 max: 0.00014041283409618342 mean: 1.2247408416557927e-06
kt1 unique values: [9.01721813e-12 9.01757071e-12 9.02028156e-12 ... 1.40382557e-04
 1.40408562e-04 1.40412834e-04]
kt2 min: 4.0000000000000025e-07 max: 4.0000000000000025e-07 mean: 4.0000000000000035e-07
kt2 unique values: [4.e-07]
len(kt): 879396 len(t): 879396
kavg1= 1.2247030413750378e-06
len(kt): 999 len(t): 999
kavg2= 4.0000000000000025e-07
len(kt): 880395 len(t): 880395
kavg= 4.0000001406578924e-07
ModeSe= 3.4825473355694166e-08 TempInd= 3.3899965849901404e-10 Deltakk= 3.516447301419318e-08
Ei= 4.6863906344166566e-20
Tt1 min: 295.0 max: 332.25605837111397 mean: 302.8942563878061
Tt1 unique values: [295.         295.00000009 295.00000043 ... 332.25605406 332.25605733
 332.25605837]
Tt2 min: 295.0 max: 295.00851897037967 mean: 295.0000085189704
Tt2 unique values: [295.         295.00851897]
D2Xt1 min: 1.6474582874004055e-49 max: 1.6487257091192702e-49 mean: 1.6476971113270212e-49
D2Xt1 unique values: [1.64745829e-49 1.64745829e-49 1.64745829e-49 ... 1.64872571e-49
 1.64872571e-49 1.64872571e-49]
D2Xt2 min: 1.6474582874004055e-49 max: 1.6474584851986317e-49 mean: 1.6474582875982035e-49
D2Xt2 unique values: [1.64745829e-49 1.64745849e-49]
VB= 9.726773639877525e-20 hw0= 3.376957957153179e-20 kBT= 4.07291455e-21
len(kt): 880395 len(t): 880395
VB= 9.726773639877525e-20 hw0= 3.376957957153179e-20 kBT= 4.07291455e-21
len(kt): 880395 len(t): 880395
k0ToutAvg= 4.0000000000000003e-07
k0TlocAvg= 4.000000001441639e-07
kt1
VB= 9.726773639877525e-20 hw0= 3.376957957153179e-20 kBT= 4.07291455e-21
kt2
VB= 9.726773639877525e-20 hw0= 3.376957957153179e-20 kBT= 4.07291455e-21
VB= 9.726773639877525e-20 hw0= 3.376957957153179e-20 kBT= 4.07291455e-21
kt1 min: 5.990900000913902e-12 max: 0.0001564927678537746 mean: 1.3069838075828484e-06
kt1 unique values: [5.99090000e-12 5.99170062e-12 5.99244594e-12 ... 1.56453987e-04
 1.56492274e-04 1.56492768e-04]
kt2 min: 4.0000000000000025e-07 max: 4.0000000000000025e-07 mean: 4.0000000000000035e-07
kt2 unique values: [4.e-07]
len(kt): 879396 len(t): 879396
kavg1= 1.3069430461346365e-06
len(kt): 999 len(t): 999
kavg2= 4.0000000000000025e-07
len(kt): 880395 len(t): 880395
kavg= 4.000000154869462e-07
ModeSe= 3.8356955809564597e-08 TempInd= 3.6040960738094856e-10 Deltakk= 3.8717365416945545e-08
Ei= 4.9620606717352833e-20
Tt1 min: 295.0 max: 334.44759121159575 mean: 303.3586244095779
Tt1 unique values: [295.         295.00000009 295.00000045 ... 334.44758665 334.44759011
 334.44759121]
Tt2 min: 295.0 max: 295.0090200861743 mean: 295.00000902008617
Tt2 unique values: [295.         295.00902009]
D2Xt1 min: 1.6474582874004055e-49 max: 1.6488292272604493e-49 mean: 1.647715062976049e-49
D2Xt1 unique values: [1.64745829e-49 1.64745829e-49 1.64745829e-49 ... 1.64882923e-49
 1.64882923e-49 1.64882923e-49]
D2Xt2 min: 1.6474582874004055e-49 max: 1.6474584968349389e-49 mean: 1.64745828760984e-49
D2Xt2 unique values: [1.64745829e-49 1.64745850e-49]
VB= 9.726773639877525e-20 hw0= 3.376957957153179e-20 kBT= 4.07291455e-21
len(kt): 880395 len(t): 880395
VB= 9.726773639877525e-20 hw0= 3.376957957153179e-20 kBT= 4.07291455e-21
len(kt): 880395 len(t): 880395
k0ToutAvg= 4.0000000000000003e-07
k0TlocAvg= 4.000000001527396e-07
kt1
VB= 9.726773639877525e-20 hw0= 3.376957957153179e-20 kBT= 4.07291455e-21
kt2
VB= 9.726773639877525e-20 hw0= 3.376957957153179e-20 kBT= 4.07291455e-21
VB= 9.726773639877525e-20 hw0= 3.376957957153179e-20 kBT= 4.07291455e-21
kt1 min: 4.009422909022733e-12 max: 0.00017322570905962004 mean: 1.3923280181852044e-06
kt1 unique values: [4.00942291e-12 4.01012142e-12 4.01034510e-12 ... 1.73185815e-04
 1.73221186e-04 1.73225709e-04]
kt2 min: 4.0000000000000025e-07 max: 4.0000000000000025e-07 mean: 4.0000000000000035e-07
kt2 unique values: [4.e-07]
len(kt): 879396 len(t): 879396
kavg1= 1.3922843722102694e-06
len(kt): 999 len(t): 999
kavg2= 4.0000000000000025e-07
len(kt): 880395 len(t): 880395
kavg= 4.000000169619649e-07
ModeSe= 4.202306316544257e-08 TempInd= 3.8184893771824096e-10 Deltakk= 4.240491210316081e-08
Ei= 5.2377307090539107e-20
Tt1 min: 295.0 max: 336.63912405229934 mean: 303.82299243137436
Tt1 unique values: [295.         295.00000009 295.00000047 ... 336.63911924 336.63912288
 336.63912405]
Tt2 min: 295.0 max: 295.009521201849 mean: 295.00000952120183
Tt2 unique values: [295.        295.0095212]
D2Xt1 min: 1.6474582874004055e-49 max: 1.648936419805889e-49 mean: 1.6477335003844435e-49
D2Xt1 unique values: [1.64745829e-49 1.64745829e-49 1.64745829e-49 ... 1.64893642e-49
 1.64893642e-49 1.64893642e-49]
D2Xt2 min: 1.6474582874004055e-49 max: 1.6474585084713675e-49 mean: 1.6474582876214762e-49
D2Xt2 unique values: [1.64745829e-49 1.64745851e-49]
VB= 9.726773639877525e-20 hw0= 3.376957957153179e-20 kBT= 4.07291455e-21
len(kt): 880395 len(t): 880395
VB= 9.726773639877525e-20 hw0= 3.376957957153179e-20 kBT= 4.07291455e-21
len(kt): 880395 len(t): 880395
k0ToutAvg= 4.0000000000000003e-07
k0TlocAvg= 4.0000000016132725e-07
kt1
VB= 9.726773639877525e-20 hw0= 3.376957957153179e-20 kBT= 4.07291455e-21
kt2
VB= 9.726773639877525e-20 hw0= 3.376957957153179e-20 kBT= 4.07291455e-21
VB= 9.726773639877525e-20 hw0= 3.376957957153179e-20 kBT= 4.07291455e-21
kt1 min: 2.701349320855356e-12 max: 0.0001905545289499475 mean: 1.4806403418739141e-06
kt1 unique values: [2.70134932e-12 2.70158832e-12 2.70223536e-12 ... 1.90515766e-04
 1.90543568e-04 1.90554529e-04]
kt2 min: 4.0000000000000025e-07 max: 4.0000000000000025e-07 mean: 4.0000000000000035e-07
kt2 unique values: [4.e-07]
len(kt): 879396 len(t): 879396
kavg1= 1.4805939083782652e-06
len(kt): 999 len(t): 999
kavg2= 4.0000000000000025e-07
len(kt): 880395 len(t): 880395
kavg= 4.000000184885201e-07
ModeSe= 4.5817982130331955e-08 TempInd= 4.0331804655758527e-10 Deltakk= 4.622130017688954e-08
Ei= 5.513400746372537e-20
Tt1 min: 295.0 max: 338.8306568929391 mean: 304.2873604531709
Tt1 unique values: [295.         295.0000001  295.00000049 ... 338.83065182 338.83065566
 338.83065689]
Tt2 min: 295.0 max: 295.01002231758554 mean: 295.0000100223176
Tt2 unique values: [295.         295.01002232]
D2Xt1 min: 1.6474582874004055e-49 max: 1.6490473578874036e-49 mean: 1.6477524317163712e-49
D2Xt1 unique values: [1.64745829e-49 1.64745829e-49 1.64745829e-49 ... 1.64904736e-49
 1.64904736e-49 1.64904736e-49]
D2Xt2 min: 1.6474582874004055e-49 max: 1.647458520107922e-49 mean: 1.6474582876331129e-49
D2Xt2 unique values: [1.64745829e-49 1.64745852e-49]
VB= 9.726773639877525e-20 hw0= 3.376957957153179e-20 kBT= 4.07291455e-21
len(kt): 880395 len(t): 880395
VB= 9.726773639877525e-20 hw0= 3.376957957153179e-20 kBT= 4.07291455e-21
len(kt): 880395 len(t): 880395
k0ToutAvg= 4.0000000000000003e-07
k0TlocAvg= 4.00000000169927e-07
kt1
VB= 9.726773639877525e-20 hw0= 3.376957957153179e-20 kBT= 4.07291455e-21
kt2
VB= 9.726773639877525e-20 hw0= 3.376957957153179e-20 kBT= 4.07291455e-21
VB= 9.726773639877525e-20 hw0= 3.376957957153179e-20 kBT= 4.07291455e-21
kt1 min: 1.83130834142894e-12 max: 0.00020842360046345804 mean: 1.5717824546568144e-06
kt1 unique values: [1.83130834e-12 1.83131021e-12 1.83209111e-12 ... 2.08387317e-04
 2.08404590e-04 2.08423600e-04]
kt2 min: 4.0000000000000025e-07 max: 4.0000000000000025e-07 mean: 4.0000000000000035e-07
kt2 unique values: [4.e-07]
len(kt): 879396 len(t): 879396
kavg1= 1.5717333491512389e-06
len(kt): 999 len(t): 999
kavg2= 4.0000000000000025e-07
len(kt): 880395 len(t): 880395
kavg= 4.000000200642001e-07
ModeSe= 4.973568275609059e-08 TempInd= 4.248174632945735e-10 Deltakk= 5.016050021938516e-08
Ei= 5.789070783691164e-20
Tt1 min: 295.0 max: 341.0221897335772 mean: 304.75172847497873
Tt1 unique values: [295.         295.0000001  295.00000051 ... 341.02218441 341.02218844
 341.02218973]
Tt2 min: 295.0 max: 295.01052343335436 mean: 295.00001052343333
Tt2 unique values: [295.         295.01052343]
D2Xt1 min: 1.6474582874004055e-49 max: 1.649162112309269e-49 mean: 1.6477718651111622e-49
D2Xt1 unique values: [1.64745829e-49 1.64745829e-49 1.64745829e-49 ... 1.64916211e-49
 1.64916211e-49 1.64916211e-49]
D2Xt2 min: 1.6474582874004055e-49 max: 1.6474585317446018e-49 mean: 1.6474582876447495e-49
D2Xt2 unique values: [1.64745829e-49 1.64745853e-49]
VB= 9.726773639877525e-20 hw0= 3.376957957153179e-20 kBT= 4.07291455e-21
len(kt): 880395 len(t): 880395
VB= 9.726773639877525e-20 hw0= 3.376957957153179e-20 kBT= 4.07291455e-21
len(kt): 880395 len(t): 880395
k0ToutAvg= 4.0000000000000003e-07
k0TlocAvg= 4.00000000178539e-07
kt1
VB= 9.726773639877525e-20 hw0= 3.376957957153179e-20 kBT= 4.07291455e-21
kt2
VB= 9.726773639877525e-20 hw0= 3.376957957153179e-20 kBT= 4.07291455e-21
VB= 9.726773639877525e-20 hw0= 3.376957957153179e-20 kBT= 4.07291455e-21
kt1 min: 1.2484946743541246e-12 max: 0.00022677761182284892 mean: 1.6656119219167329e-06
kt1 unique values: [1.24849467e-12 1.24860452e-12 1.24893554e-12 ... 2.26745363e-04
 2.26748747e-04 2.26777612e-04]
kt2 min: 4.0000000000000025e-07 max: 4.0000000000000025e-07 mean: 4.0000000000000035e-07
kt2 unique values: [4.e-07]
len(kt): 879396 len(t): 879396
kavg1= 1.6655602764741581e-06
len(kt): 999 len(t): 999
kavg2= 4.0000000000000025e-07
len(kt): 880395 len(t): 880395
kavg= 4.0000002168652587e-07
ModeSe= 5.376996714382473e-08 TempInd= 4.4634745262700173e-10 Deltakk= 5.421631459645173e-08
Ei= 6.064740821009791e-20
Tt1 min: 295.0 max: 343.2137225741875 mean: 305.21609649676975
Tt1 unique values: [295.         295.0000001  295.00000053 ... 343.213717   343.21372122
 343.21372257]
Tt2 min: 295.0 max: 295.0110245490719 mean: 295.00001102454905
Tt2 unique values: [295.         295.01102455]
D2Xt1 min: 1.6474582874004055e-49 max: 1.6492807535162159e-49 mean: 1.6477918086803927e-49
D2Xt1 unique values: [1.64745829e-49 1.64745829e-49 1.64745829e-49 ... 1.64928075e-49
 1.64928075e-49 1.64928075e-49]
D2Xt2 min: 1.6474582874004055e-49 max: 1.6474585433814047e-49 mean: 1.6474582876563863e-49
D2Xt2 unique values: [1.64745829e-49 1.64745854e-49]
VB= 9.726773639877525e-20 hw0= 3.376957957153179e-20 kBT= 4.07291455e-21
len(kt): 880395 len(t): 880395
VB= 9.726773639877525e-20 hw0= 3.376957957153179e-20 kBT= 4.07291455e-21
len(kt): 880395 len(t): 880395
k0ToutAvg= 4.0000000000000003e-07
k0TlocAvg= 4.000000001871636e-07
kt1
VB= 9.726773639877525e-20 hw0= 3.376957957153179e-20 kBT= 4.07291455e-21
kt2
VB= 9.726773639877525e-20 hw0= 3.376957957153179e-20 kBT= 4.07291455e-21
VB= 9.726773639877525e-20 hw0= 3.376957957153179e-20 kBT= 4.07291455e-21
kt1 min: 8.556928279102955e-13 max: 0.000245561632499442 mean: 1.7619832178365027e-06
kt1 unique values: [8.55692828e-13 8.55845480e-13 8.55927450e-13 ... 2.45520912e-04
 2.45535178e-04 2.45561632e-04]
kt2 min: 4.0000000000000025e-07 max: 4.0000000000000025e-07 mean: 4.0000000000000035e-07
kt2 unique values: [4.e-07]
len(kt): 879396 len(t): 879396
kavg1= 1.7619291791019115e-06
len(kt): 999 len(t): 999
kavg2= 4.0000000000000025e-07
len(kt): 880395 len(t): 880395
kavg= 4.0000002335296716e-07
ModeSe= 5.791450888386068e-08 TempInd= 4.67908940997156e-10 Deltakk= 5.8382417824857833e-08
Ei= 6.340410858328418e-20
Tt1 min: 295.0 max: 345.405255414871 mean: 305.68046451856395
Tt1 unique values: [295.         295.0000001  295.00000055 ... 345.40524959 345.405254
 345.40525541]
Tt2 min: 295.0 max: 295.0115256647427 mean: 295.0000115256647
Tt2 unique values: [295.         295.01152566]
D2Xt1 min: 1.6474582874004055e-49 max: 1.6494033515623896e-49 mean: 1.647812270505053e-49
D2Xt1 unique values: [1.64745829e-49 1.64745829e-49 1.64745829e-49 ... 1.64940335e-49
 1.64940335e-49 1.64940335e-49]
D2Xt2 min: 1.6474582874004055e-49 max: 1.647458555018331e-49 mean: 1.6474582876680231e-49
D2Xt2 unique values: [1.64745829e-49 1.64745856e-49]
VB= 9.726773639877525e-20 hw0= 3.376957957153179e-20 kBT= 4.07291455e-21
len(kt): 880395 len(t): 880395
VB= 9.726773639877525e-20 hw0= 3.376957957153179e-20 kBT= 4.07291455e-21
len(kt): 880395 len(t): 880395
k0ToutAvg= 4.0000000000000003e-07
k0TlocAvg= 4.000000001958009e-07
kt1
VB= 9.726773639877525e-20 hw0= 3.376957957153179e-20 kBT= 4.07291455e-21
kt2
VB= 9.726773639877525e-20 hw0= 3.376957957153179e-20 kBT= 4.07291455e-21
VB= 9.726773639877525e-20 hw0= 3.376957957153179e-20 kBT= 4.07291455e-21
kt1 min: 5.89385783557929e-13 max: 0.00026472161247273425 mean: 1.8607486799716018e-06
kt1 unique values: [5.89385784e-13 5.89499990e-13 5.89544964e-13 ... 2.64666843e-04
 2.64702916e-04 2.64721612e-04]
kt2 min: 4.0000000000000025e-07 max: 4.0000000000000025e-07 mean: 4.0000000000000035e-07
kt2 unique values: [4.e-07]
len(kt): 879396 len(t): 879396
kavg1= 1.860692407155709e-06
len(kt): 999 len(t): 999
kavg2= 4.0000000000000025e-07
len(kt): 880395 len(t): 880395
kavg= 4.0000002506095923e-07
ModeSe= 6.216289580443883e-08 TempInd= 4.895021931028323e-10 Deltakk= 6.265239799754166e-08
Ei= 6.616080895647044e-20
Tt1 min: 295.0 max: 347.596788255641 mean: 306.1448325403927
Tt1 unique values: [295.         295.00000011 295.00000057 ... 347.59678217 347.59678678
 347.59678826]
Tt2 min: 295.0 max: 295.0120267805344 mean: 295.0000120267805
Tt2 unique values: [295.         295.01202678]
D2Xt1 min: 1.6474582874004055e-49 max: 1.6495299760812342e-49 mean: 1.6478332586327646e-49
D2Xt1 unique values: [1.64745829e-49 1.64745829e-49 1.64745829e-49 ... 1.64952998e-49
 1.64952998e-49 1.64952998e-49]
D2Xt2 min: 1.6474582874004055e-49 max: 1.6474585666553847e-49 mean: 1.6474582876796601e-49
D2Xt2 unique values: [1.64745829e-49 1.64745857e-49]
VB= 9.726773639877525e-20 hw0= 3.376957957153179e-20 kBT= 4.07291455e-21
len(kt): 880395 len(t): 880395
VB= 9.726773639877525e-20 hw0= 3.376957957153179e-20 kBT= 4.07291455e-21
len(kt): 880395 len(t): 880395
k0ToutAvg= 4.0000000000000003e-07
k0TlocAvg= 4.000000002044511e-07
kt1
VB= 9.726773639877525e-20 hw0= 3.376957957153179e-20 kBT= 4.07291455e-21
kt2
VB= 9.726773639877525e-20 hw0= 3.376957957153179e-20 kBT= 4.07291455e-21
VB= 9.726773639877525e-20 hw0= 3.376957957153179e-20 kBT= 4.07291455e-21
kt1 min: 4.078429069187691e-13 max: 0.0002842048213572093 mean: 1.961759397426422e-06
kt1 unique values: [4.07842907e-13 4.07888584e-13 4.07990921e-13 ... 2.84133624e-04
 2.84196044e-04 2.84204821e-04]
kt2 min: 4.0000000000000025e-07 max: 4.0000000000000025e-07 mean: 4.0000000000000035e-07
kt2 unique values: [4.e-07]
len(kt): 879396 len(t): 879396
kavg1= 1.961701060310902e-06
len(kt): 999 len(t): 999
kavg2= 4.0000000000000025e-07
len(kt): 880395 len(t): 880395
kavg= 4.000000268079175e-07
ModeSe= 6.65086661029628e-08 TempInd= 5.111276059907246e-10 Deltakk= 6.701979370895352e-08
Ei= 6.891750932965672e-20
Tt1 min: 295.0 max: 349.788321096255 mean: 306.6092005621923
Tt1 unique values: [295.         295.00000011 295.00000059 ... 349.78831476 349.78831956
 349.7883211 ]
Tt2 min: 295.0 max: 295.0125278962437 mean: 295.0000125278962
Tt2 unique values: [295.        295.        295.0125279]
D2Xt1 min: 1.6474582874004055e-49 max: 1.6496606962563312e-49 mean: 1.6478547810750901e-49
D2Xt1 unique values: [1.64745829e-49 1.64745829e-49 1.64745829e-49 ... 1.64966070e-49
 1.64966070e-49 1.64966070e-49]
D2Xt2 min: 1.6474582874004055e-49 max: 1.6474585782925606e-49 mean: 1.6474582876912975e-49
D2Xt2 unique values: [1.64745829e-49 1.64745858e-49]
VB= 9.726773639877525e-20 hw0= 3.376957957153179e-20 kBT= 4.07291455e-21
len(kt): 880395 len(t): 880395
VB= 9.726773639877525e-20 hw0= 3.376957957153179e-20 kBT= 4.07291455e-21
len(kt): 880395 len(t): 880395
k0ToutAvg= 4.0000000000000003e-07
k0TlocAvg= 4.0000000021311437e-07
kt1
VB= 9.726773639877525e-20 hw0= 3.376957957153179e-20 kBT= 4.07291455e-21
kt2
VB= 9.726773639877525e-20 hw0= 3.376957957153179e-20 kBT= 4.07291455e-21
VB= 9.726773639877525e-20 hw0= 3.376957957153179e-20 kBT= 4.07291455e-21
kt1 min: 2.834477060879335e-13 max: 0.00030396371799354627 mean: 2.0648660319361387e-06
kt1 unique values: [2.83447706e-13 2.83455920e-13 2.83577188e-13 ... 3.03880105e-04
 3.03960228e-04 3.03963718e-04]
kt2 min: 4.0000000000000025e-07 max: 4.0000000000000025e-07 mean: 4.0000000000000035e-07
kt2 unique values: [4.e-07]
len(kt): 879396 len(t): 879396
kavg1= 2.0648058089146766e-06
len(kt): 999 len(t): 999
kavg2= 4.0000000000000025e-07
len(kt): 880395 len(t): 880395
kavg= 4.0000002859125163e-07
ModeSe= 7.094534315375965e-08 TempInd= 5.32785841405323e-10 Deltakk= 7.147812899516497e-08
Ei= 7.167420970284298e-20
Tt1 min: 295.0 max: 351.979853937052 mean: 307.0735685840113
Tt1 unique values: [295.         295.00000011 295.00000061 ... 351.97984735 351.97985234
 351.97985394]
Tt2 min: 295.0 max: 295.0130290119165 mean: 295.0000130290119
Tt2 unique values: [295.         295.01302901]
D2Xt1 min: 1.6474582874004055e-49 max: 1.649795580793256e-49 mean: 1.6478768458049142e-49
D2Xt1 unique values: [1.64745829e-49 1.64745829e-49 1.64745829e-49 ... 1.64979558e-49
 1.64979558e-49 1.64979558e-49]
D2Xt2 min: 1.6474582874004055e-49 max: 1.6474585899298605e-49 mean: 1.6474582877029347e-49
D2Xt2 unique values: [1.64745829e-49 1.64745859e-49]
VB= 9.726773639877525e-20 hw0= 3.376957957153179e-20 kBT= 4.07291455e-21
len(kt): 880395 len(t): 880395
VB= 9.726773639877525e-20 hw0= 3.376957957153179e-20 kBT= 4.07291455e-21
len(kt): 880395 len(t): 880395
k0ToutAvg= 4.0000000000000003e-07
k0TlocAvg= 4.00000000221791e-07
kt1
VB= 9.726773639877525e-20 hw0= 3.376957957153179e-20 kBT= 4.07291455e-21
kt2
VB= 9.726773639877525e-20 hw0= 3.376957957153179e-20 kBT= 4.07291455e-21
VB= 9.726773639877525e-20 hw0= 3.376957957153179e-20 kBT= 4.07291455e-21
kt1 min: 1.97789593618066e-13 max: 0.00032395710600452253 mean: 2.169919571897931e-06
kt1 unique values: [1.97789594e-13 1.97800507e-13 1.97877116e-13 ... 3.23881294e-04
 3.23938825e-04 3.23957106e-04]
kt2 min: 4.0000000000000025e-07 max: 4.0000000000000025e-07 mean: 4.0000000000000035e-07
kt2 unique values: [4.e-07]
len(kt): 879396 len(t): 879396
kavg1= 2.1698576480740424e-06
len(kt): 999 len(t): 999
kavg2= 4.0000000000000025e-07
len(kt): 880395 len(t): 880395
kavg= 4.000000304083782e-07
ModeSe= 7.546646793355987e-08 TempInd= 5.544774287422196e-10 Deltakk= 7.602094536230209e-08
Ei= 7.443091007602925e-20
Tt1 min: 295.0 max: 354.1713867768701 mean: 307.53793660562377
Tt1 unique values: [295.         295.00000011 295.00000063 ... 354.17137993 354.17138512
 354.17138678]
Tt2 min: 295.0 max: 295.013530127615 mean: 295.0000135301276
Tt2 unique values: [295.         295.01353013]
D2Xt1 min: 1.6474582874004055e-49 max: 1.649934697892221e-49 mean: 1.6478994607538793e-49
D2Xt1 unique values: [1.64745829e-49 1.64745829e-49 1.64745829e-49 ... 1.64993470e-49
 1.64993470e-49 1.64993470e-49]
D2Xt2 min: 1.6474582874004055e-49 max: 1.647458601567285e-49 mean: 1.6474582877145721e-49
D2Xt2 unique values: [1.64745829e-49 1.64745860e-49]
VB= 9.726773639877525e-20 hw0= 3.376957957153179e-20 kBT= 4.07291455e-21
len(kt): 880395 len(t): 880395
VB= 9.726773639877525e-20 hw0= 3.376957957153179e-20 kBT= 4.07291455e-21
len(kt): 880395 len(t): 880395
k0ToutAvg= 4.0000000000000003e-07
k0TlocAvg= 4.000000002304812e-07
kt1
VB= 9.726773639877525e-20 hw0= 3.376957957153179e-20 kBT= 4.07291455e-21
kt2
VB= 9.726773639877525e-20 hw0= 3.376957957153179e-20 kBT= 4.07291455e-21
VB= 9.726773639877525e-20 hw0= 3.376957957153179e-20 kBT= 4.07291455e-21
kt1 min: 1.3854589659336141e-13 max: 0.00034412964817253896 mean: 2.276772020038434e-06
kt1 unique values: [1.38545897e-13 1.38565347e-13 1.38596852e-13 ... 3.44064120e-04
 3.44093891e-04 3.44129648e-04]
kt2 min: 4.0000000000000025e-07 max: 4.0000000000000025e-07 mean: 4.0000000000000035e-07
kt2 unique values: [4.e-07]
len(kt): 879396 len(t): 879396
kavg1= 2.2767085853977936e-06
len(kt): 999 len(t): 999
kavg2= 4.0000000000000025e-07
len(kt): 880395 len(t): 880395
kavg= 4.0000003225673234e-07
ModeSe= 8.006562787355716e-08 TempInd= 5.762028973970064e-10 Deltakk= 8.064183077095416e-08
Ei= 7.718761044921553e-20
Tt1 min: 295.0 max: 356.3629196150579 mean: 308.00230462689535
Tt1 unique values: [295.         295.00000011 295.00000065 ... 356.36291252 356.36291789
 356.36291962]
Tt2 min: 295.0 max: 295.01403124331773 mean: 295.0000140312433
Tt2 unique values: [295.         295.01403124]
D2Xt1 min: 1.6474582874004055e-49 max: 1.6500781152219324e-49 mean: 1.6479226338099256e-49
D2Xt1 unique values: [1.64745829e-49 1.64745829e-49 1.64745829e-49 ... 1.65007811e-49
 1.65007812e-49 1.65007812e-49]
D2Xt2 min: 1.6474582874004055e-49 max: 1.6474586132048344e-49 mean: 1.6474582877262097e-49
D2Xt2 unique values: [1.64745829e-49 1.64745861e-49]
VB= 9.726773639877525e-20 hw0= 3.376957957153179e-20 kBT= 4.07291455e-21
len(kt): 880395 len(t): 880395
VB= 9.726773639877525e-20 hw0= 3.376957957153179e-20 kBT= 4.07291455e-21
len(kt): 880395 len(t): 880395
k0ToutAvg= 4.0000000000000003e-07
k0TlocAvg= 4.000000002391851e-07
kt1
VB= 9.726773639877525e-20 hw0= 3.376957957153179e-20 kBT= 4.07291455e-21
kt2
VB= 9.726773639877525e-20 hw0= 3.376957957153179e-20 kBT= 4.07291455e-21
VB= 9.726773639877525e-20 hw0= 3.376957957153179e-20 kBT= 4.07291455e-21
kt1 min: 9.740112008132423e-14 max: 0.0003644372712958195 mean: 2.385277015956944e-06
kt1 unique values: [9.74011201e-14 9.74231895e-14 9.74295554e-14 ... 3.64381213e-04
 3.64384657e-04 3.64437271e-04]
kt2 min: 4.0000000000000025e-07 max: 4.0000000000000025e-07 mean: 4.0000000000000035e-07
kt2 unique values: [4.e-07]
len(kt): 879396 len(t): 879396
kavg1= 2.3852122636288103e-06
len(kt): 999 len(t): 999
kavg2= 4.0000000000000025e-07
len(kt): 880395 len(t): 880395
kavg= 4.0000003413377853e-07
ModeSe= 8.473648359388581e-08 TempInd= 5.979626444163772e-10 Deltakk= 8.533444623830219e-08
Ei= 7.994431082240179e-20
Tt1 min: 295.0 max: 358.5544524557185 mean: 308.4666726486975
Tt1 unique values: [295.         295.00000012 295.00000067 ... 358.55444511 358.55445067
 358.55445246]
Tt2 min: 295.0 max: 295.0145323590369 mean: 295.00001453235905
Tt2 unique values: [295.         295.01453236]
D2Xt1 min: 1.6474582874004055e-49 max: 1.6502258998945832e-49 mean: 1.6479463728149546e-49
D2Xt1 unique values: [1.64745829e-49 1.64745829e-49 1.64745829e-49 ... 1.65022590e-49
 1.65022590e-49 1.65022590e-49]
D2Xt2 min: 1.6474582874004055e-49 max: 1.6474586248425084e-49 mean: 1.6474582877378473e-49
D2Xt2 unique values: [1.64745829e-49 1.64745862e-49]
VB= 9.726773639877525e-20 hw0= 3.376957957153179e-20 kBT= 4.07291455e-21
len(kt): 880395 len(t): 880395
VB= 9.726773639877525e-20 hw0= 3.376957957153179e-20 kBT= 4.07291455e-21
len(kt): 880395 len(t): 880395
k0ToutAvg= 4.0000000000000003e-07
k0TlocAvg= 4.0000000024790286e-07
kt1
VB= 9.726773639877525e-20 hw0= 3.376957957153179e-20 kBT= 4.07291455e-21
kt2
VB= 9.726773639877525e-20 hw0= 3.376957957153179e-20 kBT= 4.07291455e-21
VB= 9.726773639877525e-20 hw0= 3.376957957153179e-20 kBT= 4.07291455e-21
kt1 min: 6.871162100354054e-14 max: 0.0003848385518521671 mean: 2.495290395249655e-06
kt1 unique values: [6.87116210e-14 6.87263967e-14 6.87331739e-14 ... 3.84759246e-04
 3.84801607e-04 3.84838552e-04]
kt2 min: 4.0000000000000025e-07 max: 4.0000000000000025e-07 mean: 4.0000000000000035e-07
kt2 unique values: [4.e-07]
len(kt): 879396 len(t): 879396
kavg1= 2.4952245198692125e-06
len(kt): 999 len(t): 999
kavg2= 4.0000000000000025e-07
len(kt): 880395 len(t): 880395
kavg= 4.0000003603702016e-07
ModeSe= 8.947279325581795e-08 TempInd= 6.197570668470264e-10 Deltakk= 9.009255032266498e-08
Ei= 8.270101119558806e-20
Tt1 min: 295.0 max: 360.74598529897185 mean: 308.931040671046
Tt1 unique values: [295.         295.00000012 295.00000069 ... 360.7459777  360.74598346
 360.7459853 ]
Tt2 min: 295.0 max: 295.015033474737 mean: 295.00001503347477
Tt2 unique values: [295.         295.01503347]
D2Xt1 min: 1.6474582874004055e-49 max: 1.650378118440956e-49 mean: 1.6479706855624058e-49
D2Xt1 unique values: [1.64745829e-49 1.64745829e-49 1.64745829e-49 ... 1.65037812e-49
 1.65037812e-49 1.65037812e-49]
D2Xt2 min: 1.6474582874004055e-49 max: 1.6474586364803066e-49 mean: 1.6474582877494852e-49
D2Xt2 unique values: [1.64745829e-49 1.64745864e-49]
VB= 9.726773639877525e-20 hw0= 3.376957957153179e-20 kBT= 4.07291455e-21
len(kt): 880395 len(t): 880395
VB= 9.726773639877525e-20 hw0= 3.376957957153179e-20 kBT= 4.07291455e-21
len(kt): 880395 len(t): 880395
k0ToutAvg= 4.0000000000000003e-07
k0TlocAvg= 4.0000000025663487e-07
kt1
VB= 9.726773639877525e-20 hw0= 3.376957957153179e-20 kBT= 4.07291455e-21
kt2
VB= 9.726773639877525e-20 hw0= 3.376957957153179e-20 kBT= 4.07291455e-21
VB= 9.726773639877525e-20 hw0= 3.376957957153179e-20 kBT= 4.07291455e-21
kt1 min: 4.863125725479076e-14 max: 0.0004052948342895247 mean: 2.606670687306831e-06
kt1 unique values: [4.86312573e-14 4.86379277e-14 4.86507872e-14 ... 4.05189237e-04
 4.05276415e-04 4.05294834e-04]
kt2 min: 4.0000000000000025e-07 max: 4.0000000000000025e-07 mean: 4.0000000000000035e-07
kt2 unique values: [4.e-07]
len(kt): 879396 len(t): 879396
kavg1= 2.6066038834874645e-06
len(kt): 999 len(t): 999
kavg2= 4.0000000000000025e-07
len(kt): 880395 len(t): 880395
kavg= 4.000000379640076e-07
ModeSe= 9.426843188470264e-08 TempInd= 6.415870911312398e-10 Deltakk= 9.491001897583388e-08
Ei= 8.545771156877432e-20
Tt1 min: 295.0 max: 362.93751813969254 mean: 309.3954086928552
Tt1 unique values: [295.         295.00000012 295.00000071 ... 362.93751028 362.93751623
 362.93751814]
Tt2 min: 295.0 max: 295.0155345904296 mean: 295.0000155345905
Tt2 unique values: [295.         295.01553459]
D2Xt1 min: 1.6474582874004055e-49 max: 1.6505348367869151e-49 mean: 1.6479955797949954e-49
D2Xt1 unique values: [1.64745829e-49 1.64745829e-49 1.64745829e-49 ... 1.65053484e-49
 1.65053484e-49 1.65053484e-49]
D2Xt2 min: 1.6474582874004055e-49 max: 1.6474586481182289e-49 mean: 1.647458287761123e-49
D2Xt2 unique values: [1.64745829e-49 1.64745865e-49]
VB= 9.726773639877525e-20 hw0= 3.376957957153179e-20 kBT= 4.07291455e-21
len(kt): 880395 len(t): 880395
VB= 9.726773639877525e-20 hw0= 3.376957957153179e-20 kBT= 4.07291455e-21
len(kt): 880395 len(t): 880395
k0ToutAvg= 4.0000000000000003e-07
k0TlocAvg= 4.000000002653811e-07
kt1
VB= 9.726773639877525e-20 hw0= 3.376957957153179e-20 kBT= 4.07291455e-21
kt2
VB= 9.726773639877525e-20 hw0= 3.376957957153179e-20 kBT= 4.07291455e-21
VB= 9.726773639877525e-20 hw0= 3.376957957153179e-20 kBT= 4.07291455e-21
kt1 min: 3.452624303716286e-14 max: 0.0004257733439597386 mean: 2.719279554193536e-06
kt1 unique values: [3.45262430e-14 3.45282588e-14 3.45431706e-14 ... 4.25643568e-04
 4.25770308e-04 4.25773344e-04]
kt2 min: 4.0000000000000025e-07 max: 4.0000000000000025e-07 mean: 4.0000000000000035e-07
kt2 unique values: [4.e-07]
len(kt): 879396 len(t): 879396
kavg1= 2.7192120151157447e-06
len(kt): 999 len(t): 999
kavg2= 4.0000000000000025e-07
len(kt): 880395 len(t): 880395
kavg= 4.0000003991234603e-07
ModeSe= 9.911741228109177e-08 TempInd= 6.634527172690175e-10 Deltakk= 9.978086499836079e-08
Ei= 8.82144119419606e-20
Tt1 min: 295.0 max: 365.1290509773804 mean: 309.8597767140252
Tt1 unique values: [295.         295.00000012 295.00000073 ... 365.12904287 365.12904901
 365.12905098]
Tt2 min: 295.0 max: 295.0160357061314 mean: 295.00001603570615
Tt2 unique values: [295.         295.01603571]
D2Xt1 min: 1.6474582874004055e-49 max: 1.650696120231674e-49 mean: 1.6480210632026554e-49
D2Xt1 unique values: [1.64745829e-49 1.64745829e-49 1.64745829e-49 ... 1.65069612e-49
 1.65069612e-49 1.65069612e-49]
D2Xt2 min: 1.6474582874004055e-49 max: 1.6474586597562759e-49 mean: 1.6474582877727611e-49
D2Xt2 unique values: [1.64745829e-49 1.64745866e-49]
VB= 9.726773639877525e-20 hw0= 3.376957957153179e-20 kBT= 4.07291455e-21
len(kt): 880395 len(t): 880395
VB= 9.726773639877525e-20 hw0= 3.376957957153179e-20 kBT= 4.07291455e-21
len(kt): 880395 len(t): 880395
k0ToutAvg= 4.0000000000000003e-07
k0TlocAvg= 4.0000000027414193e-07
kt1
VB= 9.726773639877525e-20 hw0= 3.376957957153179e-20 kBT= 4.07291455e-21
kt2
VB= 9.726773639877525e-20 hw0= 3.376957957153179e-20 kBT= 4.07291455e-21
VB= 9.726773639877525e-20 hw0= 3.376957957153179e-20 kBT= 4.07291455e-21
kt1 min: 2.4584283707380084e-14 max: 0.00044625951201701923 mean: 2.8329821732739316e-06
kt1 unique values: [2.45842837e-14 2.45848059e-14 2.45975286e-14 ... 4.46145916e-04
 4.46232046e-04 4.46259512e-04]
kt2 min: 4.0000000000000025e-07 max: 4.0000000000000025e-07 mean: 4.0000000000000035e-07
kt2 unique values: [4.e-07]
len(kt): 879396 len(t): 879396
kavg1= 2.8329140893952194e-06
len(kt): 999 len(t): 999
kavg2= 4.0000000000000025e-07
len(kt): 880395 len(t): 880395
kavg= 4.0000004187970203e-07
ModeSe= 1.0401390024086334e-07 TempInd= 6.853547393537476e-10 Deltakk= 1.0469925498021708e-07
Ei= 9.097111231514687e-20
Tt1 min: 295.0 max: 367.3205838179969 mean: 310.3241447358121
Tt1 unique values: [295.         295.00000013 295.00000075 ... 367.32057545 367.32058179
 367.32058382]
Tt2 min: 295.0 max: 295.016536821835 mean: 295.0000165368218
Tt2 unique values: [295.         295.01653682]
D2Xt1 min: 1.6474582874004055e-49 max: 1.6508620334265196e-49 mean: 1.6480471434204685e-49
D2Xt1 unique values: [1.64745829e-49 1.64745829e-49 1.64745829e-49 ... 1.65086203e-49
 1.65086203e-49 1.65086203e-49]
D2Xt2 min: 1.6474582874004055e-49 max: 1.6474586713944473e-49 mean: 1.6474582877843995e-49
D2Xt2 unique values: [1.64745829e-49 1.64745867e-49]
VB= 9.726773639877525e-20 hw0= 3.376957957153179e-20 kBT= 4.07291455e-21
len(kt): 880395 len(t): 880395
VB= 9.726773639877525e-20 hw0= 3.376957957153179e-20 kBT= 4.07291455e-21
len(kt): 880395 len(t): 880395
k0ToutAvg= 4.0000000000000003e-07
k0TlocAvg= 4.0000000028291746e-07
kt1
VB= 9.726773639877525e-20 hw0= 3.376957957153179e-20 kBT= 4.07291455e-21
kt2
VB= 9.726773639877525e-20 hw0= 3.376957957153179e-20 kBT= 4.07291455e-21
VB= 9.726773639877525e-20 hw0= 3.376957957153179e-20 kBT= 4.07291455e-21
kt1 min: 1.7553506273614803e-14 max: 0.0004667048965475062 mean: 2.947647566427804e-06
kt1 unique values: [1.75535063e-14 1.75552907e-14 1.75617207e-14 ... 4.66610277e-04
 4.66650010e-04 4.66704897e-04]
kt2 min: 4.0000000000000025e-07 max: 4.0000000000000025e-07 mean: 4.0000000000000035e-07
kt2 unique values: [4.e-07]
len(kt): 879396 len(t): 879396
kavg1= 2.9475791243159683e-06
len(kt): 999 len(t): 999
kavg2= 4.0000000000000025e-07
len(kt): 880395 len(t): 880395
kavg= 4.000000438638086e-07
ModeSe= 1.0895222792246012e-07 TempInd= 7.07293554432124e-10 Deltakk= 1.0965952147689224e-07
Ei= 9.372781268833313e-20
Tt1 min: 295.0 max: 369.51211666181945 mean: 310.78851275826537
Tt1 unique values: [295.         295.00000013 295.00000077 ... 369.51210804 369.51211457
 369.51211666]
Tt2 min: 295.0 max: 295.0170379374788 mean: 295.0000170379375
Tt2 unique values: [295.         295.01703794]
D2Xt1 min: 1.6474582874004055e-49 max: 1.6510326403534019e-49 mean: 1.6480738280265083e-49
D2Xt1 unique values: [1.64745829e-49 1.64745829e-49 1.64745829e-49 ... 1.65103264e-49
 1.65103264e-49 1.65103264e-49]
D2Xt2 min: 1.6474582874004055e-49 max: 1.6474586830327417e-49 mean: 1.6474582877960376e-49
D2Xt2 unique values: [1.64745829e-49 1.64745868e-49]
VB= 9.726773639877525e-20 hw0= 3.376957957153179e-20 kBT= 4.07291455e-21
len(kt): 880395 len(t): 880395
VB= 9.726773639877525e-20 hw0= 3.376957957153179e-20 kBT= 4.07291455e-21
len(kt): 880395 len(t): 880395
k0ToutAvg= 4.0000000000000003e-07
k0TlocAvg= 4.000000002917079e-07
kt1
VB= 9.726773639877525e-20 hw0= 3.376957957153179e-20 kBT= 4.07291455e-21
kt2
VB= 9.726773639877525e-20 hw0= 3.376957957153179e-20 kBT= 4.07291455e-21
VB= 9.726773639877525e-20 hw0= 3.376957957153179e-20 kBT= 4.07291455e-21
kt1 min: 1.2567193783155943e-14 max: 0.00048708230771807824 mean: 3.0631488788473303e-06
kt1 unique values: [1.25671938e-14 1.25694912e-14 1.25721742e-14 ... 4.86997028e-04
 4.87009443e-04 4.87082308e-04]
kt2 min: 4.0000000000000025e-07 max: 4.0000000000000025e-07 mean: 4.0000000000000035e-07
kt2 unique values: [4.e-07]
len(kt): 879396 len(t): 879396
kavg1= 3.0630802601377296e-06
len(kt): 999 len(t): 999
kavg2= 4.0000000000000025e-07
len(kt): 880395 len(t): 880395
kavg= 4.0000004586247106e-07
ModeSe= 1.1392690787587289e-07 TempInd= 7.292696918997388e-10 Deltakk= 1.1465617756777263e-07
Ei= 9.64845130615194e-20
Tt1 min: 295.0 max: 371.7036494992506 mean: 311.25288077938364
Tt1 unique values: [295.         295.00000013 295.00000079 ... 371.70364063 371.70364735
 371.7036495 ]
Tt2 min: 295.0 max: 295.0175390531808 mean: 295.00001753905315
Tt2 unique values: [295.         295.01753905]
D2Xt1 min: 1.6474582874004055e-49 max: 1.651208004304951e-49 mean: 1.6481011245398331e-49
D2Xt1 unique values: [1.64745829e-49 1.64745829e-49 1.64745829e-49 ... 1.65120800e-49
 1.65120800e-49 1.65120800e-49]
D2Xt2 min: 1.6474582874004055e-49 max: 1.6474586946711623e-49 mean: 1.647458287807676e-49
D2Xt2 unique values: [1.64745829e-49 1.64745869e-49]
VB= 9.726773639877525e-20 hw0= 3.376957957153179e-20 kBT= 4.07291455e-21
len(kt): 880395 len(t): 880395
VB= 9.726773639877525e-20 hw0= 3.376957957153179e-20 kBT= 4.07291455e-21
len(kt): 880395 len(t): 880395
k0ToutAvg= 4.0000000000000003e-07
k0TlocAvg= 4.000000003005134e-07
kt1
VB= 9.726773639877525e-20 hw0= 3.376957957153179e-20 kBT= 4.07291455e-21
kt2
VB= 9.726773639877525e-20 hw0= 3.376957957153179e-20 kBT= 4.07291455e-21
VB= 9.726773639877525e-20 hw0= 3.376957957153179e-20 kBT= 4.07291455e-21
kt1 min: 9.020478495187077e-15 max: 0.0005073673365639401 mean: 3.179363610495736e-06
kt1 unique values: [9.02047850e-15 9.02286588e-15 9.02339970e-15 ... 5.07248740e-04
 5.07318953e-04 5.07367337e-04]
kt2 min: 4.0000000000000025e-07 max: 4.0000000000000025e-07 mean: 4.0000000000000035e-07
kt2 unique values: [4.e-07]
len(kt): 879396 len(t): 879396
kavg1= 3.1792949909716675e-06
len(kt): 999 len(t): 999
kavg2= 4.0000000000000025e-07
len(kt): 880395 len(t): 880395
kavg= 4.000000478735698e-07
ModeSe= 1.1893264098357429e-07 TempInd= 7.512834164543881e-10 Deltakk= 1.1968392440002866e-07
Ei= 9.924121343470567e-20
Tt1 min: 295.0 max: 373.8951823398719 mean: 311.71724880117506
Tt1 unique values: [295.         295.00000014 295.00000081 ... 373.89517322 373.89518013
 373.89518234]
Tt2 min: 295.0 max: 295.0180401688925 mean: 295.0000180401689
Tt2 unique values: [295.         295.01804017]
D2Xt1 min: 1.6474582874004055e-49 max: 1.6513881878681327e-49 mean: 1.6481290404189758e-49
D2Xt1 unique values: [1.64745829e-49 1.64745829e-49 1.64745829e-49 ... 1.65138819e-49
 1.65138819e-49 1.65138819e-49]
D2Xt2 min: 1.6474582874004055e-49 max: 1.6474587063097072e-49 mean: 1.6474582878193145e-49
D2Xt2 unique values: [1.64745829e-49 1.64745871e-49]
VB= 9.726773639877525e-20 hw0= 3.376957957153179e-20 kBT= 4.07291455e-21
len(kt): 880395 len(t): 880395
VB= 9.726773639877525e-20 hw0= 3.376957957153179e-20 kBT= 4.07291455e-21
len(kt): 880395 len(t): 880395
k0ToutAvg= 4.0000000000000003e-07
k0TlocAvg= 4.0000000030933424e-07
kt1
VB= 9.726773639877525e-20 hw0= 3.376957957153179e-20 kBT= 4.07291455e-21
kt2
VB= 9.726773639877525e-20 hw0= 3.376957957153179e-20 kBT= 4.07291455e-21
VB= 9.726773639877525e-20 hw0= 3.376957957153179e-20 kBT= 4.07291455e-21
kt1 min: 6.490677449940854e-15 max: 0.0005275382803760832 mean: 3.296173803359814e-06
kt1 unique values: [6.49067745e-15 6.49230413e-15 6.49293077e-15 ... 5.27383526e-04
 5.27517016e-04 5.27538280e-04]
kt2 min: 4.0000000000000025e-07 max: 4.0000000000000025e-07 mean: 4.0000000000000035e-07
kt2 unique values: [4.e-07]
len(kt): 879396 len(t): 879396
kavg1= 3.296105352153572e-06
len(kt): 999 len(t): 999
kavg2= 4.0000000000000025e-07
len(kt): 880395 len(t): 880395
kavg= 4.000000509597445e-07
ModeSe= 1.2662602564713026e-07 TempInd= 7.733355221894597e-10 Deltakk= 1.2739936116931972e-07
Ei= 1.0199791380789194e-19
Tt1 min: 295.0 max: 376.0867151807876 mean: 312.1816168230305
Tt1 unique values: [295.         295.00000014 295.00000083 ... 376.0867058  376.08671291
 376.08671518]
Tt2 min: 295.0 max: 295.0185412845898 mean: 295.0000185412846
Tt2 unique values: [295.         295.01854128]
D2Xt1 min: 1.6474582874004055e-49 max: 1.6515732529040117e-49 mean: 1.6481575830597616e-49
D2Xt1 unique values: [1.64745829e-49 1.64745829e-49 1.64745829e-49 ... 1.65157325e-49
 1.65157325e-49 1.65157325e-49]
D2Xt2 min: 1.6474582874004055e-49 max: 1.6474587179483764e-49 mean: 1.6474582878309534e-49
D2Xt2 unique values: [1.64745829e-49 1.64745872e-49]
VB= 9.726773639877525e-20 hw0= 3.376957957153179e-20 kBT= 4.07291455e-21
len(kt): 880395 len(t): 880395
VB= 9.726773639877525e-20 hw0= 3.376957957153179e-20 kBT= 4.07291455e-21
len(kt): 880395 len(t): 880395
k0ToutAvg= 4.0000000000000003e-07
k0TlocAvg= 4.000000003181706e-07
kt1
VB= 9.726773639877525e-20 hw0= 3.376957957153179e-20 kBT= 4.07291455e-21
kt2
VB= 9.726773639877525e-20 hw0= 3.376957957153179e-20 kBT= 4.07291455e-21
VB= 9.726773639877525e-20 hw0= 3.376957957153179e-20 kBT= 4.07291455e-21
kt1 min: 4.681395305076761e-15 max: 0.0005475844228791699 mean: 3.413466187628278e-06
kt1 unique values: [4.68139531e-15 4.68222242e-15 4.68340957e-15 ... 5.47406017e-04
 5.47576049e-04 5.47584423e-04]
kt2 min: 4.0000000000000025e-07 max: 4.0000000000000025e-07 mean: 4.0000000000000035e-07
kt2 unique values: [4.e-07]
len(kt): 879396 len(t): 879396
kavg1= 3.413398066539566e-06
len(kt): 999 len(t): 999
kavg2= 4.0000000000000025e-07
len(kt): 880395 len(t): 880395
kavg= 4.0000005382576264e-07
ModeSe= 1.337689801112451e-07 TempInd= 7.954264061516479e-10 Deltakk= 1.3456440651739674e-07
Ei= 1.0475461418107821e-19
Tt1 min: 295.0 max: 378.2782480294437 mean: 312.6459848465157
Tt1 unique values: [295.         295.00000015 295.00000086 ... 378.2782384  378.27824569
 378.27824803]
Tt2 min: 295.0 max: 295.01904240027204 mean: 295.0000190424003
Tt2 unique values: [295.        295.0190424]
D2Xt1 min: 1.6474582874004055e-49 max: 1.6517632605327836e-49 mean: 1.6481867597938683e-49
D2Xt1 unique values: [1.64745829e-49 1.64745829e-49 1.64745829e-49 ... 1.65176326e-49
 1.65176326e-49 1.65176326e-49]
D2Xt2 min: 1.6474582874004055e-49 max: 1.6474587295871695e-49 mean: 1.647458287842592e-49
D2Xt2 unique values: [1.64745829e-49 1.64745873e-49]
VB= 9.726773639877525e-20 hw0= 3.376957957153179e-20 kBT= 4.07291455e-21
len(kt): 880395 len(t): 880395
VB= 9.726773639877525e-20 hw0= 3.376957957153179e-20 kBT= 4.07291455e-21
len(kt): 880395 len(t): 880395
k0ToutAvg= 4.0000000000000003e-07
k0TlocAvg= 4.000000003270226e-07
kt1
VB= 9.726773639877525e-20 hw0= 3.376957957153179e-20 kBT= 4.07291455e-21
kt2
VB= 9.726773639877525e-20 hw0= 3.376957957153179e-20 kBT= 4.07291455e-21
VB= 9.726773639877525e-20 hw0= 3.376957957153179e-20 kBT= 4.07291455e-21
kt1 min: 3.3841068317648766e-15 max: 0.0005675044277082265 mean: 3.531132289931243e-06
kt1 unique values: [3.38410683e-15 3.38445227e-15 3.38584607e-15 ... 5.67348399e-04
 5.67464055e-04 5.67504428e-04]
kt2 min: 4.0000000000000025e-07 max: 4.0000000000000025e-07 mean: 4.0000000000000035e-07
kt2 unique values: [4.e-07]
len(kt): 879396 len(t): 879396
kavg1= 3.5310646528584514e-06
len(kt): 999 len(t): 999
kavg2= 4.0000000000000025e-07
len(kt): 880395 len(t): 880395
kavg= 4.00000057794948e-07
ModeSe= 1.4366981350052243e-07 TempInd= 8.175564653876466e-10 Deltakk= 1.4448736996591008e-07
Ei= 1.0751131455426447e-19
Tt1 min: 295.0 max: 380.4697808698242 mean: 313.11035286824534
Tt1 unique values: [295.         295.00000015 295.00000088 ... 380.46977099 380.46977847
 380.46978087]
Tt2 min: 295.0 max: 295.01954351594173 mean: 295.0000195435159
Tt2 unique values: [295.         295.01954352]
D2Xt1 min: 1.6474582874004055e-49 max: 1.6519582711149086e-49 mean: 1.648216577886728e-49
D2Xt1 unique values: [1.64745829e-49 1.64745829e-49 1.64745829e-49 ... 1.65195827e-49
 1.65195827e-49 1.65195827e-49]
D2Xt2 min: 1.6474582874004055e-49 max: 1.6474587412260867e-49 mean: 1.647458287854231e-49
D2Xt2 unique values: [1.64745829e-49 1.64745874e-49]
VB= 9.726773639877525e-20 hw0= 3.376957957153179e-20 kBT= 4.07291455e-21
len(kt): 880395 len(t): 880395
VB= 9.726773639877525e-20 hw0= 3.376957957153179e-20 kBT= 4.07291455e-21
len(kt): 880395 len(t): 880395
k0ToutAvg= 4.0000000000000003e-07
k0TlocAvg= 4.000000003358905e-07
kt1
VB= 9.726773639877525e-20 hw0= 3.376957957153179e-20 kBT= 4.07291455e-21
kt2
VB= 9.726773639877525e-20 hw0= 3.376957957153179e-20 kBT= 4.07291455e-21
VB= 9.726773639877525e-20 hw0= 3.376957957153179e-20 kBT= 4.07291455e-21
kt1 min: 2.451645141391425e-15 max: 0.0005872626313190094 mean: 3.6490685067065197e-06
kt1 unique values: [2.45164514e-15 2.45171095e-15 2.45311160e-15 ... 5.87130922e-04
 5.87188089e-04 5.87262631e-04]
kt2 min: 4.0000000000000025e-07 max: 4.0000000000000025e-07 mean: 4.0000000000000035e-07
kt2 unique values: [4.e-07]
len(kt): 879396 len(t): 879396
kavg1= 3.64900149918568e-06
len(kt): 999 len(t): 999
kavg2= 4.0000000000000025e-07
len(kt): 880395 len(t): 880395
kavg= 4.000000608959054e-07
ModeSe= 1.5140003734749015e-07 TempInd= 8.397260969441498e-10 Deltakk= 1.522397634444343e-07
Ei= 1.1026801492745075e-19
Tt1 min: 295.0 max: 382.66131371039376 mean: 313.5747208900131
Tt1 unique values: [295.         295.00000015 295.00000089 ... 382.66130357 382.66131125
 382.66131371]
Tt2 min: 295.0 max: 295.02004463158227 mean: 295.0000200446316
Tt2 unique values: [295.         295.02004463]
D2Xt1 min: 1.6474582874004055e-49 max: 1.6521583442402122e-49 mean: 1.6482470445365914e-49
D2Xt1 unique values: [1.64745829e-49 1.64745829e-49 1.64745829e-49 ... 1.65215834e-49
 1.65215834e-49 1.65215834e-49]
D2Xt2 min: 1.6474582874004055e-49 max: 1.647458752865128e-49 mean: 1.64745828786587e-49
D2Xt2 unique values: [1.64745829e-49 1.64745875e-49]
VB= 9.726773639877525e-20 hw0= 3.376957957153179e-20 kBT= 4.07291455e-21
len(kt): 880395 len(t): 880395
VB= 9.726773639877525e-20 hw0= 3.376957957153179e-20 kBT= 4.07291455e-21
len(kt): 880395 len(t): 880395
k0ToutAvg= 4.0000000000000003e-07
k0TlocAvg= 4.0000000034477447e-07
kt1
VB= 9.726773639877525e-20 hw0= 3.376957957153179e-20 kBT= 4.07291455e-21
kt2
VB= 9.726773639877525e-20 hw0= 3.376957957153179e-20 kBT= 4.07291455e-21
VB= 9.726773639877525e-20 hw0= 3.376957957153179e-20 kBT= 4.07291455e-21
kt1 min: 1.7797478365423846e-15 max: 0.0006068468454157104 mean: 3.767176145716917e-06
kt1 unique values: [1.77974784e-15 1.77983502e-15 1.78079231e-15 ... 6.06736192e-04
 6.06741161e-04 6.06846845e-04]
kt2 min: 4.0000000000000025e-07 max: 4.0000000000000025e-07 mean: 4.0000000000000035e-07
kt2 unique values: [4.e-07]
len(kt): 879396 len(t): 879396
kavg1= 3.767109904562541e-06
len(kt): 999 len(t): 999
kavg2= 4.0000000000000025e-07
len(kt): 880395 len(t): 880395
kavg= 4.0000006369285495e-07
ModeSe= 1.5837020119318092e-07 TempInd= 8.619360949145456e-10 Deltakk= 1.5923213728809547e-07
Ei= 1.1302471530063702e-19
Tt1 min: 295.0 max: 384.8528465547603 mean: 314.0390889125878
Tt1 unique values: [295.         295.00000016 295.00000091 ... 384.85283616 384.85284404
 384.85284655]
Tt2 min: 295.0 max: 295.02054574727526 mean: 295.00002054574725
Tt2 unique values: [295.         295.02054575]
D2Xt1 min: 1.6474582874004055e-49 max: 1.6523635387112002e-49 mean: 1.6482781668726284e-49
D2Xt1 unique values: [1.64745829e-49 1.64745829e-49 1.64745829e-49 ... 1.65236354e-49
 1.65236354e-49 1.65236354e-49]
D2Xt2 min: 1.6474582874004055e-49 max: 1.6474587645042948e-49 mean: 1.6474582878775092e-49
D2Xt2 unique values: [1.64745829e-49 1.64745876e-49]
VB= 9.726773639877525e-20 hw0= 3.376957957153179e-20 kBT= 4.07291455e-21
len(kt): 880395 len(t): 880395
VB= 9.726773639877525e-20 hw0= 3.376957957153179e-20 kBT= 4.07291455e-21
len(kt): 880395 len(t): 880395
k0ToutAvg= 4.0000000000000003e-07
k0TlocAvg= 4.0000000035367467e-07
kt1
VB= 9.726773639877525e-20 hw0= 3.376957957153179e-20 kBT= 4.07291455e-21
kt2
VB= 9.726773639877525e-20 hw0= 3.376957957153179e-20 kBT= 4.07291455e-21
VB= 9.726773639877525e-20 hw0= 3.376957957153179e-20 kBT= 4.07291455e-21
kt1 min: 1.2945596884920337e-15 max: 0.000626246952057224 mean: 3.88536143862236e-06
kt1 unique values: [1.29455969e-15 1.29472200e-15 1.29523186e-15 ... 6.26098505e-04
 6.26168730e-04 6.26246952e-04]
kt2 min: 4.0000000000000025e-07 max: 4.0000000000000025e-07 mean: 4.0000000000000035e-07
kt2 unique values: [4.e-07]
len(kt): 879396 len(t): 879396
kavg1= 3.885296091663825e-06
len(kt): 999 len(t): 999
kavg2= 4.0000000000000025e-07
len(kt): 880395 len(t): 880395
kavg= 4.0000006688205226e-07
ModeSe= 1.66320943979917e-07 TempInd= 8.84186591647732e-10 Deltakk= 1.6720513057156472e-07
Ei= 1.1578141567382327e-19
Tt1 min: 295.0 max: 387.0443793914669 mean: 314.5034569335595
Tt1 unique values: [295.         295.00000016 295.00000093 ... 387.04436875 387.04437681
 387.04437939]
Tt2 min: 295.0 max: 295.0210468629873 mean: 295.00002104686297
Tt2 unique values: [295.         295.02104686]
D2Xt1 min: 1.6474582874004055e-49 max: 1.6525739125286703e-49 mean: 1.6483099519533344e-49
D2Xt1 unique values: [1.64745829e-49 1.64745829e-49 1.64745829e-49 ... 1.65257391e-49
 1.65257391e-49 1.65257391e-49]
D2Xt2 min: 1.6474582874004055e-49 max: 1.6474587761435867e-49 mean: 1.6474582878891485e-49
D2Xt2 unique values: [1.64745829e-49 1.64745878e-49]
VB= 9.726773639877525e-20 hw0= 3.376957957153179e-20 kBT= 4.07291455e-21
len(kt): 880395 len(t): 880395
VB= 9.726773639877525e-20 hw0= 3.376957957153179e-20 kBT= 4.07291455e-21
len(kt): 880395 len(t): 880395
k0ToutAvg= 4.0000000000000003e-07
k0TlocAvg= 4.000000003625914e-07
kt1
VB= 9.726773639877525e-20 hw0= 3.376957957153179e-20 kBT= 4.07291455e-21
kt2
VB= 9.726773639877525e-20 hw0= 3.376957957153179e-20 kBT= 4.07291455e-21
VB= 9.726773639877525e-20 hw0= 3.376957957153179e-20 kBT= 4.07291455e-21
kt1 min: 9.434702415813272e-16 max: 0.0006454547570175753 mean: 4.003535527435442e-06
kt1 unique values: [9.43470242e-16 9.43661122e-16 9.43895707e-16 ... 6.45267130e-04
 6.45405129e-04 6.45454757e-04]
kt2 min: 4.0000000000000025e-07 max: 4.0000000000000025e-07 mean: 4.0000000000000035e-07
kt2 unique values: [4.e-07]
len(kt): 879396 len(t): 879396
kavg1= 4.0034711933423376e-06
len(kt): 999 len(t): 999
kavg2= 4.0000000000000025e-07
len(kt): 880395 len(t): 880395
kavg= 4.0000007055794904e-07
ModeSe= 1.754883941411956e-07 TempInd= 9.064783812370971e-10 Deltakk= 1.763948725224327e-07
Ei= 1.1853811604700954e-19
Tt1 min: 295.0 max: 389.23591223609594 mean: 314.9678249561899
Tt1 unique values: [295.         295.00000016 295.00000095 ... 389.23590134 389.23590959
 389.23591224]
Tt2 min: 295.0 max: 295.02154797866604 mean: 295.00002154797863
Tt2 unique values: [295.         295.02154798]
D2Xt1 min: 1.6474582874004055e-49 max: 1.6527895228832291e-49 mean: 1.6483424067657707e-49
D2Xt1 unique values: [1.64745829e-49 1.64745829e-49 1.64745829e-49 ... 1.65278952e-49
 1.65278952e-49 1.65278952e-49]
D2Xt2 min: 1.6474582874004055e-49 max: 1.6474587877830016e-49 mean: 1.6474582879007878e-49
D2Xt2 unique values: [1.64745829e-49 1.64745879e-49]
VB= 9.726773639877525e-20 hw0= 3.376957957153179e-20 kBT= 4.07291455e-21
len(kt): 880395 len(t): 880395
VB= 9.726773639877525e-20 hw0= 3.376957957153179e-20 kBT= 4.07291455e-21
len(kt): 880395 len(t): 880395
k0ToutAvg= 4.0000000000000003e-07
k0TlocAvg= 4.000000003715247e-07
kt1
VB= 9.726773639877525e-20 hw0= 3.376957957153179e-20 kBT= 4.07291455e-21
kt2
VB= 9.726773639877525e-20 hw0= 3.376957957153179e-20 kBT= 4.07291455e-21
VB= 9.726773639877525e-20 hw0= 3.376957957153179e-20 kBT= 4.07291455e-21
kt1 min: 6.888852183127131e-16 max: 0.0006644638394546149 mean: 4.121614427567258e-06
kt1 unique values: [6.88885218e-16 6.89077940e-16 6.89148440e-16 ... 6.64235975e-04
 6.64443600e-04 6.64463839e-04]
kt2 min: 4.0000000000000025e-07 max: 4.0000000000000025e-07 mean: 4.0000000000000035e-07
kt2 unique values: [4.e-07]
len(kt): 879396 len(t): 879396
kavg1= 4.121551215756799e-06
len(kt): 999 len(t): 999
kavg2= 4.0000000000000025e-07
len(kt): 880395 len(t): 880395
kavg= 4.000000733469226e-07
ModeSe= 1.824384946880417e-07 TempInd= 9.288117283804368e-10 Deltakk= 1.8336730641642212e-07
Ei= 1.2129481642019582e-19
Tt1 min: 295.0 max: 391.42744505668554 mean: 315.4321929737502
Tt1 unique values: [295.         295.00000017 295.00000096 ... 391.4274339  391.42744235
 391.42744506]
Tt2 min: 295.0 max: 295.0220490943458 mean: 295.0000220490943
Tt2 unique values: [295.         295.02204909]
D2Xt1 min: 1.6474582874004055e-49 max: 1.6530104261363324e-49 mean: 1.6483755382231642e-49
D2Xt1 unique values: [1.64745829e-49 1.64745829e-49 1.64745829e-49 ... 1.65301042e-49
 1.65301043e-49 1.65301043e-49]
D2Xt2 min: 1.6474582874004055e-49 max: 1.6474587994225415e-49 mean: 1.6474582879124274e-49
D2Xt2 unique values: [1.64745829e-49 1.64745880e-49]
VB= 9.726773639877525e-20 hw0= 3.376957957153179e-20 kBT= 4.07291455e-21
len(kt): 880395 len(t): 880395
VB= 9.726773639877525e-20 hw0= 3.376957957153179e-20 kBT= 4.07291455e-21
len(kt): 880395 len(t): 880395
k0ToutAvg= 4.0000000000000003e-07
k0TlocAvg= 4.000000003804748e-07
kt1
VB= 9.726773639877525e-20 hw0= 3.376957957153179e-20 kBT= 4.07291455e-21
kt2
VB= 9.726773639877525e-20 hw0= 3.376957957153179e-20 kBT= 4.07291455e-21
VB= 9.726773639877525e-20 hw0= 3.376957957153179e-20 kBT= 4.07291455e-21
kt1 min: 5.039063186798597e-16 max: 0.0006832789706772697 mean: 4.239518970020729e-06
kt1 unique values: [5.03906319e-16 5.04063879e-16 5.04086555e-16 ... 6.83026731e-04
 6.83269400e-04 6.83278971e-04]
kt2 min: 4.0000000000000025e-07 max: 4.0000000000000025e-07 mean: 4.0000000000000035e-07
kt2 unique values: [4.e-07]
len(kt): 879396 len(t): 879396
kavg1= 4.239456980640299e-06
len(kt): 999 len(t): 999
kavg2= 4.0000000000000025e-07
len(kt): 880395 len(t): 880395
kavg= 4.0000007552887074e-07
ModeSe= 1.878709898613961e-07 TempInd= 9.511868977755473e-10 Deltakk= 1.8882217675917165e-07
Ei= 1.240515167933821e-19
Tt1 min: 295.0 max: 393.61897790219047 mean: 315.8965609965655
Tt1 unique values: [295.         295.00000017 295.00000098 ... 393.6189665  393.61897514
 393.6189779 ]
Tt2 min: 295.0 max: 295.0225502100164 mean: 295.00002255021
Tt2 unique values: [295.         295.02255021]
D2Xt1 min: 1.6474582874004055e-49 max: 1.6532366778222591e-49 mean: 1.6484093531655983e-49
D2Xt1 unique values: [1.64745829e-49 1.64745829e-49 1.64745829e-49 ... 1.65323668e-49
 1.65323668e-49 1.65323668e-49]
D2Xt2 min: 1.6474582874004055e-49 max: 1.6474588110622058e-49 mean: 1.6474582879240671e-49
D2Xt2 unique values: [1.64745829e-49 1.64745881e-49]
VB= 9.726773639877525e-20 hw0= 3.376957957153179e-20 kBT= 4.07291455e-21
len(kt): 880395 len(t): 880395
VB= 9.726773639877525e-20 hw0= 3.376957957153179e-20 kBT= 4.07291455e-21
len(kt): 880395 len(t): 880395
k0ToutAvg= 4.0000000000000003e-07
k0TlocAvg= 4.000000003894419e-07
kt1
VB= 9.726773639877525e-20 hw0= 3.376957957153179e-20 kBT= 4.07291455e-21
kt2
VB= 9.726773639877525e-20 hw0= 3.376957957153179e-20 kBT= 4.07291455e-21
VB= 9.726773639877525e-20 hw0= 3.376957957153179e-20 kBT= 4.07291455e-21
kt1 min: 3.6924137952023117e-16 max: 0.000701907504493014 mean: 4.357174725214745e-06
kt1 unique values: [3.69241380e-16 3.69331004e-16 3.69402388e-16 ... 7.01673477e-04
 7.01868106e-04 7.01907504e-04]
kt2 min: 4.0000000000000025e-07 max: 4.0000000000000025e-07 mean: 4.0000000000000035e-07
kt2 unique values: [4.e-07]
len(kt): 879396 len(t): 879396
kavg1= 4.357114049192576e-06
len(kt): 999 len(t): 999
kavg2= 4.0000000000000025e-07
len(kt): 880395 len(t): 880395
kavg= 4.000000786217683e-07
ModeSe= 1.9558081596385385e-07 TempInd= 9.736046835158164e-10 Deltakk= 1.9655442064736967e-07
Ei= 1.2680821716656837e-19
Tt1 min: 295.0 max: 395.81051073746954 mean: 316.36092901722003
Tt1 unique values: [295.         295.00000017 295.000001   ... 395.81049908 395.81050791
 395.81051074]
Tt2 min: 295.0 max: 295.02305132567 mean: 295.0000230513257
Tt2 unique values: [295.         295.02305133]
D2Xt1 min: 1.6474582874004055e-49 max: 1.6534683326213808e-49 mean: 1.6484438583563553e-49
D2Xt1 unique values: [1.64745829e-49 1.64745829e-49 1.64745829e-49 ... 1.65346833e-49
 1.65346833e-49 1.65346833e-49]
D2Xt2 min: 1.6474582874004055e-49 max: 1.647458822701994e-49 mean: 1.647458287935707e-49
D2Xt2 unique values: [1.64745829e-49 1.64745882e-49]
VB= 9.726773639877525e-20 hw0= 3.376957957153179e-20 kBT= 4.07291455e-21
len(kt): 880395 len(t): 880395
VB= 9.726773639877525e-20 hw0= 3.376957957153179e-20 kBT= 4.07291455e-21
len(kt): 880395 len(t): 880395
k0ToutAvg= 4.0000000000000003e-07
k0TlocAvg= 4.000000003984263e-07
kt1
VB= 9.726773639877525e-20 hw0= 3.376957957153179e-20 kBT= 4.07291455e-21
kt2
VB= 9.726773639877525e-20 hw0= 3.376957957153179e-20 kBT= 4.07291455e-21
VB= 9.726773639877525e-20 hw0= 3.376957957153179e-20 kBT= 4.07291455e-21
kt1 min: 2.710212638151482e-16 max: 0.0007203267502189355 mean: 4.474511910686864e-06
kt1 unique values: [2.71021264e-16 2.71067953e-16 2.71160800e-16 ... 7.20110214e-04
 7.20257943e-04 7.20326750e-04]
kt2 min: 4.0000000000000025e-07 max: 4.0000000000000025e-07 mean: 4.0000000000000035e-07
kt2 unique values: [4.e-07]
len(kt): 879396 len(t): 879396
kavg1= 4.474452629843979e-06
len(kt): 999 len(t): 999
kavg2= 4.0000000000000025e-07
len(kt): 880395 len(t): 880395
kavg= 4.0000008142989586e-07
ModeSe= 2.0257867394880182e-07 TempInd= 9.960656149968363e-10 Deltakk= 2.0357473956379866e-07
Ei= 1.2956491753975461e-19
Tt1 min: 295.0 max: 398.00204358300124 mean: 316.82529704005054
Tt1 unique values: [295.         295.00000018 295.00000101 ... 398.00203167 398.0020407
 398.00204358]
Tt2 min: 295.0 max: 295.0235524413743 mean: 295.0000235524414
Tt2 unique values: [295.         295.02355244]
D2Xt1 min: 1.6474582874004055e-49 max: 1.6537054443651123e-49 mean: 1.6484790604829406e-49
D2Xt1 unique values: [1.64745829e-49 1.64745829e-49 1.64745829e-49 ... 1.65370544e-49
 1.65370544e-49 1.65370544e-49]
D2Xt2 min: 1.6474582874004055e-49 max: 1.6474588343419077e-49 mean: 1.6474582879473466e-49
D2Xt2 unique values: [1.64745829e-49 1.64745883e-49]
VB= 9.726773639877525e-20 hw0= 3.376957957153179e-20 kBT= 4.07291455e-21
len(kt): 880395 len(t): 880395
VB= 9.726773639877525e-20 hw0= 3.376957957153179e-20 kBT= 4.07291455e-21
len(kt): 880395 len(t): 880395
k0ToutAvg= 4.0000000000000003e-07
k0TlocAvg= 4.000000004074279e-07
kt1
VB= 9.726773639877525e-20 hw0= 3.376957957153179e-20 kBT= 4.07291455e-21
kt2
VB= 9.726773639877525e-20 hw0= 3.376957957153179e-20 kBT= 4.07291455e-21
VB= 9.726773639877525e-20 hw0= 3.376957957153179e-20 kBT= 4.07291455e-21
kt1 min: 1.992530548903506e-16 max: 0.0007385353917695696 mean: 4.591465284915371e-06
kt1 unique values: [1.99253055e-16 1.99273247e-16 1.99371423e-16 ... 7.38335148e-04
 7.38438063e-04 7.38535392e-04]
kt2 min: 4.0000000000000025e-07 max: 4.0000000000000025e-07 mean: 4.0000000000000035e-07
kt2 unique values: [4.e-07]
len(kt): 879396 len(t): 879396
kavg1= 4.591407472131973e-06
len(kt): 999 len(t): 999
kavg2= 4.0000000000000025e-07
len(kt): 880395 len(t): 880395
kavg= 4.0000008417558873e-07
ModeSe= 2.0942040205635155e-07 TempInd= 1.018569692218607e-09 Deltakk= 2.1043897174857015e-07
Ei= 1.323216179129409e-19
Tt1 min: 295.0 max: 400.19357641785706 mean: 317.2896650606079
Tt1 unique values: [295.         295.00000018 295.00000103 ... 400.19356425 400.19357347
 400.19357642]
Tt2 min: 295.0 max: 295.024053557008 mean: 295.000024053557
Tt2 unique values: [295.         295.02405356]
D2Xt1 min: 1.6474582874004055e-49 max: 1.6539480660171971e-49 mean: 1.6485149661545264e-49
D2Xt1 unique values: [1.64745829e-49 1.64745829e-49 1.64745829e-49 ... 1.65394806e-49
 1.65394807e-49 1.65394807e-49]
D2Xt2 min: 1.6474582874004055e-49 max: 1.6474588459819442e-49 mean: 1.6474582879589869e-49
D2Xt2 unique values: [1.64745829e-49 1.64745885e-49]
VB= 9.726773639877525e-20 hw0= 3.376957957153179e-20 kBT= 4.07291455e-21
len(kt): 880395 len(t): 880395
VB= 9.726773639877525e-20 hw0= 3.376957957153179e-20 kBT= 4.07291455e-21
len(kt): 880395 len(t): 880395
k0ToutAvg= 4.0000000000000003e-07
k0TlocAvg= 4.0000000041644717e-07
kt1
VB= 9.726773639877525e-20 hw0= 3.376957957153179e-20 kBT= 4.07291455e-21
kt2
VB= 9.726773639877525e-20 hw0= 3.376957957153179e-20 kBT= 4.07291455e-21
VB= 9.726773639877525e-20 hw0= 3.376957957153179e-20 kBT= 4.07291455e-21
kt1 min: 1.4672113379644474e-16 max: 0.0007565331020830772 mean: 4.70797402922085e-06
kt1 unique values: [1.46721134e-16 1.46725528e-16 1.46819973e-16 ... 7.56347444e-04
 7.56408634e-04 7.56533102e-04]
kt2 min: 4.0000000000000025e-07 max: 4.0000000000000025e-07 mean: 4.0000000000000035e-07
kt2 unique values: [4.e-07]
len(kt): 879396 len(t): 879396
kavg1= 4.707917748650622e-06
len(kt): 999 len(t): 999
kavg2= 4.0000000000000025e-07
len(kt): 880395 len(t): 880395
kavg= 4.000000868873609e-07
ModeSe= 2.161772843294127e-07 TempInd= 1.0411178416234144e-09 Deltakk= 2.172184021710361e-07
Ei= 1.3507831828612716e-19
Tt1 min: 295.0 max: 402.3851092581788 mean: 317.75403308232933
Tt1 unique values: [295.         295.00000018 295.00000105 ... 402.38509684 402.38510625
 402.38510926]
Tt2 min: 295.0 max: 295.02455467266054 mean: 295.0000245546727
Tt2 unique values: [295.         295.02455467]
D2Xt1 min: 1.6474582874004055e-49 max: 1.6541962496743664e-49 mean: 1.6485515819022392e-49
D2Xt1 unique values: [1.64745829e-49 1.64745829e-49 1.64745829e-49 ... 1.65419625e-49
 1.65419625e-49 1.65419625e-49]
D2Xt2 min: 1.6474582874004055e-49 max: 1.6474588576221057e-49 mean: 1.647458287970627e-49
D2Xt2 unique values: [1.64745829e-49 1.64745886e-49]
VB= 9.726773639877525e-20 hw0= 3.376957957153179e-20 kBT= 4.07291455e-21
len(kt): 880395 len(t): 880395
VB= 9.726773639877525e-20 hw0= 3.376957957153179e-20 kBT= 4.07291455e-21
len(kt): 880395 len(t): 880395
k0ToutAvg= 4.0000000000000003e-07
k0TlocAvg= 4.0000000042548417e-07
kt1
VB= 9.726773639877525e-20 hw0= 3.376957957153179e-20 kBT= 4.07291455e-21
kt2
VB= 9.726773639877525e-20 hw0= 3.376957957153179e-20 kBT= 4.07291455e-21
VB= 9.726773639877525e-20 hw0= 3.376957957153179e-20 kBT= 4.07291455e-21
kt1 min: 1.0819989814413406e-16 max: 0.0007743204002781665 mean: 4.823981619684535e-06
kt1 unique values: [1.08199898e-16 1.08204429e-16 1.08272650e-16 ... 7.74147083e-04
 7.74170702e-04 7.74320400e-04]
kt2 min: 4.0000000000000025e-07 max: 4.0000000000000025e-07 mean: 4.0000000000000035e-07
kt2 unique values: [4.e-07]
len(kt): 879396 len(t): 879396
kavg1= 4.823926927010486e-06
len(kt): 999 len(t): 999
kavg2= 4.0000000000000025e-07
len(kt): 880395 len(t): 880395
kavg= 4.000000895986716e-07
ModeSe= 2.2293296858024906e-07 TempInd= 1.0637103279090548e-09 Deltakk= 2.2399667890815811e-07
Xt0= 1.4056880712383425e-24
