Nmol= 1 Cloc= 5.9358086097330275e-22
tVC= 1.7255e-12
9.465855307640299e-08 1.7255e-12
0.013272093647190362
A0= 2.785228307068387e-10 xB= 1.1707625865422355e-23 kbare= 4e-07 k0= 4e-07 VB= 9.726773639877524e-20 maxk= 1669.980880534421
Ei= 0.0
VB= 9.726773639877524e-20 hw0= 3.972891714297857e-21 kBT= 4.07291455e-21
kavg= 3.999999999999972e-07
VB= 9.726773639877524e-20 hw0= 3.972891714297857e-21 kBT= 4.07291455e-21
VB= 9.726773639877524e-20 hw0= 3.972891714297857e-21 kBT= 4.07291455e-21
k0ToutAvg= 3.999999999999972e-07
k0TlocAvg= 3.999999999999972e-07
ModeSe= 0.0 TempInd= 0.0 Deltakk= 0.0
Ei= 2.7567003731862686e-21
VB= 9.726773639877524e-20 hw0= 3.972891714297857e-21 kBT= 4.07291455e-21
kavg= 4.000000057697146e-07
VB= 9.726773639877524e-20 hw0= 3.972891714297857e-21 kBT= 4.07291455e-21
VB= 9.726773639877524e-20 hw0= 3.972891714297857e-21 kBT= 4.07291455e-21
k0ToutAvg= 3.999999999999972e-07
k0TlocAvg= 4.0000000020656093e-07
ModeSe= 1.390788421191948e-08 TempInd= 5.164093858124508e-10 Deltakk= 1.442429359773193e-08
Ei= 5.513400746372537e-21
VB= 9.726773639877524e-20 hw0= 3.972891714297857e-21 kBT= 4.07291455e-21
kavg= 4.000000115394336e-07
VB= 9.726773639877524e-20 hw0= 3.972891714297857e-21 kBT= 4.07291455e-21
VB= 9.726773639877524e-20 hw0= 3.972891714297857e-21 kBT= 4.07291455e-21
k0ToutAvg= 3.999999999999972e-07
k0TlocAvg= 4.000000004131257e-07
ModeSe= 2.781576974732794e-08 TempInd= 1.0328212862539638e-09 Deltakk= 2.8848591033581903e-08
Ei= 8.270101119558806e-21
VB= 9.726773639877524e-20 hw0= 3.972891714297857e-21 kBT= 4.07291455e-21
kavg= 4.000000173091538e-07
VB= 9.726773639877524e-20 hw0= 3.972891714297857e-21 kBT= 4.07291455e-21
VB= 9.726773639877524e-20 hw0= 3.972891714297857e-21 kBT= 4.07291455e-21
k0ToutAvg= 3.999999999999972e-07
k0TlocAvg= 4.000000006196917e-07
ModeSe= 4.1723655150387506e-08 TempInd= 1.5492363630690291e-09 Deltakk= 4.327289151345654e-08
Ei= 1.1026801492745075e-20
VB= 9.726773639877524e-20 hw0= 3.972891714297857e-21 kBT= 4.07291455e-21
kavg= 4.000000230788515e-07
VB= 9.726773639877524e-20 hw0= 3.972891714297857e-21 kBT= 4.07291455e-21
VB= 9.726773639877524e-20 hw0= 3.972891714297857e-21 kBT= 4.07291455e-21
k0ToutAvg= 3.999999999999972e-07
k0TlocAvg= 4.0000000082623515e-07
ModeSe= 5.563154081814486e-08 TempInd= 2.0655949269046446e-09 Deltakk= 5.76971357450495e-08
Ei= 1.3783501865931344e-20
VB= 9.726773639877524e-20 hw0= 3.972891714297857e-21 kBT= 4.07291455e-21
kavg= 4.0000002884858146e-07
VB= 9.726773639877524e-20 hw0= 3.972891714297857e-21 kBT= 4.07291455e-21
VB= 9.726773639877524e-20 hw0= 3.972891714297857e-21 kBT= 4.07291455e-21
k0ToutAvg= 3.999999999999972e-07
k0TlocAvg= 4.0000000103281087e-07
ModeSe= 6.953942648590222e-08 TempInd= 2.5820342235680454e-09 Deltakk= 7.212146070947026e-08
Ei= 1.654020223911761e-20
VB= 9.726773639877524e-20 hw0= 3.972891714297857e-21 kBT= 4.07291455e-21
kavg= 4.000000346182966e-07
VB= 9.726773639877524e-20 hw0= 3.972891714297857e-21 kBT= 4.07291455e-21
VB= 9.726773639877524e-20 hw0= 3.972891714297857e-21 kBT= 4.07291455e-21
k0ToutAvg= 3.999999999999972e-07
k0TlocAvg= 4.000000012393717e-07
ModeSe= 8.344731228600848e-08 TempInd= 3.098436330191106e-09 Deltakk= 8.654574861619959e-08
Ei= 1.9296902612303882e-20
VB= 9.726773639877524e-20 hw0= 3.972891714297857e-21 kBT= 4.07291455e-21
kavg= 4.000000403880095e-07
VB= 9.726773639877524e-20 hw0= 3.972891714297857e-21 kBT= 4.07291455e-21
VB= 9.726773639877524e-20 hw0= 3.972891714297857e-21 kBT= 4.07291455e-21
k0ToutAvg= 3.999999999999972e-07
k0TlocAvg= 4.000000014459301e-07
ModeSe= 9.735519848316143e-08 TempInd= 3.614832348764858e-09 Deltakk= 1.0097003083192629e-07
Ei= 2.205360298549015e-20
VB= 9.726773639877524e-20 hw0= 3.972891714297857e-21 kBT= 4.07291455e-21
kavg= 4.0000004615772446e-07
VB= 9.726773639877524e-20 hw0= 3.972891714297857e-21 kBT= 4.07291455e-21
VB= 9.726773639877524e-20 hw0= 3.972891714297857e-21 kBT= 4.07291455e-21
k0ToutAvg= 3.999999999999972e-07
k0TlocAvg= 4.0000000165249075e-07
ModeSe= 1.1126308428326768e-07 TempInd= 4.131233925992326e-09 Deltakk= 1.1539431820926e-07
Ei= 2.4810303358676417e-20
VB= 9.726773639877524e-20 hw0= 3.972891714297857e-21 kBT= 4.07291455e-21
kavg= 4.0000005192744666e-07
VB= 9.726773639877524e-20 hw0= 3.972891714297857e-21 kBT= 4.07291455e-21
VB= 9.726773639877524e-20 hw0= 3.972891714297857e-21 kBT= 4.07291455e-21
k0ToutAvg= 3.999999999999972e-07
k0TlocAvg= 4.000000018590584e-07
ModeSe= 1.2517097061276952e-07 TempInd= 4.64765310562323e-09 Deltakk= 1.2981862371839274e-07
Ei= 2.756700373186269e-20
VB= 9.726773639877524e-20 hw0= 3.972891714297857e-21 kBT= 4.07291455e-21
kavg= 4.000000576971623e-07
VB= 9.726773639877524e-20 hw0= 3.972891714297857e-21 kBT= 4.07291455e-21
VB= 9.726773639877524e-20 hw0= 3.972891714297857e-21 kBT= 4.07291455e-21
k0ToutAvg= 3.999999999999972e-07
k0TlocAvg= 4.0000000206561947e-07
ModeSe= 1.3907885707462028e-07 TempInd= 5.164055741641882e-09 Deltakk= 1.4424291281626215e-07
Ei= 3.0323704105048955e-20
VB= 9.726773639877524e-20 hw0= 3.972891714297857e-21 kBT= 4.07291455e-21
kavg= 4.000000634668745e-07
VB= 9.726773639877524e-20 hw0= 3.972891714297857e-21 kBT= 4.07291455e-21
VB= 9.726773639877524e-20 hw0= 3.972891714297857e-21 kBT= 4.07291455e-21
k0ToutAvg= 3.999999999999972e-07
k0TlocAvg= 4.000000022721772e-07
ModeSe= 1.5298674327177323e-07 TempInd= 5.68045003967996e-09 Deltakk= 1.5866719331145318e-07
Ei= 3.308040447823522e-20
VB= 9.726773639877524e-20 hw0= 3.972891714297857e-21 kBT= 4.07291455e-21
kavg= 4.000000692365702e-07
VB= 9.726773639877524e-20 hw0= 3.972891714297857e-21 kBT= 4.07291455e-21
VB= 9.726773639877524e-20 hw0= 3.972891714297857e-21 kBT= 4.07291455e-21
k0ToutAvg= 3.999999999999972e-07
k0TlocAvg= 4.000000024787182e-07
ModeSe= 1.6689462999832178e-07 TempInd= 6.196802515466267e-09 Deltakk= 1.7309143251378806e-07
Ei= 3.583710485142149e-20
VB= 9.726773639877524e-20 hw0= 3.972891714297857e-21 kBT= 4.07291455e-21
kavg= 4.0000007500630287e-07
VB= 9.726773639877524e-20 hw0= 3.972891714297857e-21 kBT= 4.07291455e-21
VB= 9.726773639877524e-20 hw0= 3.972891714297857e-21 kBT= 4.07291455e-21
k0ToutAvg= 3.999999999999972e-07
k0TlocAvg= 4.000000026852964e-07
ModeSe= 1.8080251619547472e-07 TempInd= 6.713248032527874e-09 Deltakk= 1.875157642280026e-07
Ei= 3.8593805224607763e-20
VB= 9.726773639877524e-20 hw0= 3.972891714297857e-21 kBT= 4.07291455e-21
kavg= 4.0000008077602105e-07
VB= 9.726773639877524e-20 hw0= 3.972891714297857e-21 kBT= 4.07291455e-21
VB= 9.726773639877524e-20 hw0= 3.972891714297857e-21 kBT= 4.07291455e-21
k0ToutAvg= 3.999999999999972e-07
k0TlocAvg= 4.000000028918598e-07
ModeSe= 1.9471040305437216e-07 TempInd= 7.2296566242469375e-09 Deltakk= 2.019400596786191e-07
Ei= 4.135050559779403e-20
VB= 9.726773639877524e-20 hw0= 3.972891714297857e-21 kBT= 4.07291455e-21
kavg= 4.0000008654573457e-07
VB= 9.726773639877524e-20 hw0= 3.972891714297857e-21 kBT= 4.07291455e-21
VB= 9.726773639877524e-20 hw0= 3.972891714297857e-21 kBT= 4.07291455e-21
k0ToutAvg= 3.999999999999972e-07
k0TlocAvg= 4.0000000309841876e-07
ModeSe= 2.0861828951622292e-07 TempInd= 7.74605396630967e-09 Deltakk= 2.1636434348253259e-07
Ei= 4.41072059709803e-20
VB= 9.726773639877524e-20 hw0= 3.972891714297857e-21 kBT= 4.07291455e-21
kavg= 4.000000923154559e-07
VB= 9.726773639877524e-20 hw0= 3.972891714297857e-21 kBT= 4.07291455e-21
VB= 9.726773639877524e-20 hw0= 3.972891714297857e-21 kBT= 4.07291455e-21
k0ToutAvg= 3.999999999999972e-07
k0TlocAvg= 4.0000000330498527e-07
ModeSe= 2.2252617663981814e-07 TempInd= 8.262470234264816e-09 Deltakk= 2.3078864687408295e-07
Ei= 4.6863906344166566e-20
VB= 9.726773639877524e-20 hw0= 3.972891714297857e-21 kBT= 4.07291455e-21
kavg= 4.0000009808517347e-07
VB= 9.726773639877524e-20 hw0= 3.972891714297857e-21 kBT= 4.07291455e-21
VB= 9.726773639877524e-20 hw0= 3.972891714297857e-21 kBT= 4.07291455e-21
k0ToutAvg= 3.999999999999972e-07
k0TlocAvg= 4.0000000351154807e-07
ModeSe= 2.3643406349871558e-07 TempInd= 8.778877237797103e-09 Deltakk= 2.452129407365127e-07
Ei= 4.9620606717352833e-20
VB= 9.726773639877524e-20 hw0= 3.972891714297857e-21 kBT= 4.07291455e-21
kavg= 4.000001038548812e-07
VB= 9.726773639877524e-20 hw0= 3.972891714297857e-21 kBT= 4.07291455e-21
VB= 9.726773639877524e-20 hw0= 3.972891714297857e-21 kBT= 4.07291455e-21
k0ToutAvg= 3.999999999999972e-07
k0TlocAvg= 4.00000003718101e-07
ModeSe= 2.503419504899619e-07 TempInd= 9.295259624434361e-09 Deltakk= 2.5963721011439625e-07
Ei= 5.2377307090539107e-20
VB= 9.726773639877524e-20 hw0= 3.972891714297857e-21 kBT= 4.07291455e-21
kavg= 4.0000010962461396e-07
VB= 9.726773639877524e-20 hw0= 3.972891714297857e-21 kBT= 4.07291455e-21
VB= 9.726773639877524e-20 hw0= 3.972891714297857e-21 kBT= 4.07291455e-21
k0ToutAvg= 3.999999999999972e-07
k0TlocAvg= 4.0000000392467897e-07
ModeSe= 2.6424983748120825e-07 TempInd= 9.811704479751478e-09 Deltakk= 2.740615419609597e-07
Ei= 5.513400746372537e-20
VB= 9.726773639877524e-20 hw0= 3.972891714297857e-21 kBT= 4.07291455e-21
kavg= 4.000001153943164e-07
VB= 9.726773639877524e-20 hw0= 3.972891714297857e-21 kBT= 4.07291455e-21
VB= 9.726773639877524e-20 hw0= 3.972891714297857e-21 kBT= 4.07291455e-21
k0ToutAvg= 3.999999999999972e-07
k0TlocAvg= 4.000000041312263e-07
ModeSe= 2.78157725266548e-07 TempInd= 1.0328072837405546e-08 Deltakk= 2.884857981039535e-07
Ei= 5.789070783691164e-20
VB= 9.726773639877524e-20 hw0= 3.972891714297857e-21 kBT= 4.07291455e-21
kavg= 4.0000012116404206e-07
VB= 9.726773639877524e-20 hw0= 3.972891714297857e-21 kBT= 4.07291455e-21
VB= 9.726773639877524e-20 hw0= 3.972891714297857e-21 kBT= 4.07291455e-21
k0ToutAvg= 3.999999999999972e-07
k0TlocAvg= 4.0000000433779716e-07
ModeSe= 2.9206561225779433e-07 TempInd= 1.084449995797033e-08 Deltakk= 3.0291011221576464e-07
Ei= 6.064740821009791e-20
VB= 9.726773639877524e-20 hw0= 3.972891714297857e-21 kBT= 4.07291455e-21
kavg= 4.0000012693375977e-07
VB= 9.726773639877524e-20 hw0= 3.972891714297857e-21 kBT= 4.07291455e-21
VB= 9.726773639877524e-20 hw0= 3.972891714297857e-21 kBT= 4.07291455e-21
k0ToutAvg= 3.999999999999972e-07
k0TlocAvg= 4.0000000454435985e-07
ModeSe= 3.0597349977843627e-07 TempInd= 1.136090669680482e-08 Deltakk= 3.1733440647524106e-07
Ei= 6.340410858328418e-20
VB= 9.726773639877524e-20 hw0= 3.972891714297857e-21 kBT= 4.07291455e-21
kavg= 4.0000013270345857e-07
VB= 9.726773639877524e-20 hw0= 3.972891714297857e-21 kBT= 4.07291455e-21
VB= 9.726773639877524e-20 hw0= 3.972891714297857e-21 kBT= 4.07291455e-21
k0ToutAvg= 3.999999999999972e-07
k0TlocAvg= 4.0000000475090365e-07
ModeSe= 3.198813872990782e-07 TempInd= 1.1877266187082723e-08 Deltakk= 3.3175865348616095e-07
Ei= 6.616080895647044e-20
VB= 9.726773639877524e-20 hw0= 3.972891714297857e-21 kBT= 4.07291455e-21
kavg= 4.000001384731791e-07
VB= 9.726773639877524e-20 hw0= 3.972891714297857e-21 kBT= 4.07291455e-21
VB= 9.726773639877524e-20 hw0= 3.972891714297857e-21 kBT= 4.07291455e-21
k0ToutAvg= 3.999999999999972e-07
k0TlocAvg= 4.0000000495746905e-07
ModeSe= 3.3378927508441794e-07 TempInd= 1.2393679675711011e-08 Deltakk= 3.4618295476012897e-07
Ei= 6.891750932965672e-20
VB= 9.726773639877524e-20 hw0= 3.972891714297857e-21 kBT= 4.07291455e-21
kavg= 4.000001442429049e-07
VB= 9.726773639877524e-20 hw0= 3.972891714297857e-21 kBT= 4.07291455e-21
VB= 9.726773639877524e-20 hw0= 3.972891714297857e-21 kBT= 4.07291455e-21
k0ToutAvg= 3.999999999999972e-07
k0TlocAvg= 4.0000000516403974e-07
ModeSe= 3.476971628697576e-07 TempInd= 1.2910106399229101e-08 Deltakk= 3.6060726926898674e-07
Ei= 7.167420970284298e-20
VB= 9.726773639877524e-20 hw0= 3.972891714297857e-21 kBT= 4.07291455e-21
kavg= 4.000001500126162e-07
VB= 9.726773639877524e-20 hw0= 3.972891714297857e-21 kBT= 4.07291455e-21
VB= 9.726773639877524e-20 hw0= 3.972891714297857e-21 kBT= 4.07291455e-21
k0ToutAvg= 3.999999999999972e-07
k0TlocAvg= 4.000000053705958e-07
ModeSe= 3.6160505091979515e-07 TempInd= 1.342649659445134e-08 Deltakk= 3.750315475142465e-07
Ei= 7.443091007602925e-20
VB= 9.726773639877524e-20 hw0= 3.972891714297857e-21 kBT= 4.07291455e-21
kavg= 4.000001557823371e-07
VB= 9.726773639877524e-20 hw0= 3.972891714297857e-21 kBT= 4.07291455e-21
VB= 9.726773639877524e-20 hw0= 3.972891714297857e-21 kBT= 4.07291455e-21
k0ToutAvg= 3.999999999999972e-07
k0TlocAvg= 4.000000055771617e-07
ModeSe= 3.75512938572786e-07 TempInd= 1.3942911274219711e-08 Deltakk= 3.894558498470057e-07
Ei= 7.718761044921553e-20
VB= 9.726773639877524e-20 hw0= 3.972891714297857e-21 kBT= 4.07291455e-21
kavg= 4.00000161552046e-07
VB= 9.726773639877524e-20 hw0= 3.972891714297857e-21 kBT= 4.07291455e-21
VB= 9.726773639877524e-20 hw0= 3.972891714297857e-21 kBT= 4.07291455e-21
k0ToutAvg= 3.999999999999972e-07
k0TlocAvg= 4.000000057837152e-07
ModeSe= 3.894208268875213e-07 TempInd= 1.4459295116694848e-08 Deltakk= 4.0388012200421617e-07
Ei= 7.994431082240179e-20
VB= 9.726773639877524e-20 hw0= 3.972891714297857e-21 kBT= 4.07291455e-21
kavg= 4.0000016732176426e-07
VB= 9.726773639877524e-20 hw0= 3.972891714297857e-21 kBT= 4.07291455e-21
VB= 9.726773639877524e-20 hw0= 3.972891714297857e-21 kBT= 4.07291455e-21
k0ToutAvg= 3.999999999999972e-07
k0TlocAvg= 4.000000059902782e-07
ModeSe= 4.0332871520225664e-07 TempInd= 1.4975702517273828e-08 Deltakk= 4.1830441771953047e-07
Ei= 8.270101119558806e-20
VB= 9.726773639877524e-20 hw0= 3.972891714297857e-21 kBT= 4.07291455e-21
kavg= 4.00000173091477e-07
VB= 9.726773639877524e-20 hw0= 3.972891714297857e-21 kBT= 4.07291455e-21
VB= 9.726773639877524e-20 hw0= 3.972891714297857e-21 kBT= 4.07291455e-21
k0ToutAvg= 3.999999999999972e-07
k0TlocAvg= 4.000000061968357e-07
ModeSe= 4.1723660325229417e-07 TempInd= 1.5492096285916314e-08 Deltakk= 4.327286995382105e-07
Ei= 8.545771156877432e-20
VB= 9.726773639877524e-20 hw0= 3.972891714297857e-21 kBT= 4.07291455e-21
kavg= 4.0000017886119713e-07
VB= 9.726773639877524e-20 hw0= 3.972891714297857e-21 kBT= 4.07291455e-21
VB= 9.726773639877524e-20 hw0= 3.972891714297857e-21 kBT= 4.07291455e-21
k0ToutAvg= 3.999999999999972e-07
k0TlocAvg= 4.0000000640340034e-07
ModeSe= 4.3114449196407614e-07 TempInd= 1.600850792166003e-08 Deltakk= 4.4715299988573616e-07
Ei= 8.82144119419606e-20
VB= 9.726773639877524e-20 hw0= 3.972891714297857e-21 kBT= 4.07291455e-21
kavg= 4.0000018463091404e-07
VB= 9.726773639877524e-20 hw0= 3.972891714297857e-21 kBT= 4.07291455e-21
VB= 9.726773639877524e-20 hw0= 3.972891714297857e-21 kBT= 4.07291455e-21
k0ToutAvg= 3.999999999999972e-07
k0TlocAvg= 4.0000000660996193e-07
ModeSe= 4.4505238027881147e-07 TempInd= 1.6524911881167662e-08 Deltakk= 4.615772921599791e-07
Ei= 9.097111231514687e-20
VB= 9.726773639877524e-20 hw0= 3.972891714297857e-21 kBT= 4.07291455e-21
kavg= 4.0000019040064344e-07
VB= 9.726773639877524e-20 hw0= 3.972891714297857e-21 kBT= 4.07291455e-21
VB= 9.726773639877524e-20 hw0= 3.972891714297857e-21 kBT= 4.07291455e-21
k0ToutAvg= 3.999999999999972e-07
k0TlocAvg= 4.00000006816536e-07
ModeSe= 4.589602685935468e-07 TempInd= 1.7041347075015225e-08 Deltakk= 4.76001615668562e-07
Ei= 9.372781268833313e-20
VB= 9.726773639877524e-20 hw0= 3.972891714297857e-21 kBT= 4.07291455e-21
kavg= 4.000001961703499e-07
VB= 9.726773639877524e-20 hw0= 3.972891714297857e-21 kBT= 4.07291455e-21
VB= 9.726773639877524e-20 hw0= 3.972891714297857e-21 kBT= 4.07291455e-21
k0ToutAvg= 3.999999999999972e-07
k0TlocAvg= 4.0000000702308695e-07
ModeSe= 4.728681574376777e-07 TempInd= 1.7557724432394357e-08 Deltakk= 4.904258818700721e-07
Ei= 9.64845130615194e-20
VB= 9.726773639877524e-20 hw0= 3.972891714297857e-21 kBT= 4.07291455e-21
kavg= 4.00000201940061e-07
VB= 9.726773639877524e-20 hw0= 3.972891714297857e-21 kBT= 4.07291455e-21
VB= 9.726773639877524e-20 hw0= 3.972891714297857e-21 kBT= 4.07291455e-21
k0ToutAvg= 3.999999999999972e-07
k0TlocAvg= 4.0000000722964244e-07
ModeSe= 4.867760464141575e-07 TempInd= 1.807411317177872e-08 Deltakk= 5.048501595859362e-07
Ei= 9.924121343470567e-20
VB= 9.726773639877524e-20 hw0= 3.972891714297857e-21 kBT= 4.07291455e-21
kavg= 4.0000020770976717e-07
VB= 9.726773639877524e-20 hw0= 3.972891714297857e-21 kBT= 4.07291455e-21
VB= 9.726773639877524e-20 hw0= 3.972891714297857e-21 kBT= 4.07291455e-21
k0ToutAvg= 3.999999999999972e-07
k0TlocAvg= 4.000000074361932e-07
ModeSe= 5.006839349935906e-07 TempInd= 1.8590489999762262e-08 Deltakk= 5.192744249933528e-07
Ei= 1.0199791380789194e-19
VB= 9.726773639877524e-20 hw0= 3.972891714297857e-21 kBT= 4.07291455e-21
kavg= 4.0000021347948864e-07
VB= 9.726773639877524e-20 hw0= 3.972891714297857e-21 kBT= 4.07291455e-21
VB= 9.726773639877524e-20 hw0= 3.972891714297857e-21 kBT= 4.07291455e-21
k0ToutAvg= 3.999999999999972e-07
k0TlocAvg= 4.0000000764275905e-07
ModeSe= 5.145918239700704e-07 TempInd= 1.9106904679530633e-08 Deltakk= 5.33698728649601e-07
Ei= 1.0475461418107821e-19
VB= 9.726773639877524e-20 hw0= 3.972891714297857e-21 kBT= 4.07291455e-21
kavg= 4.0000021924920173e-07
VB= 9.726773639877524e-20 hw0= 3.972891714297857e-21 kBT= 4.07291455e-21
VB= 9.726773639877524e-20 hw0= 3.972891714297857e-21 kBT= 4.07291455e-21
k0ToutAvg= 3.999999999999972e-07
k0TlocAvg= 4.0000000784931656e-07
ModeSe= 5.284997129465502e-07 TempInd= 1.962329844817312e-08 Deltakk= 5.481230113947233e-07
Ei= 1.0751131455426447e-19
VB= 9.726773639877524e-20 hw0= 3.972891714297857e-21 kBT= 4.07291455e-21
kavg= 4.000002250189347e-07
VB= 9.726773639877524e-20 hw0= 3.972891714297857e-21 kBT= 4.07291455e-21
VB= 9.726773639877524e-20 hw0= 3.972891714297857e-21 kBT= 4.07291455e-21
k0ToutAvg= 3.999999999999972e-07
k0TlocAvg= 4.0000000805589376e-07
ModeSe= 5.424076023200767e-07 TempInd= 2.0139741450605663e-08 Deltakk= 5.625473437706824e-07
Ei= 1.1026801492745075e-19
VB= 9.726773639877524e-20 hw0= 3.972891714297857e-21 kBT= 4.07291455e-21
kavg= 4.0000023078863926e-07
VB= 9.726773639877524e-20 hw0= 3.972891714297857e-21 kBT= 4.07291455e-21
VB= 9.726773639877524e-20 hw0= 3.972891714297857e-21 kBT= 4.07291455e-21
k0ToutAvg= 3.999999999999972e-07
k0TlocAvg= 4.000000082624426e-07
ModeSe= 5.563154916936032e-07 TempInd= 2.0656113514028875e-08 Deltakk= 5.769716052076321e-07
Ei= 1.1302471530063702e-19
VB= 9.726773639877524e-20 hw0= 3.972891714297857e-21 kBT= 4.07291455e-21
kavg= 4.00000236558372e-07
VB= 9.726773639877524e-20 hw0= 3.972891714297857e-21 kBT= 4.07291455e-21
VB= 9.726773639877524e-20 hw0= 3.972891714297857e-21 kBT= 4.07291455e-21
k0ToutAvg= 3.999999999999972e-07
k0TlocAvg= 4.000000084690196e-07
ModeSe= 5.702233809347809e-07 TempInd= 2.1172556119414726e-08 Deltakk= 5.913959370541955e-07
Ei= 1.1578141567382327e-19
VB= 9.726773639877524e-20 hw0= 3.972891714297857e-21 kBT= 4.07291455e-21
kavg= 4.000002423280807e-07
VB= 9.726773639877524e-20 hw0= 3.972891714297857e-21 kBT= 4.07291455e-21
VB= 9.726773639877524e-20 hw0= 3.972891714297857e-21 kBT= 4.07291455e-21
k0ToutAvg= 3.999999999999972e-07
k0TlocAvg= 4.000000086755726e-07
ModeSe= 5.841312703083074e-07 TempInd= 2.1688938506051983e-08 Deltakk= 6.058202088143593e-07
Ei= 1.1853811604700954e-19
VB= 9.726773639877524e-20 hw0= 3.972891714297857e-21 kBT= 4.07291455e-21
kavg= 4.0000024809779756e-07
VB= 9.726773639877524e-20 hw0= 3.972891714297857e-21 kBT= 4.07291455e-21
VB= 9.726773639877524e-20 hw0= 3.972891714297857e-21 kBT= 4.07291455e-21
k0ToutAvg= 3.999999999999972e-07
k0TlocAvg= 4.000000088821335e-07
ModeSe= 5.980391602112295e-07 TempInd= 2.220534074502394e-08 Deltakk= 6.202445009562534e-07
Ei= 1.2129481642019582e-19
VB= 9.726773639877524e-20 hw0= 3.972891714297857e-21 kBT= 4.07291455e-21
kavg= 4.0000025386750907e-07
VB= 9.726773639877524e-20 hw0= 3.972891714297857e-21 kBT= 4.07291455e-21
VB= 9.726773639877524e-20 hw0= 3.972891714297857e-21 kBT= 4.07291455e-21
k0ToutAvg= 3.999999999999972e-07
k0TlocAvg= 4.000000090886892e-07
ModeSe= 6.119470497171049e-07 TempInd= 2.2721730013803894e-08 Deltakk= 6.346687797309087e-07
Ei= 1.240515167933821e-19
VB= 9.726773639877524e-20 hw0= 3.972891714297857e-21 kBT= 4.07291455e-21
kavg= 4.000002596372541e-07
VB= 9.726773639877524e-20 hw0= 3.972891714297857e-21 kBT= 4.07291455e-21
VB= 9.726773639877524e-20 hw0= 3.972891714297857e-21 kBT= 4.07291455e-21
k0ToutAvg= 3.999999999999972e-07
k0TlocAvg= 4.0000000929527835e-07
ModeSe= 6.258549393553292e-07 TempInd= 2.3238202927087392e-08 Deltakk= 6.490931422824166e-07
Ei= 1.2680821716656837e-19
VB= 9.726773639877524e-20 hw0= 3.972891714297857e-21 kBT= 4.07291455e-21
kavg= 4.000002654069379e-07
VB= 9.726773639877524e-20 hw0= 3.972891714297857e-21 kBT= 4.07291455e-21
VB= 9.726773639877524e-20 hw0= 3.972891714297857e-21 kBT= 4.07291455e-21
k0ToutAvg= 3.999999999999972e-07
k0TlocAvg= 4.0000000950180605e-07
ModeSe= 6.39762829655298e-07 TempInd= 2.37545221833003e-08 Deltakk= 6.635173518385983e-07
Ei= 1.2956491753975461e-19
VB= 9.726773639877524e-20 hw0= 3.972891714297857e-21 kBT= 4.07291455e-21
kavg= 4.000002711766602e-07
VB= 9.726773639877524e-20 hw0= 3.972891714297857e-21 kBT= 4.07291455e-21
VB= 9.726773639877524e-20 hw0= 3.972891714297857e-21 kBT= 4.07291455e-21
k0ToutAvg= 3.999999999999972e-07
k0TlocAvg= 4.0000000970837234e-07
ModeSe= 6.53670719690569e-07 TempInd= 2.4270937921859854e-08 Deltakk= 6.779416576124289e-07
Ei= 1.323216179129409e-19
VB= 9.726773639877524e-20 hw0= 3.972891714297857e-21 kBT= 4.07291455e-21
kavg= 4.000002769463967e-07
VB= 9.726773639877524e-20 hw0= 3.972891714297857e-21 kBT= 4.07291455e-21
VB= 9.726773639877524e-20 hw0= 3.972891714297857e-21 kBT= 4.07291455e-21
k0ToutAvg= 3.999999999999972e-07
k0TlocAvg= 4.00000009914953e-07
ModeSe= 6.675786093287933e-07 TempInd= 2.478738952697077e-08 Deltakk= 6.923659988557641e-07
Ei= 1.3507831828612716e-19
VB= 9.726773639877524e-20 hw0= 3.972891714297857e-21 kBT= 4.07291455e-21
kavg= 4.000002827161026e-07
VB= 9.726773639877524e-20 hw0= 3.972891714297857e-21 kBT= 4.07291455e-21
VB= 9.726773639877524e-20 hw0= 3.972891714297857e-21 kBT= 4.07291455e-21
k0ToutAvg= 3.999999999999972e-07
k0TlocAvg= 4.000000101215026e-07
ModeSe= 6.814865000258087e-07 TempInd= 2.530376357562745e-08 Deltakk= 7.067902636014362e-07
