Nmol= 1 Cloc= 5.9358086097330275e-22
tVC= 1.7255e-12
9.465855307640299e-08 1.7255e-12
0.0015614227820223957
A0= 2.4852171795768857e-18 xB= 1.3773677488732181e-24 kbare= 4e-07 k0= 4e-07 VB= 9.726773639877525e-20 maxk= 0.00012665839237796094
Ei= 0.0
VB= 9.726773639877525e-20 hw0= 3.376957957153179e-20 kBT= 4.07291455e-21
kavg= 3.9999999999999993e-07
VB= 9.726773639877525e-20 hw0= 3.376957957153179e-20 kBT= 4.07291455e-21
VB= 9.726773639877525e-20 hw0= 3.376957957153179e-20 kBT= 4.07291455e-21
k0ToutAvg= 3.9999999999999993e-07
k0TlocAvg= 3.9999999999999993e-07
ModeSe= 0.0 TempInd= 0.0 Deltakk= 0.0
Ei= 2.7567003731862686e-21
VB= 9.726773639877525e-20 hw0= 3.376957957153179e-20 kBT= 4.07291455e-21
kavg= 4.000000003760902e-07
VB= 9.726773639877525e-20 hw0= 3.376957957153179e-20 kBT= 4.07291455e-21
VB= 9.726773639877525e-20 hw0= 3.376957957153179e-20 kBT= 4.07291455e-21
k0ToutAvg= 3.9999999999999993e-07
k0TlocAvg= 4.000000000002601e-07
ModeSe= 9.395752672087731e-10 TempInd= 6.503624848136926e-13 Deltakk= 9.402256296935868e-10
Ei= 5.513400746372537e-21
VB= 9.726773639877525e-20 hw0= 3.376957957153179e-20 kBT= 4.07291455e-21
kavg= 4.0000000075218064e-07
VB= 9.726773639877525e-20 hw0= 3.376957957153179e-20 kBT= 4.07291455e-21
VB= 9.726773639877525e-20 hw0= 3.376957957153179e-20 kBT= 4.07291455e-21
k0ToutAvg= 3.9999999999999993e-07
k0TlocAvg= 4.000000000005203e-07
ModeSe= 1.8791507991153422e-09 TempInd= 1.3009896674234021e-12 Deltakk= 1.8804517887827656e-09
Ei= 8.270101119558806e-21
VB= 9.726773639877525e-20 hw0= 3.376957957153179e-20 kBT= 4.07291455e-21
kavg= 4.00000001128271e-07
VB= 9.726773639877525e-20 hw0= 3.376957957153179e-20 kBT= 4.07291455e-21
VB= 9.726773639877525e-20 hw0= 3.376957957153179e-20 kBT= 4.07291455e-21
k0ToutAvg= 3.9999999999999993e-07
k0TlocAvg= 4.0000000000078073e-07
ModeSe= 2.818725669277421e-09 TempInd= 1.9520138967271372e-12 Deltakk= 2.8206776831741483e-09
Ei= 1.1026801492745075e-20
VB= 9.726773639877525e-20 hw0= 3.376957957153179e-20 kBT= 4.07291455e-21
kavg= 4.000000015043615e-07
VB= 9.726773639877525e-20 hw0= 3.376957957153179e-20 kBT= 4.07291455e-21
VB= 9.726773639877525e-20 hw0= 3.376957957153179e-20 kBT= 4.07291455e-21
k0ToutAvg= 3.9999999999999993e-07
k0TlocAvg= 4.000000000010411e-07
ModeSe= 3.7583010688350924e-09 TempInd= 2.6029057771328636e-12 Deltakk= 3.760903974612225e-09
Ei= 1.3783501865931344e-20
VB= 9.726773639877525e-20 hw0= 3.376957957153179e-20 kBT= 4.07291455e-21
kavg= 4.0000000188045193e-07
VB= 9.726773639877525e-20 hw0= 3.376957957153179e-20 kBT= 4.07291455e-21
VB= 9.726773639877525e-20 hw0= 3.376957957153179e-20 kBT= 4.07291455e-21
k0ToutAvg= 3.9999999999999993e-07
k0TlocAvg= 4.000000000013014e-07
ModeSe= 4.697876336043865e-09 TempInd= 3.2536653086405816e-12 Deltakk= 4.701130001352506e-09
Ei= 1.654020223911761e-20
VB= 9.726773639877525e-20 hw0= 3.376957957153179e-20 kBT= 4.07291455e-21
kavg= 4.0000000225654245e-07
VB= 9.726773639877525e-20 hw0= 3.376957957153179e-20 kBT= 4.07291455e-21
VB= 9.726773639877525e-20 hw0= 3.376957957153179e-20 kBT= 4.07291455e-21
k0ToutAvg= 3.9999999999999993e-07
k0TlocAvg= 4.0000000000156186e-07
ModeSe= 5.63745147090374e-09 TempInd= 3.904821886842325e-12 Deltakk= 5.6413562927905826e-09
Ei= 1.9296902612303882e-20
VB= 9.726773639877525e-20 hw0= 3.376957957153179e-20 kBT= 4.07291455e-21
kavg= 4.0000000263263286e-07
VB= 9.726773639877525e-20 hw0= 3.376957957153179e-20 kBT= 4.07291455e-21
VB= 9.726773639877525e-20 hw0= 3.376957957153179e-20 kBT= 4.07291455e-21
k0ToutAvg= 3.9999999999999993e-07
k0TlocAvg= 4.00000000001822e-07
ModeSe= 6.577027135159207e-09 TempInd= 4.555184371656018e-12 Deltakk= 6.581582319530863e-09
Ei= 2.205360298549015e-20
VB= 9.726773639877525e-20 hw0= 3.376957957153179e-20 kBT= 4.07291455e-21
kavg= 4.0000000300872327e-07
VB= 9.726773639877525e-20 hw0= 3.376957957153179e-20 kBT= 4.07291455e-21
VB= 9.726773639877525e-20 hw0= 3.376957957153179e-20 kBT= 4.07291455e-21
k0ToutAvg= 3.9999999999999993e-07
k0TlocAvg= 4.000000000020825e-07
ModeSe= 7.516601872972389e-09 TempInd= 5.20647329875577e-12 Deltakk= 7.521808346271145e-09
Ei= 2.4810303358676417e-20
VB= 9.726773639877525e-20 hw0= 3.376957957153179e-20 kBT= 4.07291455e-21
kavg= 4.000000033848137e-07
VB= 9.726773639877525e-20 hw0= 3.376957957153179e-20 kBT= 4.07291455e-21
VB= 9.726773639877525e-20 hw0= 3.376957957153179e-20 kBT= 4.07291455e-21
k0ToutAvg= 3.9999999999999993e-07
k0TlocAvg= 4.0000000000234277e-07
ModeSe= 8.45617727253006e-09 TempInd= 5.857100481365479e-12 Deltakk= 8.462034373011425e-09
Ei= 2.756700373186269e-20
VB= 9.726773639877525e-20 hw0= 3.376957957153179e-20 kBT= 4.07291455e-21
kavg= 4.0000000376090414e-07
VB= 9.726773639877525e-20 hw0= 3.376957957153179e-20 kBT= 4.07291455e-21
VB= 9.726773639877525e-20 hw0= 3.376957957153179e-20 kBT= 4.07291455e-21
k0ToutAvg= 3.9999999999999993e-07
k0TlocAvg= 4.000000000026032e-07
ModeSe= 9.395752407389935e-09 TempInd= 6.508124710669214e-12 Deltakk= 9.402260532100604e-09
Ei= 3.0323704105048955e-20
VB= 9.726773639877525e-20 hw0= 3.376957957153179e-20 kBT= 4.07291455e-21
kavg= 4.000000041369945e-07
VB= 9.726773639877525e-20 hw0= 3.376957957153179e-20 kBT= 4.07291455e-21
VB= 9.726773639877525e-20 hw0= 3.376957957153179e-20 kBT= 4.07291455e-21
k0ToutAvg= 3.9999999999999993e-07
k0TlocAvg= 4.000000000028634e-07
ModeSe= 1.0335327806947606e-08 TempInd= 7.158619544380916e-12 Deltakk= 1.0342486426491987e-08
Ei= 3.308040447823522e-20
VB= 9.726773639877525e-20 hw0= 3.376957957153179e-20 kBT= 4.07291455e-21
kavg= 4.000000045130851e-07
VB= 9.726773639877525e-20 hw0= 3.376957957153179e-20 kBT= 4.07291455e-21
VB= 9.726773639877525e-20 hw0= 3.376957957153179e-20 kBT= 4.07291455e-21
k0ToutAvg= 3.9999999999999993e-07
k0TlocAvg= 4.000000000031239e-07
ModeSe= 1.1274903074156379e-08 TempInd= 7.809908471480668e-12 Deltakk= 1.128271298262786e-08
Ei= 3.583710485142149e-20
VB= 9.726773639877525e-20 hw0= 3.376957957153179e-20 kBT= 4.07291455e-21
kavg= 4.000000048891753e-07
VB= 9.726773639877525e-20 hw0= 3.376957957153179e-20 kBT= 4.07291455e-21
VB= 9.726773639877525e-20 hw0= 3.376957957153179e-20 kBT= 4.07291455e-21
k0ToutAvg= 3.9999999999999993e-07
k0TlocAvg= 4.000000000033842e-07
ModeSe= 1.221447781196956e-08 TempInd= 8.460668002988386e-12 Deltakk= 1.2222938479972548e-08
Ei= 3.8593805224607763e-20
VB= 9.726773639877525e-20 hw0= 3.376957957153179e-20 kBT= 4.07291455e-21
kavg= 4.0000000526526584e-07
VB= 9.726773639877525e-20 hw0= 3.376957957153179e-20 kBT= 4.07291455e-21
VB= 9.726773639877525e-20 hw0= 3.376957957153179e-20 kBT= 4.07291455e-21
k0ToutAvg= 3.9999999999999993e-07
k0TlocAvg= 4.0000000000364455e-07
ModeSe= 1.315405321152723e-08 TempInd= 9.111559883394112e-12 Deltakk= 1.3163164771410624e-08
Ei= 4.135050559779403e-20
VB= 9.726773639877525e-20 hw0= 3.376957957153179e-20 kBT= 4.07291455e-21
kavg= 4.0000000564135625e-07
VB= 9.726773639877525e-20 hw0= 3.376957957153179e-20 kBT= 4.07291455e-21
VB= 9.726773639877525e-20 hw0= 3.376957957153179e-20 kBT= 4.07291455e-21
k0ToutAvg= 3.9999999999999993e-07
k0TlocAvg= 4.000000000039048e-07
ModeSe= 1.4093628611084903e-08 TempInd= 9.762187066003822e-12 Deltakk= 1.4103390798150907e-08
Ei= 4.41072059709803e-20
VB= 9.726773639877525e-20 hw0= 3.376957957153179e-20 kBT= 4.07291455e-21
kavg= 4.000000060174466e-07
VB= 9.726773639877525e-20 hw0= 3.376957957153179e-20 kBT= 4.07291455e-21
VB= 9.726773639877525e-20 hw0= 3.376957957153179e-20 kBT= 4.07291455e-21
k0ToutAvg= 3.9999999999999993e-07
k0TlocAvg= 4.000000000041652e-07
ModeSe= 1.5033203481246982e-08 TempInd= 1.0413211295307556e-11 Deltakk= 1.504361669254229e-08
Ei= 4.6863906344166566e-20
VB= 9.726773639877525e-20 hw0= 3.376957957153179e-20 kBT= 4.07291455e-21
kavg= 4.000000063935371e-07
VB= 9.726773639877525e-20 hw0= 3.376957957153179e-20 kBT= 4.07291455e-21
VB= 9.726773639877525e-20 hw0= 3.376957957153179e-20 kBT= 4.07291455e-21
k0ToutAvg= 3.9999999999999993e-07
k0TlocAvg= 4.000000000044256e-07
ModeSe= 1.5972778748455755e-08 TempInd= 1.1064235524611291e-11 Deltakk= 1.5983842983980366e-08
Ei= 4.9620606717352833e-20
VB= 9.726773639877525e-20 hw0= 3.376957957153179e-20 kBT= 4.07291455e-21
kavg= 4.0000000676962753e-07
VB= 9.726773639877525e-20 hw0= 3.376957957153179e-20 kBT= 4.07291455e-21
VB= 9.726773639877525e-20 hw0= 3.376957957153179e-20 kBT= 4.07291455e-21
k0ToutAvg= 3.9999999999999993e-07
k0TlocAvg= 4.0000000000468593e-07
ModeSe= 1.6912354015664528e-08 TempInd= 1.171499505611901e-11 Deltakk= 1.6924069010720647e-08
Ei= 5.2377307090539107e-20
VB= 9.726773639877525e-20 hw0= 3.376957957153179e-20 kBT= 4.07291455e-21
kavg= 4.00000007145718e-07
VB= 9.726773639877525e-20 hw0= 3.376957957153179e-20 kBT= 4.07291455e-21
VB= 9.726773639877525e-20 hw0= 3.376957957153179e-20 kBT= 4.07291455e-21
k0ToutAvg= 3.9999999999999993e-07
k0TlocAvg= 4.0000000000494623e-07
ModeSe= 1.78519294152222e-08 TempInd= 1.2365754587626727e-11 Deltakk= 1.7864295169809825e-08
Ei= 5.513400746372537e-20
VB= 9.726773639877525e-20 hw0= 3.376957957153179e-20 kBT= 4.07291455e-21
kavg= 4.0000000752180846e-07
VB= 9.726773639877525e-20 hw0= 3.376957957153179e-20 kBT= 4.07291455e-21
VB= 9.726773639877525e-20 hw0= 3.376957957153179e-20 kBT= 4.07291455e-21
k0ToutAvg= 3.9999999999999993e-07
k0TlocAvg= 4.000000000052066e-07
ModeSe= 1.879150468243097e-08 TempInd= 1.3016646468032454e-11 Deltakk= 1.8804521328899004e-08
Ei= 5.789070783691164e-20
VB= 9.726773639877525e-20 hw0= 3.376957957153179e-20 kBT= 4.07291455e-21
kavg= 4.000000078978988e-07
VB= 9.726773639877525e-20 hw0= 3.376957957153179e-20 kBT= 4.07291455e-21
VB= 9.726773639877525e-20 hw0= 3.376957957153179e-20 kBT= 4.07291455e-21
k0ToutAvg= 3.9999999999999993e-07
k0TlocAvg= 4.00000000005467e-07
ModeSe= 1.973107955259305e-08 TempInd= 1.366767069733619e-11 Deltakk= 1.9744747223290386e-08
Ei= 6.064740821009791e-20
VB= 9.726773639877525e-20 hw0= 3.376957957153179e-20 kBT= 4.07291455e-21
kavg= 4.000000082739892e-07
VB= 9.726773639877525e-20 hw0= 3.376957957153179e-20 kBT= 4.07291455e-21
VB= 9.726773639877525e-20 hw0= 3.376957957153179e-20 kBT= 4.07291455e-21
k0ToutAvg= 3.9999999999999993e-07
k0TlocAvg= 4.0000000000572725e-07
ModeSe= 2.0670654819801823e-08 TempInd= 1.43182978799459e-11 Deltakk= 2.068497311768177e-08
Ei= 6.340410858328418e-20
VB= 9.726773639877525e-20 hw0= 3.376957957153179e-20 kBT= 4.07291455e-21
kavg= 4.0000000865007975e-07
VB= 9.726773639877525e-20 hw0= 3.376957957153179e-20 kBT= 4.07291455e-21
VB= 9.726773639877525e-20 hw0= 3.376957957153179e-20 kBT= 4.07291455e-21
k0ToutAvg= 3.9999999999999993e-07
k0TlocAvg= 4.0000000000598766e-07
ModeSe= 2.1610230219359494e-08 TempInd= 1.4969322109249634e-11 Deltakk= 2.1625199541468744e-08
Ei= 6.616080895647044e-20
VB= 9.726773639877525e-20 hw0= 3.376957957153179e-20 kBT= 4.07291455e-21
kavg= 4.0000000902617016e-07
VB= 9.726773639877525e-20 hw0= 3.376957957153179e-20 kBT= 4.07291455e-21
VB= 9.726773639877525e-20 hw0= 3.376957957153179e-20 kBT= 4.07291455e-21
k0ToutAvg= 3.9999999999999993e-07
k0TlocAvg= 4.0000000000624796e-07
ModeSe= 2.2549805486568267e-08 TempInd= 1.5620081640757352e-11 Deltakk= 2.2565425568209024e-08
Ei= 6.891750932965672e-20
VB= 9.726773639877525e-20 hw0= 3.376957957153179e-20 kBT= 4.07291455e-21
kavg= 4.0000000940226057e-07
VB= 9.726773639877525e-20 hw0= 3.376957957153179e-20 kBT= 4.07291455e-21
VB= 9.726773639877525e-20 hw0= 3.376957957153179e-20 kBT= 4.07291455e-21
k0ToutAvg= 3.9999999999999993e-07
k0TlocAvg= 4.0000000000650837e-07
ModeSe= 2.3489380489079244e-08 TempInd= 1.6271105870061087e-11 Deltakk= 2.3505651594949305e-08
Ei= 7.167420970284298e-20
VB= 9.726773639877525e-20 hw0= 3.376957957153179e-20 kBT= 4.07291455e-21
kavg= 4.0000000977835103e-07
VB= 9.726773639877525e-20 hw0= 3.376957957153179e-20 kBT= 4.07291455e-21
VB= 9.726773639877525e-20 hw0= 3.376957957153179e-20 kBT= 4.07291455e-21
k0ToutAvg= 3.9999999999999993e-07
k0TlocAvg= 4.000000000067686e-07
ModeSe= 2.4428956020985813e-08 TempInd= 1.6921733052670797e-11 Deltakk= 2.4445877754038484e-08
Ei= 7.443091007602925e-20
VB= 9.726773639877525e-20 hw0= 3.376957957153179e-20 kBT= 4.07291455e-21
kavg= 4.000000101544414e-07
VB= 9.726773639877525e-20 hw0= 3.376957957153179e-20 kBT= 4.07291455e-21
VB= 9.726773639877525e-20 hw0= 3.376957957153179e-20 kBT= 4.07291455e-21
k0ToutAvg= 3.9999999999999993e-07
k0TlocAvg= 4.0000000000702903e-07
ModeSe= 2.5368530891147892e-08 TempInd= 1.7572757281974532e-11 Deltakk= 2.5386103648429866e-08
Ei= 7.718761044921553e-20
VB= 9.726773639877525e-20 hw0= 3.376957957153179e-20 kBT= 4.07291455e-21
kavg= 4.000000105305319e-07
VB= 9.726773639877525e-20 hw0= 3.376957957153179e-20 kBT= 4.07291455e-21
VB= 9.726773639877525e-20 hw0= 3.376957957153179e-20 kBT= 4.07291455e-21
k0ToutAvg= 3.9999999999999993e-07
k0TlocAvg= 4.000000000072893e-07
ModeSe= 2.630810655540336e-08 TempInd= 1.822338446458424e-11 Deltakk= 2.6326329939867943e-08
Ei= 7.994431082240179e-20
VB= 9.726773639877525e-20 hw0= 3.376957957153179e-20 kBT= 4.07291455e-21
kavg= 4.000000109066223e-07
VB= 9.726773639877525e-20 hw0= 3.376957957153179e-20 kBT= 4.07291455e-21
VB= 9.726773639877525e-20 hw0= 3.376957957153179e-20 kBT= 4.07291455e-21
k0ToutAvg= 3.9999999999999993e-07
k0TlocAvg= 4.0000000000754975e-07
ModeSe= 2.7247681425565437e-08 TempInd= 1.8874541042785984e-11 Deltakk= 2.7266555966608223e-08
Ei= 8.270101119558806e-20
VB= 9.726773639877525e-20 hw0= 3.376957957153179e-20 kBT= 4.07291455e-21
kavg= 4.000000112827128e-07
VB= 9.726773639877525e-20 hw0= 3.376957957153179e-20 kBT= 4.07291455e-21
VB= 9.726773639877525e-20 hw0= 3.376957957153179e-20 kBT= 4.07291455e-21
k0ToutAvg= 3.9999999999999993e-07
k0TlocAvg= 4.0000000000781005e-07
ModeSe= 2.8187256825123112e-08 TempInd= 1.9525300574293702e-11 Deltakk= 2.8206782125697405e-08
Ei= 8.545771156877432e-20
VB= 9.726773639877525e-20 hw0= 3.376957957153179e-20 kBT= 4.07291455e-21
kavg= 4.000000116588032e-07
VB= 9.726773639877525e-20 hw0= 3.376957957153179e-20 kBT= 4.07291455e-21
VB= 9.726773639877525e-20 hw0= 3.376957957153179e-20 kBT= 4.07291455e-21
k0ToutAvg= 3.9999999999999993e-07
k0TlocAvg= 4.000000000080704e-07
ModeSe= 2.9126831959982987e-08 TempInd= 2.017619245469943e-11 Deltakk= 2.9147008152437686e-08
Ei= 8.82144119419606e-20
VB= 9.726773639877525e-20 hw0= 3.376957957153179e-20 kBT= 4.07291455e-21
kavg= 4.000000120348936e-07
VB= 9.726773639877525e-20 hw0= 3.376957957153179e-20 kBT= 4.07291455e-21
VB= 9.726773639877525e-20 hw0= 3.376957957153179e-20 kBT= 4.07291455e-21
k0ToutAvg= 3.9999999999999993e-07
k0TlocAvg= 4.0000000000833076e-07
ModeSe= 3.006640709484286e-08 TempInd= 2.0827084335105155e-11 Deltakk= 3.0087234179177967e-08
Ei= 9.097111231514687e-20
VB= 9.726773639877525e-20 hw0= 3.376957957153179e-20 kBT= 4.07291455e-21
kavg= 4.0000001241098406e-07
VB= 9.726773639877525e-20 hw0= 3.376957957153179e-20 kBT= 4.07291455e-21
VB= 9.726773639877525e-20 hw0= 3.376957957153179e-20 kBT= 4.07291455e-21
k0ToutAvg= 3.9999999999999993e-07
k0TlocAvg= 4.0000000000859117e-07
ModeSe= 3.1005982229702736e-08 TempInd= 2.147810856440889e-11 Deltakk= 3.1027460338267145e-08
Ei= 9.372781268833313e-20
VB= 9.726773639877525e-20 hw0= 3.376957957153179e-20 kBT= 4.07291455e-21
kavg= 4.000000127870745e-07
VB= 9.726773639877525e-20 hw0= 3.376957957153179e-20 kBT= 4.07291455e-21
VB= 9.726773639877525e-20 hw0= 3.376957957153179e-20 kBT= 4.07291455e-21
k0ToutAvg= 3.9999999999999993e-07
k0TlocAvg= 4.000000000088514e-07
ModeSe= 3.194555762926041e-08 TempInd= 2.21287357470186e-11 Deltakk= 3.1967686365007426e-08
Ei= 9.64845130615194e-20
VB= 9.726773639877525e-20 hw0= 3.376957957153179e-20 kBT= 4.07291455e-21
kavg= 4.000000131631649e-07
VB= 9.726773639877525e-20 hw0= 3.376957957153179e-20 kBT= 4.07291455e-21
VB= 9.726773639877525e-20 hw0= 3.376957957153179e-20 kBT= 4.07291455e-21
k0ToutAvg= 3.9999999999999993e-07
k0TlocAvg= 4.0000000000911183e-07
ModeSe= 3.2885132631771384e-08 TempInd= 2.2779759976322334e-11 Deltakk= 3.2907912391747707e-08
Ei= 9.924121343470567e-20
VB= 9.726773639877525e-20 hw0= 3.376957957153179e-20 kBT= 4.07291455e-21
kavg= 4.000000135392554e-07
VB= 9.726773639877525e-20 hw0= 3.376957957153179e-20 kBT= 4.07291455e-21
VB= 9.726773639877525e-20 hw0= 3.376957957153179e-20 kBT= 4.07291455e-21
k0ToutAvg= 3.9999999999999993e-07
k0TlocAvg= 4.000000000093722e-07
ModeSe= 3.3824708031329055e-08 TempInd= 2.343065185672806e-11 Deltakk= 3.384813868318578e-08
Ei= 1.0199791380789194e-19
VB= 9.726773639877525e-20 hw0= 3.376957957153179e-20 kBT= 4.07291455e-21
kavg= 4.0000001391534576e-07
VB= 9.726773639877525e-20 hw0= 3.376957957153179e-20 kBT= 4.07291455e-21
VB= 9.726773639877525e-20 hw0= 3.376957957153179e-20 kBT= 4.07291455e-21
k0ToutAvg= 3.9999999999999993e-07
k0TlocAvg= 4.0000000000963244e-07
ModeSe= 3.476428329853783e-08 TempInd= 2.408127903933777e-11 Deltakk= 3.4788364577577166e-08
Ei= 1.0475461418107821e-19
VB= 9.726773639877525e-20 hw0= 3.376957957153179e-20 kBT= 4.07291455e-21
kavg= 4.0000001429143617e-07
VB= 9.726773639877525e-20 hw0= 3.376957957153179e-20 kBT= 4.07291455e-21
VB= 9.726773639877525e-20 hw0= 3.376957957153179e-20 kBT= 4.07291455e-21
k0ToutAvg= 3.9999999999999993e-07
k0TlocAvg= 4.0000000000989285e-07
ModeSe= 3.5703858301048805e-08 TempInd= 2.4732303268641505e-11 Deltakk= 3.5728590604317446e-08
Ei= 1.0751131455426447e-19
VB= 9.726773639877525e-20 hw0= 3.376957957153179e-20 kBT= 4.07291455e-21
kavg= 4.0000001466752653e-07
VB= 9.726773639877525e-20 hw0= 3.376957957153179e-20 kBT= 4.07291455e-21
VB= 9.726773639877525e-20 hw0= 3.376957957153179e-20 kBT= 4.07291455e-21
k0ToutAvg= 3.9999999999999993e-07
k0TlocAvg= 4.000000000101532e-07
ModeSe= 3.664343330355978e-08 TempInd= 2.5383195149047232e-11 Deltakk= 3.666881649870883e-08
Ei= 1.1026801492745075e-19
VB= 9.726773639877525e-20 hw0= 3.376957957153179e-20 kBT= 4.07291455e-21
kavg= 4.000000150436171e-07
VB= 9.726773639877525e-20 hw0= 3.376957957153179e-20 kBT= 4.07291455e-21
VB= 9.726773639877525e-20 hw0= 3.376957957153179e-20 kBT= 4.07291455e-21
k0ToutAvg= 3.9999999999999993e-07
k0TlocAvg= 4.000000000104136e-07
ModeSe= 3.758300870311745e-08 TempInd= 2.6034219378350967e-11 Deltakk= 3.7609042922495804e-08
Ei= 1.1302471530063702e-19
VB= 9.726773639877525e-20 hw0= 3.376957957153179e-20 kBT= 4.07291455e-21
kavg= 4.0000001541970746e-07
VB= 9.726773639877525e-20 hw0= 3.376957957153179e-20 kBT= 4.07291455e-21
VB= 9.726773639877525e-20 hw0= 3.376957957153179e-20 kBT= 4.07291455e-21
k0ToutAvg= 3.9999999999999993e-07
k0TlocAvg= 4.0000000001067387e-07
ModeSe= 3.8522583970326226e-08 TempInd= 2.6684846560960676e-11 Deltakk= 3.8549268816887186e-08
Ei= 1.1578141567382327e-19
VB= 9.726773639877525e-20 hw0= 3.376957957153179e-20 kBT= 4.07291455e-21
kavg= 4.0000001579579797e-07
VB= 9.726773639877525e-20 hw0= 3.376957957153179e-20 kBT= 4.07291455e-21
VB= 9.726773639877525e-20 hw0= 3.376957957153179e-20 kBT= 4.07291455e-21
k0ToutAvg= 3.9999999999999993e-07
k0TlocAvg= 4.000000000109342e-07
ModeSe= 3.9462159369883897e-08 TempInd= 2.7335738441366406e-11 Deltakk= 3.948949510832526e-08
Ei= 1.1853811604700954e-19
VB= 9.726773639877525e-20 hw0= 3.376957957153179e-20 kBT= 4.07291455e-21
kavg= 4.000000161718884e-07
VB= 9.726773639877525e-20 hw0= 3.376957957153179e-20 kBT= 4.07291455e-21
VB= 9.726773639877525e-20 hw0= 3.376957957153179e-20 kBT= 4.07291455e-21
k0ToutAvg= 3.9999999999999993e-07
k0TlocAvg= 4.0000000001119463e-07
ModeSe= 4.0401734372394873e-08 TempInd= 2.798676267067014e-11 Deltakk= 4.0429721135065544e-08
Ei= 1.2129481642019582e-19
VB= 9.726773639877525e-20 hw0= 3.376957957153179e-20 kBT= 4.07291455e-21
kavg= 4.000000165479788e-07
VB= 9.726773639877525e-20 hw0= 3.376957957153179e-20 kBT= 4.07291455e-21
VB= 9.726773639877525e-20 hw0= 3.376957957153179e-20 kBT= 4.07291455e-21
k0ToutAvg= 3.9999999999999993e-07
k0TlocAvg= 4.000000000114549e-07
ModeSe= 4.1341309771952544e-08 TempInd= 2.863738985327985e-11 Deltakk= 4.1369947161805824e-08
Ei= 1.240515167933821e-19
VB= 9.726773639877525e-20 hw0= 3.376957957153179e-20 kBT= 4.07291455e-21
kavg= 4.0000001692406926e-07
VB= 9.726773639877525e-20 hw0= 3.376957957153179e-20 kBT= 4.07291455e-21
VB= 9.726773639877525e-20 hw0= 3.376957957153179e-20 kBT= 4.07291455e-21
k0ToutAvg= 3.9999999999999993e-07
k0TlocAvg= 4.0000000001171524e-07
ModeSe= 4.228088503916132e-08 TempInd= 2.9288281733685576e-11 Deltakk= 4.2310173320895e-08
Ei= 1.2680821716656837e-19
VB= 9.726773639877525e-20 hw0= 3.376957957153179e-20 kBT= 4.07291455e-21
kavg= 4.000000173001597e-07
VB= 9.726773639877525e-20 hw0= 3.376957957153179e-20 kBT= 4.07291455e-21
VB= 9.726773639877525e-20 hw0= 3.376957957153179e-20 kBT= 4.07291455e-21
k0ToutAvg= 3.9999999999999993e-07
k0TlocAvg= 4.0000000001197555e-07
ModeSe= 4.322046043871899e-08 TempInd= 2.9939041265193294e-11 Deltakk= 4.325039947998418e-08
Ei= 1.2956491753975461e-19
VB= 9.726773639877525e-20 hw0= 3.376957957153179e-20 kBT= 4.07291455e-21
kavg= 4.000000176762501e-07
VB= 9.726773639877525e-20 hw0= 3.376957957153179e-20 kBT= 4.07291455e-21
VB= 9.726773639877525e-20 hw0= 3.376957957153179e-20 kBT= 4.07291455e-21
k0ToutAvg= 3.9999999999999993e-07
k0TlocAvg= 4.00000000012236e-07
ModeSe= 4.416003517653217e-08 TempInd= 3.059019784339504e-11 Deltakk= 4.4190625374375564e-08
Ei= 1.323216179129409e-19
VB= 9.726773639877525e-20 hw0= 3.376957957153179e-20 kBT= 4.07291455e-21
kavg= 4.0000001805234054e-07
VB= 9.726773639877525e-20 hw0= 3.376957957153179e-20 kBT= 4.07291455e-21
VB= 9.726773639877525e-20 hw0= 3.376957957153179e-20 kBT= 4.07291455e-21
k0ToutAvg= 3.9999999999999993e-07
k0TlocAvg= 4.0000000001249626e-07
ModeSe= 4.509961070843874e-08 TempInd= 3.124082502600475e-11 Deltakk= 4.513085153346474e-08
Ei= 1.3507831828612716e-19
VB= 9.726773639877525e-20 hw0= 3.376957957153179e-20 kBT= 4.07291455e-21
kavg= 4.00000018428431e-07
VB= 9.726773639877525e-20 hw0= 3.376957957153179e-20 kBT= 4.07291455e-21
VB= 9.726773639877525e-20 hw0= 3.376957957153179e-20 kBT= 4.07291455e-21
k0ToutAvg= 3.9999999999999993e-07
k0TlocAvg= 4.0000000001275667e-07
ModeSe= 4.603918584329861e-08 TempInd= 3.189184925530848e-11 Deltakk= 4.607107769255392e-08
